
ROM used:   39298 (60%)
            39298 (60%) including unused fragments

            6 Average locations per line
            15 Average locations per statement

RAM used:   2706 (72%) at main() level
            2801 (74%) worst case

Stack used: 9/31 worst case (4 in main + 5 for interrupts)

Lines Stmts  %   Files
----- ----- ---  -----
 1181   781  30  main.c
   39     0   0  main.h
  524     0   0  C:\Program Files (x86)\PICC\devices\18F26j11.h
 1351   359  14  C:\Program Files (x86)\PICC\drivers\stdlib.h
   32     0   0  C:\Program Files (x86)\PICC\drivers\stddef.h
  423   125   5  C:\Program Files (x86)\PICC\drivers\string.h
   28     0   0  C:\Program Files (x86)\PICC\drivers\ctype.h
   95    30   1  24512.C
  242    72   3  eeprom.c
  423     0   0  C:\Program Files (x86)\PICC\drivers\STRING.H
  137    53   2  ds1307.C
  422   230   9  scan_key.c
   92    45   2  uart_tool.c
  548   302  12  GSM.c
  614   308  12  mcr.c
  399   290  11  mode.c
----- -----
 6550  2595 Total

Page ROM  %  RAM   Vol Diff  Functions:
---- --- --- ---   --- ----  ----------
0     40   0   1             @delay_ms1
0     36   0   1             @delay_us1
0      8   0   0             @PUTCHARI_BIU_1
0     70   0   1             @PUTCHAR_2_
0    150   0   7   343  8.6  strncmp
0     58   0   5   129  4.6  strlen
0     80   0   2             @MUL88
0    420   1   9  1815 10.5  atoi
0    460   1  27  1075 11.2  itoa
0     94   0  14             @MUL3232
0    234   0  14             @DIVS3232
0     34   0   5             @MUL1616
0    106   0   3             @I2C_READ_1
0    118   0   1             @I2C_WRITE_1
0     10   0   0    48  1.1  init_ext_eeprom
0    262   0   7   331  4.0  write_ext_eeprom
0    168   0   5   216  2.9  read_ext_eeprom
0    134   0  12   299  4.4  I2CEEPROM_read
0     34   0   6   144  5.0  del_buf
0     82   0   7   220  6.0  EEPROM_write
0     90   0   8   220  6.0  EEPROM_read
0    318   0  25   578  5.9  get_ptrcard
0    126   0  15   685  4.8  save_ptrcard
0     58   0   7   333  4.7  save_coutcard
0     80   0  10   290  5.6  get_countcard
0    288   0   2   417  4.3  format_eepromext
0    184   0   2   254  4.1  ease_eeprom
0    110   0   2   333  3.6  init_password
0     26   0   0             @MEMSET
0     22   0   0             @const432
0     52   0  23   166  4.0  reset_password
0     54   0  23   180  2.8  reset_2nd_number
0    152   0   2   172  2.4  read_DS1307
0    174   0   2   190  1.9  write_DS1307
0    278   0   1   240  2.3  rtc_init
0     62   0   4   171  5.3  get_bcd
0     44   0   3             @DIV88
0     50   0   3   166  4.3  rm_bcd
0    170   0   7   429  2.2  rtc_set_datetime
 Inline        5   238  3.1  rtc_get_date
 Inline        4   170  3.0  rtc_get_time
0     36   0   0             @const489
0     40   0   0             @const493
0    442   1   4  2505  9.8  kbd_getc
0     36   0   0             @goto11617
0    232   0   2   762  4.9  read_col
0     38   0   0             @goto11701
0   1580   2  23  2916  7.4  check_col
0    148   0  13             @DIV3232
0     14   0   0             @const536
0     42   0   3             @PSTRINGCN_81
0    192   0  12             @PRINTF_L32U_81
0     14   0   0             @const541
0     14   0   0             @const542
0     14   0   0             @const543
0     14   0   0             @const544
0   2032   3  27  3813  7.4  new_check_col
0     14   0   0             @const555
0     14   0   0             @const556
0     14   0   0             @const557
0     14   0   0             @const558
0     14   0   0             @const559
0     14   0   0             @const560
0    416   1   7  1773  7.6  kbd_getc_slv
0     18   0   0             @const570
0    196   0   6             @PRINTF_D_81
0    336   0   5   751  7.1  save_key_new
0     10   0   0             @const578
0     32   0   2             @PSTRINGC_81
0      4   0   0             @const585
0    152   0   9   331  6.3  stringcomp
0      6   0   0             @const632
0     34   0   2             @PSTRINGC_9600_31766_31767
0     12   0   0             @const634
0      6   0   0             @const650
0      6   0   0             @const651
0      6   0   0             @const652
0      6   0   0             @const653
0      6   0   0             @const654
0     12   0   0             @const657
0    104   0  13   249  5.5  pre_msg
0     12   0   0             @const674
0     12   0   0             @const675
0     12   0   0             @const676
0     12   0   0             @const677
0     12   0   0             @const678
0     12   0   0             @const679
0     12   0   0             @const680
0     12   0   0             @const681
0     10   0   0             @const691
0     12   0   0             @const695
0     12   0   0             @const696
0     22   0   0             @const698
0   1738   2   3  5875  7.9  SMS_coming
0     16   0   0             @const704
0    190   0   9             @PRINTF_LU_81
0     16   0   0             @const707
0     14   0   0             @const708
0     44   0   0             @const709
0     14   0   0             @const710
0     22   0   0             @const711
0     10   0   0             @const712
0     20   0   0             @const713
0     28   0   0             @const714
0     28   0   0             @const715
0    676   1  14  2711  9.0  analyzing_msg
0     28   0   4   120  4.5  ascii2int
0    104   0   2   455  3.3  updatetime2ds1307
0    102   0  10   354  4.8  makebyte
0    432   1  17   820  7.5  check_lrc_T1
0    320   0  13   643  7.5  check_lrc_T2
0   3074   4  34  8021 11.6  detect_pos_st
0   1000   1  30  2391  8.1  con_data_track
0    148   0   3   325  4.1  debug_reader
0     22   0   0             @const795
0     22   0   0             @const797
0   1150   1   6  2730  8.6  saving_card
0     22   0   0             @const802
0      6   0   0             @const804
0     16   0   0             @const805
0     24   0   0             @const807
0    778   1  13  3107  9.2  mcr_read
0     20   0   0             @const818
0     20   0   0             @const819
0     22   0   0             @const820
0     22   0   0             @const821
0    130   0   1   418  4.1  read_card_T1
0     18   0   0             @const823
0     16   0   0             @const824
0     18   0   0             @const828
0     18   0   0             @const829
0    720   1   0   826  3.8  rstfact
0     18   0   0             @const838
0     34   0   0             @const839
0     36   0   0             @const840
0     16   0   0             @const841
0     18   0   0             @const842
0     16   0   0             @const843
0     16   0   0             @const844
0    248   0   9             @PRINTF_LD_81
0     18   0   0             @const860
0     18   0   0             @const861
0     16   0   0             @const862
0     14   0   0             @const865
0      8   0   0             @const866
0     14   0   0             @const868
0      8   0   0             @const869
0     22   0   0             @const871
0      8   0   0             @const872
0     20   0   0             @const874
0     24   0   0             @const875
0     16   0   0             @const876
0      8   0   0             @const878
0     18   0   0             @const880
0      6   0   0             @const881
0      4   0   0             @const883
0      4   0   0             @const884
0     22   0   0             @const886
0     20   0   0             @const887
0      6   0   0             @const894
0      8   0   0             @const895
0      6   0   0             @const896
0      6   0   0             @const897
0      6   0   0             @const898
0     10   0   0             @const899
0     10   0   0             @const900
0     32   0   0             @const903
0     32   0   0             @const905
0     30   0   0             @const909
0     30   0   0             @const911
0     14   0   0             @const915
0     38   0   0             @const919
0     38   0   0             @const921
0     34   0   0             @const925
0     10   0   0             @const926
0     32   0   0             @const931
0     32   0   0             @const933
0     12   0   0             @const937
0     18   0   0             @const938
0     18   0   0             @const939
0     32   0   0             @const940
0     28   0   0             @const941
0     14   0   0             @const942
0     12   0   0             @const943
0     44   0   0             @const944
0     34   0   0             @const945
0     36   0   0             @const946
0     40   0   0             @const947
0     28   0   0             @const948
0     38   0   0             @const949
0     26   0   0             @const950
0     48   0   0             @const951
0     40   0   0             @const952
0     26   0   0             @const953
0     14   0   0             @const954
0      8   0   0             @const955
0     10   0   0             @const956
0      8   0   0             @const957
0      8   0   0             @const958
0      6   0   0             @const959
0     32   0   0             @const961
0     32   0   0             @const963
0    182   0   3   785  5.2  RDA_isr
0      6   0   0             @const968
0     22   0   0             @const969
0     16   0   0    42  1.4  timer1
0    564   1   5  1731  6.9  timer0
0     16   0   0             @const974
0     16   0   0             @const975
0     50   0   0             @const976
0     16   0   0             @const977
0     28   0   0             @const978
0  11592  15 192 42990 15.5  MAIN
0     16   0   0             @const997
0      6   0   0             @const998
0     12   0   0             @const999
0     24   0   0             @const1000
0     12   0   0             @const1001
0     12   0   0             @const1002
0     12   0   0             @const1003
0     12   0   0             @const1004
0     12   0   0             @const1005
0     20   0   0             @const1006
0     20   0   0             @const1007
0     26   0   0             @const1008
0     24   0   0             @const1009
0     24   0   0             @const1010
0     26   0   0             @const1011
0     24   0   0             @const1012
0     12   0   0             @const1013
0     18   0   0             @const1014
0     12   0   0             @const1015
0     16   0   0             @const1016
0     18   0   0             @const1017
0     46   0   0             @const1018
0     30   0   0             @const1019
0     26   0   0             @const1020
0      8   0   0             @const1022
0     10   0   0             @const1024
0     22   0   0             @const1026
0     24   0   0             @const1027
0      8   0   0             @const1029
0     34   0   0             @const1030
0     24   0   0             @const1031
0     36   0   0             @const1032
0     24   0   0             @const1035
0      4   0   0             @const1038
0     18   0   0             @const1039
0     32   0   0             @const1040
0     32   0   0             @const1041
0     26   0   0             @const1042
0      8   0   0             @const1044
0     10   0   0             @const1046
0     34   0   0             @const1048
0     22   0   0             @const1049
0     36   0   0             @const1050
0     24   0   0             @const1053
0      4   0   0             @const1056
0     18   0   0             @const1057
0     42   0   0             @const1059
0     24   0   0             @const1061
0     10   0   0             @const1063
0     26   0   0             @const1065
0     20   0   0             @const1066
0     22   0   0             @const1067
0      8   0   0             @const1068
0     20   0   0             @const1070
0     22   0   0             @const1071
0      8   0   0             @const1072
0     42   0   0             @const1074
0     30   0   0             @const1075
0     24   0   0             @const1076
0     24   0   0             @const1078
0      8   0   0             @const1080
0     26   0   0             @const1082
0      8   0   0             @const1084
0     30   0   0             @const1086
0     16   0   0             @const1088
0     26   0   0             @const1090
0     26   0   0             @const1091
0     26   0   0             @const1093
0     26   0   0             @const1094
0     26   0   0             @const1096
0     18   0   0             @const1097
0     30   0   0             @const1099
0     28   0   0             @const1101
0     24   0   0             @const1103
0      8   0   0             @const1104
0     26   0   0             @const1107
0      8   0   0             @const1108
0     30   0   0             @const1110
0     22   0   0             @const1112
0     14   0   0             @const1113
0      8   0   0             @const1114
0     24   0   0             @const1115
0     14   0   0             @const1116
0      8   0   0             @const1117
0     26   0   0             @const1119
0     28   0   0             @const1120
0     30   0   0             @const1121
0     30   0   0             @const1122
0     30   0   0             @const1123
0     16   0   0             @const1124
0     26   0   0             @const1125
0     30   0   0             @const1126
0     34   0   0             @const1128
0     16   0   0             @const1130
0     12   0   0             @const1131
0     26   0   0             @const1132
0     26   0   0             @const1133
0     22   0   0             @const1134
0     16   0   0             @const1135
0     18   0   0             @const1136
0     12   0   0             @const1137
0     10   0   0             @const1138
0     32   0   0             @const1140
0     36   0   0             @const1141
0     34   0   0             @const1142
0      8   0   0             @const1143
0     12   0   0             @const1144
0     18   0   0             @const1145
0     22   0   0             @const1146
0      6   0   0             @const1147
0     22   0   0             @const1148
0     10   0   0             @const1149
0     14   0   0             @const1150
0     12   0   0             @const1151
0     16   0   0             @const1152
0     68   0   0             @goto14771
 Inline        0             @cinit1

Program metrics:
    Functions               54
    Statements              2595
    Comments                1641
    Volume (V)              147727
    Difficulty (D)          294.8
    Effort to implement (E) 43545022
    Time to implement (T)   671 hours, 59 minutes
    Est Delivered Bugs (B)  41
    Cyclomatic Complexity   290
    Maintainability (MI)    105

 Segment     Used  Free
-----------  ----  ----
00000-00002     4  0  
00004-00006     0  4  
00008-000D0   202  0  
000D2-0FFF6  39092  26226  



