Removed Member From Class: ClassName=Aptomat_power_supply Member=C9
Removed Member From Class: ClassName=Aptomat_power_supply Member=COINP1
Removed Member From Class: ClassName=Aptomat_power_supply Member=COINP2
Removed Member From Class: ClassName=Aptomat_power_supply Member=R38
Added Component: Designator=C6(0805_HV)
Added Component: Designator=C7(0805_HV)
Added Component: Designator=R11(0805_HV)
Added Component: Designator=R12(0805_HV)
Added Pin To Net: NetName=GND Pin=C6-1
Added Pin To Net: NetName=VREF Pin=C6-2
Added Pin To Net: NetName=GND Pin=C7-1
Added Pin To Net: NetName=3.3V Pin=C7-2
Added Pin To Net: NetName=3.3V Pin=R11-1
Added Pin To Net: NetName=VREF Pin=R11-2
Added Pin To Net: NetName=VREF Pin=R12-1
Added Pin To Net: NetName=GND Pin=R12-2
Added Member To Class: ClassName=Aptomat_power_supply Member=Component C6 104
Added Member To Class: ClassName=Aptomat_power_supply Member=Component C7 104
Added Member To Class: ClassName=Aptomat_power_supply Member=Component R11 2K
Added Member To Class: ClassName=Aptomat_power_supply Member=Component R12 2K
Added Room: Name=Aptomat_power_supply
