
ROM used:   31250 (48%)
            31250 (48%) including unused fragments

            6 Average locations per line
            20 Average locations per statement

RAM used:   1978 (52%) at main() level
            2145 (57%) worst case

Stack used: 10/31 worst case (5 in main + 5 for interrupts)

Lines Stmts  %   Files
----- ----- ---  -----
  236   126   8  main.c
   41     0   0  main.h
  524     0   0  C:\Program Files (x86)\PICC\devices\18F26j11.h
 1351   359  23  C:\Program Files (x86)\PICC\drivers\stdlib.h
   32     0   0  C:\Program Files (x86)\PICC\drivers\stddef.h
  423   125   8  C:\Program Files (x86)\PICC\drivers\string.h
   28     0   0  C:\Program Files (x86)\PICC\drivers\ctype.h
  115    35   2  24512.C
  169    67   4  eeprom.c
  423     0   0  C:\Program Files (x86)\PICC\drivers\STRING.H
  442   245  15  scan_key.c
  263   110   7  TI_aes_128.c
   92    45   3  uart_tool.c
  578   270  17  mcr.c
  326   213  13  mode.c
----- -----
 5043  1595 Total

Page ROM  %  RAM   Vol Diff  Functions:
---- --- --- ---   --- ----  ----------
0     40   0   1             @delay_ms1
0     38   0   1             @delay_us1
0     70   0   1             @PUTCHAR_1_
0     78   0   1             @GETCH_1_
0     34   0   5             @MUL1616
0    106   0   3             @I2C_READ_1
0    118   0   1             @I2C_WRITE_1
0     10   0   0    48  1.1  init_ext_eeprom
0    254   0  12   424  5.4  write_ext_eeprom
0    204   0  11   343  4.8  read_ext_eeprom
0    118   0  12   293  4.9  I2CEEPROM_read
0     34   0   6   144  5.0  del_buf
0    156   0  19   239  6.5  EEPROM_write
0    166   0  20   220  6.0  EEPROM_read
0    342   1  25   578  5.9  get_ptrcard
0    142   0  15   685  4.8  save_ptrcard
0     66   0   7   333  4.7  save_coutcard
0     88   0  10   290  5.6  get_countcard
0    358   1   4   417  4.3  format_eepromext
0    132   0   4   140  2.6  ease_eeprom
0    144   0   2   333  3.6  init_password
0     26   0   0             @MEMSET
0     22   0   0             @const432
0     66   0  23   168  3.8  reset_password
0    272   0   0             @const439
0    272   0   0             @const442
0     26   0   0             @const445
0     98   0   6   178  4.5  galois_mul2
0   3188   5  15  8868 11.9  aes_enc_dec
0     36   0   0             @const461
0     40   0   0             @const465
0    438   1   4  2490 10.3  kbd_getc
0     36   0   0             @goto11644
0    232   0   2   762  4.9  read_col
0     38   0   0             @goto11728
0   1580   3  23  2916  7.4  check_col
0    148   0  13             @DIV3232
0     14   0   0             @const505
0     40   0   3             @PSTRINGCN_78
0    192   0  12             @PRINTF_L32U_78
0     14   0   0             @const510
0     14   0   0             @const511
0     14   0   0             @const512
0     14   0   0             @const513
0   2032   3  27  3813  7.4  new_check_col
0     14   0   0             @const524
0     14   0   0             @const525
0     14   0   0             @const526
0     14   0   0             @const527
0     14   0   0             @const528
0     14   0   0             @const529
0    396   1   7  1776  8.1  kbd_getc_slv
0     18   0   0             @const539
0     44   0   3             @DIV88
0    188   0   6             @PRINTF_D_78
0    384   1   7   837  8.1  save_key_new
0     10   0   0             @const550
0     32   0   2             @PSTRINGC_78
0    596   1  24  1610  8.8  save_key_encrypt
0     98   0   2             @PRINTF_X_78
0     10   0   0             @const563
0    312   0  11  1198 14.2  USART_getstring
0    152   0   9   331  6.3  stringcomp
0     78   0   6   331  9.4  strtoi
0    102   0  10   354  4.8  makebyte
0    432   1  17   820  7.5  check_lrc_T1
0    320   1  13   643  7.5  check_lrc_T2
0   3074   5  34  8021 11.6  detect_pos_st
0   1000   2  30  2391  8.1  con_data_track
0    144   0   3   325  4.1  debug_reader
0     22   0   0             @const654
0     22   0   0             @const656
0    990   2   6  2325  8.6  saving_card
0     22   0   0             @const661
0      6   0   0             @const663
0     24   0   0             @const665
0    766   1  13  3107  9.2  mcr_read
0     20   0   0             @const676
0    188   0   9             @PRINTF_LU_78
0     20   0   0             @const679
0     22   0   0             @const680
0     22   0   0             @const681
0     60   0   1   124  2.3  read_card_T1
0    106   0   0    80  2.0  rstfact
0   4994   8  56 11877 12.0  adminmode
0     50   0   2             @PSTRINGR_78
0     18   0   0             @const698
0    246   0   9             @PRINTF_LD_78
0    282   0   6             @PRINTF_D0_78
0     18   0   0             @const706
0     18   0   0             @const707
0     16   0   0             @const708
0     18   0   0             @const710
0     14   0   0             @const711
0      8   0   0             @const712
0     22   0   0             @const713
0     14   0   0             @const714
0      8   0   0             @const715
0     22   0   0             @const716
0     22   0   0             @const717
0      8   0   0             @const718
0     22   0   0             @const719
0     20   0   0             @const720
0     24   0   0             @const721
0     16   0   0             @const722
0     18   0   0             @const723
0      8   0   0             @const724
0     18   0   0             @const725
0     18   0   0             @const726
0      6   0   0             @const727
0     18   0   0             @const728
0      4   0   0             @const729
0      4   0   0             @const730
0    198   0   2             @PRINTF_U_78
0     20   0   0             @const737
0      6   0   0             @const738
0      8   0   0             @const739
0      6   0   0             @const740
0      6   0   0             @const741
0      6   0   0             @const742
0     10   0   0             @const743
0     10   0   0             @const744
0     20   0   0             @const746
0     32   0   0             @const747
0     32   0   0             @const749
0     26   0   0             @const752
0     14   0   0             @const753
0     22   0   0             @const756
0     38   0   0             @const757
0     38   0   0             @const759
0     18   0   0             @const762
0     12   0   0             @const763
0     18   0   0             @const764
0     18   0   0             @const765
0     32   0   0             @const766
0     28   0   0             @const767
0     14   0   0             @const768
0     12   0   0             @const769
0     40   0   0             @const770
0     28   0   0             @const771
0     38   0   0             @const772
0     26   0   0             @const773
0     26   0   0             @const774
0     14   0   0             @const775
0      8   0   0             @const776
0     10   0   0             @const777
0      8   0   0             @const778
0      8   0   0             @const779
0      6   0   0             @const780
0     22   0   0             @const781
0     32   0   0             @const782
0     32   0   0             @const784
0    458   1   3  1236  6.9  timer0
0     16   0   0             @const790
0     16   0   0             @const791
0     28   0   0             @const792
0   2080   3 190  4819 10.2  MAIN
0     10   0   0             @const812
0     24   0   0             @const813
0     20   0   0             @const814
0     20   0   0             @const815
0     26   0   0             @const816
0     24   0   0             @const817
0     24   0   0             @const818
0     26   0   0             @const819
0     16   0   0             @const822
0     16   0   0             @const825
0     16   0   0             @const828
0     16   0   0             @const831
0     10   0   0             @const833
0      6   0   0             @const834
0      6   0   0             @const835
 Inline        0             @cinit1

Program metrics:
    Functions               40
    Statements              1595
    Comments                1429
    Volume (V)              104669
    Difficulty (D)          259.0
    Effort to implement (E) 27105824
    Time to implement (T)   418 hours, 18 minutes
    Est Delivered Bugs (B)  30
    Cyclomatic Complexity   188
    Maintainability (MI)    78

 Segment     Used  Free
-----------  ----  ----
00000-00002     4  0  
00004-00006     0  4  
00008-000B8   178  0  
000BA-0FFF6  31068  34274  



