[debug] [2018-07-08T09:58:25.878Z] ----------------------------------------------------------------------
[debug] [2018-07-08T09:58:25.878Z] Command:       C:\Program Files\nodejs\node.exe C:\Users\dell\AppData\Roaming\npm\node_modules\firebase-tools\bin\firebase serve --only hosting
[debug] [2018-07-08T09:58:25.878Z] CLI Version:   3.19.3
[debug] [2018-07-08T09:58:25.878Z] Platform:      win32
[debug] [2018-07-08T09:58:25.878Z] Node Version:  v8.11.3
[debug] [2018-07-08T09:58:25.878Z] Time:          Sun Jul 08 2018 16:58:25 GMT+0700 (SE Asia Standard Time)
[debug] [2018-07-08T09:58:25.878Z] ----------------------------------------------------------------------
[debug] 
[debug] [2018-07-08T09:58:25.888Z] > command requires scopes: ["email","openid","https://www.googleapis.com/auth/cloudplatformprojects.readonly","https://www.googleapis.com/auth/firebase","https://www.googleapis.com/auth/cloud-platform"]
[debug] [2018-07-08T09:58:25.888Z] > authorizing via signed-in user
[debug] [2018-07-08T09:58:25.888Z] >>> HTTP REQUEST GET https://admin.firebase.com/v1/projects/webapp1-testing  
  
 Sun Jul 08 2018 16:58:25 GMT+0700 (SE Asia Standard Time)
[debug] [2018-07-08T09:58:26.938Z] <<< HTTP RESPONSE 200
[debug] [2018-07-08T09:58:26.938Z] >>> HTTP REQUEST GET https://admin.firebase.com/v1/database/webapp1-testing/tokens  
  
 Sun Jul 08 2018 16:58:26 GMT+0700 (SE Asia Standard Time)
[debug] [2018-07-08T09:58:28.288Z] <<< HTTP RESPONSE 200
[debug] [2018-07-08T09:58:28.288Z] >>> HTTP REQUEST GET https://cloudresourcemanager.googleapis.com/v1/projects/webapp1-testing  
  
 Sun Jul 08 2018 16:58:28 GMT+0700 (SE Asia Standard Time)
[debug] [2018-07-08T09:58:29.558Z] <<< HTTP RESPONSE 200
[info] 
[info] === Serving from 'D:\web-start'...
[info] 
[debug] [2018-07-08T09:58:29.568Z] >>> HTTP REQUEST GET https://mobilesdk-pa.googleapis.com/v1/projects/517740046566/clients/_:getWebAppConfig  
  
 Sun Jul 08 2018 16:58:29 GMT+0700 (SE Asia Standard Time)
[debug] [2018-07-08T09:58:30.310Z] <<< HTTP RESPONSE 200
[info] i  hosting: Serving hosting files from: ./
[info] +  hosting: Local server: http://localhost:5000

[debug] [2018-07-08T14:38:07.095Z] ----------------------------------------------------------------------
[debug] [2018-07-08T14:38:07.098Z] Command:       C:\Program Files\nodejs\node.exe C:\Users\dell\AppData\Roaming\npm\node_modules\firebase-tools\bin\firebase serve --only hosting
[debug] [2018-07-08T14:38:07.098Z] CLI Version:   3.19.3
[debug] [2018-07-08T14:38:07.098Z] Platform:      win32
[debug] [2018-07-08T14:38:07.098Z] Node Version:  v8.11.3
[debug] [2018-07-08T14:38:07.098Z] Time:          Sun Jul 08 2018 21:38:07 GMT+0700 (SE Asia Standard Time)
[debug] [2018-07-08T14:38:07.098Z] ----------------------------------------------------------------------
[debug] 
[debug] [2018-07-08T14:38:07.107Z] > command requires scopes: ["email","openid","https://www.googleapis.com/auth/cloudplatformprojects.readonly","https://www.googleapis.com/auth/firebase","https://www.googleapis.com/auth/cloud-platform"]
[debug] [2018-07-08T14:38:07.108Z] > authorizing via signed-in user
[debug] [2018-07-08T14:38:07.109Z] > refreshing access token with scopes: ["email","https://www.googleapis.com/auth/cloud-platform","https://www.googleapis.com/auth/cloudplatformprojects.readonly","https://www.googleapis.com/auth/firebase","openid"]
[debug] [2018-07-08T14:38:07.110Z] >>> HTTP REQUEST POST https://www.googleapis.com/oauth2/v3/token  
 { refresh_token: '1/nqX64mf2R7TrRFrvePwiIzJ8w_P8N554Z8362OApdRdCqdIfZ9HaauJZ75st5nlW',
  client_id: '563584335869-fgrhgmd47bqnekij5i8b5pr03ho849e6.apps.googleusercontent.com',
  client_secret: 'j9iVZfS8kkCEFUPaAeJV0sAi',
  grant_type: 'refresh_token',
  scope: 'email https://www.googleapis.com/auth/cloud-platform https://www.googleapis.com/auth/cloudplatformprojects.readonly https://www.googleapis.com/auth/firebase openid' } 
 Sun Jul 08 2018 21:38:07 GMT+0700 (SE Asia Standard Time)
[debug] [2018-07-08T14:38:07.390Z] <<< HTTP RESPONSE 200
[debug] [2018-07-08T14:38:07.396Z] >>> HTTP REQUEST GET https://admin.firebase.com/v1/projects/webapp1-testing  
  
 Sun Jul 08 2018 21:38:07 GMT+0700 (SE Asia Standard Time)
[debug] [2018-07-08T14:38:08.473Z] <<< HTTP RESPONSE 200
[debug] [2018-07-08T14:38:08.474Z] >>> HTTP REQUEST GET https://admin.firebase.com/v1/database/webapp1-testing/tokens  
  
 Sun Jul 08 2018 21:38:08 GMT+0700 (SE Asia Standard Time)
[debug] [2018-07-08T14:38:09.506Z] <<< HTTP RESPONSE 200
[debug] [2018-07-08T14:38:09.506Z] >>> HTTP REQUEST GET https://cloudresourcemanager.googleapis.com/v1/projects/webapp1-testing  
  
 Sun Jul 08 2018 21:38:09 GMT+0700 (SE Asia Standard Time)
[debug] [2018-07-08T14:38:10.706Z] <<< HTTP RESPONSE 200
[info] 
[info] === Serving from 'D:\web-start'...
[info] 
[debug] [2018-07-08T14:38:10.716Z] >>> HTTP REQUEST GET https://mobilesdk-pa.googleapis.com/v1/projects/517740046566/clients/_:getWebAppConfig  
  
 Sun Jul 08 2018 21:38:10 GMT+0700 (SE Asia Standard Time)
[debug] [2018-07-08T14:38:11.489Z] <<< HTTP RESPONSE 200
[info] i  hosting: Serving hosting files from: ./
[info] +  hosting: Local server: http://localhost:5000

