
ROM used:   5188 (8%)
            5188 (8%) including unused fragments

            2 Average locations per line
            5 Average locations per statement

RAM used:   58 (2%) at main() level
            87 (2%) worst case

Stack used: 5/31 worst case (3 in main + 2 for interrupts)

Lines Stmts  %   Files
----- ----- ---  -----
  208   126  13  main.c
   35     0   0  main.h
  524     0   0  C:\Program Files (x86)\PICC\devices\18F26j11.h
 1351   359  36  C:\Program Files (x86)\PICC\drivers\stdlib.h
   32     0   0  C:\Program Files (x86)\PICC\drivers\stddef.h
  423   125  13  C:\Program Files (x86)\PICC\drivers\string.h
   28     0   0  C:\Program Files (x86)\PICC\drivers\ctype.h
   94    30   3  24512.C
  137    53   5  ds1307.C
  365   306  31  LED7SG.c
----- -----
 3197   999 Total

Page ROM  %  RAM   Vol Diff  Functions:
---- --- --- ---   --- ----  ----------
0     38   0   1             @delay_ms1
0     30   0   1             @delay_us1
0    244   2  11             @MULFF
0     56   1   2             @ITOF
0    348   3  14             @DIVFF
0     66   1   5             @DIV1616
0     32   0   5             @MUL1616
0    102   1   3             @I2C_READ_1
0    108   1   1             @I2C_WRITE_1
0     10   0   0    48  1.1  init_ext_eeprom
0    256   2   6   331  4.0  write_ext_eeprom
0    154   1   5   216  2.9  read_ext_eeprom
0    140   1   2   172  2.4  read_DS1307
0    134   1   2   190  1.9  write_DS1307
0    156   2   1   240  2.3  rtc_init
0     42   0   4   171  5.3  get_bcd
0     40   0   3   685  4.8  @DIV88
0     46   0   3   166  4.3  rm_bcd
0    136   1   7   429  2.2  rtc_set_datetime
 Inline        4   170  3.0  rtc_get_time
0     50   0   0   243  1.4  offled
0    454   4   2  3765  5.5  dis_number
0     46   0   0  1105  3.5  @goto11507
0    320   3   6  1091  3.5  dis_vol
0    350   3   6  1733  4.6  dis_time
0    422   4   3  2833  3.5  dis_autolight
0     16   0   0    42  1.4  timer1
0    314   3   4  1143  6.2  timer0
0     58   1   4  3494  9.6  @SFTOI
0    804   8  11  3525  9.9  MAIN
0     34   0   0    59  1.6  @goto11713
 Inline        0  3765  5.5  @cinit1

Program metrics:
    Functions               23
    Statements              999
    Comments                1044
    Volume (V)              39503
    Difficulty (D)          90.7
    Effort to implement (E) 3584655
    Time to implement (T)   55 hours, 19 minutes
    Est Delivered Bugs (B)  8
    Cyclomatic Complexity   97
    Maintainability (MI)    28

 Segment     Used  Free
-----------  ----  ----
00000-00002     4  0  
00004-00006     0  4  
00008-000B8   178  0  
000BA-0FFF6  5006  60336  



