Change Component Designator: Old Designator=C1 New Designator=C43
Change Component Designator: Old Designator=C2 New Designator=C47
Change Component Designator: Old Designator=C3 New Designator=C44
Change Component Designator: Old Designator=C4 New Designator=C40
Change Component Designator: Old Designator=C5 New Designator=C45
Change Component Designator: Old Designator=C6 New Designator=C46
Change Component Designator: Old Designator=C7 New Designator=C42
Change Component Designator: Old Designator=C8 New Designator=C41
Change Component Designator: Old Designator=D1 New Designator=D18
Change Component Designator: Old Designator=L1 New Designator=L2
Change Component Designator: Old Designator=L2 New Designator=L1
Change Component Designator: Old Designator=M1 New Designator=M2
Change Component Designator: Old Designator=M2 New Designator=M4
Change Component Designator: Old Designator=M3 New Designator=M6
Change Component Designator: Old Designator=M4 New Designator=M8
Change Component Designator: Old Designator=M5 New Designator=M10
Change Component Designator: Old Designator=M6 New Designator=M12
Change Component Designator: Old Designator=M7 New Designator=M3
Change Component Designator: Old Designator=M8 New Designator=M5
Change Component Designator: Old Designator=M9 New Designator=M7
Change Component Designator: Old Designator=M10 New Designator=M9
Change Component Designator: Old Designator=M12 New Designator=M13
Change Component Designator: Old Designator=P1 New Designator=P3
Change Component Designator: Old Designator=P3 New Designator=P1
Change Component Designator: Old Designator=R1 New Designator=R41
Change Component Designator: Old Designator=R2 New Designator=R42
Change Component Designator: Old Designator=RB1 New Designator=RB2
Change Component Designator: Old Designator=RB2 New Designator=RB1
Change Component Designator: Old Designator=U2 New Designator=U9
Change Component Designator: Old Designator=U3 New Designator=U8
Change Component Designator: Old Designator=U4 New Designator=U7
