Removed Pin From Net: NetName=IGND Pin=C3-1
Removed Pin From Net: NetName=GND_MO Pin=C3-2
Removed Pin From Net: NetName=OP_5V Pin=C4-1
Removed Pin From Net: NetName=GND_MO Pin=C4-2
Removed Pin From Net: NetName=NetC31_1 Pin=C11-1
Removed Pin From Net: NetName=NetD6_1 Pin=D6-1
Removed Pin From Net: NetName=MA- Pin=D8-1
Removed Pin From Net: NetName=NetD6_1 Pin=D8-2
Removed Pin From Net: NetName=NetD10_1 Pin=D10-1
Removed Pin From Net: NetName=GND_MO Pin=D14-1
Removed Pin From Net: NetName=NetD10_1 Pin=D14-2
Change Component DesignItemId : Designator=D6 Old DesignItemId=Diode 1N4148 DO35 450mA 100V ( 1N4148 DIP)_MH New DesignItemId=MMDL914-TP
Change Component DesignItemId : Designator=D10 Old DesignItemId=Diode 1N4148 DO35 450mA 100V ( 1N4148 DIP)_MH New DesignItemId=MMDL914-TP
Change Component DesignItemId : Designator=D8 Old DesignItemId=Diode Zener New DesignItemId=MMDL914-TP
Change Component DesignItemId : Designator=D14 Old DesignItemId=Diode Zener New DesignItemId=MMDL914-TP
Change Component Footprint: Designator=D6 Old Footprint=Diode Zener 1N5363B 5W 30V New Footprint=SOD-323
Change Component Footprint: Designator=D10 Old Footprint=Diode Zener 1N5363B 5W 30V New Footprint=SOD-323
Change Component Footprint: Designator=D8 Old Footprint=DO-35 New Footprint=SOD-323
Change Component Footprint: Designator=D14 Old Footprint=DO-35 New Footprint=SOD-323
Change Component Comment : Designator=D8 Old Comment= New Comment=15V
Change Component Comment : Designator=D14 Old Comment= New Comment=15V
Change Component Comment : Designator=D6 Old Comment=4148 New Comment=BAT54HT1G
Change Component Comment : Designator=D10 Old Comment=4148 New Comment=BAT54HT1G
Added Component: Designator=C24(0805_HV)
Added Component: Designator=C31(0805_HV)
Added Component: Designator=C34(1210)
Added Pin To Net: NetName=GND_MO Pin=C3-1
Added Pin To Net: NetName=DRV_12V Pin=C3-2
Added Pin To Net: NetName=GND_MO Pin=C4-1
Added Pin To Net: NetName=DRV_12V Pin=C4-2
Added Pin To Net: NetName=VIN Pin=C11-1
Added Pin To Net: NetName=OP_5V Pin=C4-1
Added Pin To Net: NetName=GND_MO Pin=C4-2
Added Pin To Net: NetName=NetC31_1 Pin=C11-1
Added Pin To Net: NetName=GND_MO Pin=C11-2
Added Pin To Net: NetName=IGND Pin=C3-1
Added Pin To Net: NetName=GND_MO Pin=C3-2
Added Pin To Net: NetName=NetD6_1 Pin=D6-2
Added Pin To Net: NetName=NetD6_1 Pin=D8-1
Added Pin To Net: NetName=MA- Pin=D8-2
Added Pin To Net: NetName=NetD10_1 Pin=D10-2
Added Pin To Net: NetName=NetD10_1 Pin=D14-1
Added Pin To Net: NetName=GND_MO Pin=D14-2
Change Net Name : Old Net Name=NetD6_1 New Net Name=NetD6_2
Change Net Name : Old Net Name=NetD10_1 New Net Name=NetD10_2
Added Pin To Net: NetName=NetD6_1 Pin=D6-1
Added Pin To Net: NetName=NetD6_1 Pin=R4-2
Added Pin To Net: NetName=NetD6_1 Pin=U2-7
Added Net: Name=NetD6_1
Added Pin To Net: NetName=NetD10_1 Pin=D10-1
Added Pin To Net: NetName=NetD10_1 Pin=R8-2
Added Pin To Net: NetName=NetD10_1 Pin=U2-5
Added Net: Name=NetD10_1
Added Member To Class: ClassName=DCTODC_Multioutput Member=Component C24 C0805C225K4RACTU
Added Member To Class: ClassName=DCTODC_Multioutput Member=Component C31 C1608X5R1C105K
Added Member To Class: ClassName=DCTODC_Multioutput Member=Component C34 VJ1210A102JXGAT5Z
