Removed Pin From Net: NetName=DRV_12V Pin=C3-2
Removed Pin From Net: NetName=+12V Pin=C19-1
Removed Pin From Net: NetName=GND_MO Pin=C24-2
Removed Pin From Net: NetName=SW Pin=C27-1
Removed Pin From Net: NetName=NetC32_2 Pin=C27-2
Removed Pin From Net: NetName=NetC36_1 Pin=C31-1
Removed Pin From Net: NetName=GND_MO Pin=C31-2
Removed Pin From Net: NetName=IGND Pin=C34-1
Removed Pin From Net: NetName=SW Pin=R33-1
Removed Pin From Net: NetName=NetC31_1 Pin=R33-2
Removed Pin From Net: NetName=NetR36_1 Pin=R34-1
Removed Pin From Net: NetName=VIN Pin=R34-2
Removed Pin From Net: NetName=VIN Pin=U5-2
Removed Pin From Net: NetName=NetR36_1 Pin=U5-3
Removed Pin From Net: NetName=NetR37_2 Pin=U5-4
Removed Pin From Net: NetName=NetC33_2 Pin=U5-5
Removed Pin From Net: NetName=NetC36_1 Pin=U5-6
Removed Pin From Net: NetName=SW Pin=U5-8
Removed Pin From Net: NetName=GND_MO Pin=U5-9
Added Component: Designator=C5(TU_SMD_0805)
Added Component: Designator=C26(CP1/3.0)
Added Component: Designator=C29(0805_HV)
Added Component: Designator=C32(0805_HV)
Added Component: Designator=C36(0805_HV)
Added Component: Designator=C39(1210)
Added Component: Designator=NAP(Jump 4)
Added Component: Designator=R35(0805_HV)
Added Component: Designator=R36(0805_HV)
Added Component: Designator=U6(MRA08A_N)
Added Pin To Net: NetName=MA- Pin=C3-2
Added Pin To Net: NetName=GND_MO Pin=C3-1
Added Pin To Net: NetName=DRV_12V Pin=C3-2
Added Pin To Net: NetName=GND1 Pin=C19-1
Added Pin To Net: NetName=GND_MCU Pin=C24-2
Added Pin To Net: NetName=+12V Pin=C19-1
Added Pin To Net: NetName=GND_MCU Pin=C19-2
Added Pin To Net: NetName=12VP Pin=C27-1
Added Pin To Net: NetName=IGND Pin=C27-2
Added Pin To Net: NetName=OP_5V Pin=C24-1
Added Pin To Net: NetName=GND_MO Pin=C24-2
Added Pin To Net: NetName=NetC31_1 Pin=C31-1
Added Pin To Net: NetName=PRI_12V Pin=C31-2
Added Pin To Net: NetName=SW Pin=C27-1
Added Pin To Net: NetName=NetC32_2 Pin=C27-2
Added Pin To Net: NetName=PRI_12V Pin=C34-1
Added Pin To Net: NetName=NetC36_1 Pin=C31-1
Added Pin To Net: NetName=GND_MO Pin=C31-2
Added Pin To Net: NetName=IGND Pin=C34-1
Added Pin To Net: NetName=GND_MO Pin=C34-2
Added Pin To Net: NetName=GND1 Pin=NAP-2
Added Pin To Net: NetName=NRST Pin=NAP-4
Added Pin To Net: NetName=GND_MO Pin=R33-1
Added Pin To Net: NetName=OP_5V Pin=R33-2
Added Pin To Net: NetName=GND_MO Pin=R34-1
Added Pin To Net: NetName=SEC_12V Pin=R34-2
Added Pin To Net: NetName=SW Pin=R33-1
Added Pin To Net: NetName=NetC31_1 Pin=R33-2
Added Pin To Net: NetName=NetR36_1 Pin=R34-1
Added Pin To Net: NetName=VIN Pin=R34-2
Added Pin To Net: NetName=IA Pin=U5-8
Added Pin To Net: NetName=IB Pin=U5-9
Added Pin To Net: NetName=GND_MO Pin=U5-1
Added Pin To Net: NetName=VIN Pin=U5-2
Added Pin To Net: NetName=NetR36_1 Pin=U5-3
Added Pin To Net: NetName=NetR37_2 Pin=U5-4
Added Pin To Net: NetName=NetC33_2 Pin=U5-5
Added Pin To Net: NetName=NetC36_1 Pin=U5-6
Added Pin To Net: NetName=NetC32_2 Pin=U5-7
Added Pin To Net: NetName=SW Pin=U5-8
Added Pin To Net: NetName=GND_MO Pin=U5-9
Added Pin To Net: NetName=SWCLK Pin=NAP-1
Added Pin To Net: NetName=SWCLK Pin=U5-49
Added Net: Name=SWCLK
Added Pin To Net: NetName=SWDIO Pin=NAP-3
Added Pin To Net: NetName=SWDIO Pin=U5-46
Added Net: Name=SWDIO
