Removed Pin From Net: NetName=IGND Pin=C3-1
Removed Pin From Net: NetName=GND_MO Pin=C3-2
Removed Pin From Net: NetName=OP_5V Pin=C4-1
Removed Pin From Net: NetName=GND_MO Pin=C4-2
Removed Pin From Net: NetName=NetC31_1 Pin=C11-1
Removed Pin From Net: NetName=AH1 Pin=D7-1
Removed Pin From Net: NetName=NetD5_2 Pin=D7-2
Removed Pin From Net: NetName=GND_MO Pin=D13-1
Removed Pin From Net: NetName=NetD9_2 Pin=D13-2
Change Component DesignItemId : Designator=D7 Old DesignItemId=Diode Zener New DesignItemId=MMDL914-TP
Change Component DesignItemId : Designator=D13 Old DesignItemId=Diode Zener New DesignItemId=MMDL914-TP
Change Component Comment : Designator=D7 Old Comment= New Comment=15V
Change Component Comment : Designator=D13 Old Comment= New Comment=15V
Change Component Description : Designator=D7 Old Description= New Description=Diode, Switching, 100 V, 0.2 A, SOD-323
Change Component Description : Designator=D13 Old Description= New Description=Diode, Switching, 100 V, 0.2 A, SOD-323
Change Component Library : Designator=D7 Old Library=mySch.SchLib New Library=Diode.IntLib
Change Component Library : Designator=D13 Old Library=mySch.SchLib New Library=Diode.IntLib
Added Component: Designator=C24(0805_HV)
Added Component: Designator=C31(0805_HV)
Added Component: Designator=C34(1210)
Added Pin To Net: NetName=GND_MO Pin=C3-1
Added Pin To Net: NetName=DRV_12V Pin=C3-2
Added Pin To Net: NetName=GND_MO Pin=C4-1
Added Pin To Net: NetName=DRV_12V Pin=C4-2
Added Pin To Net: NetName=VIN Pin=C11-1
Added Pin To Net: NetName=OP_5V Pin=C4-1
Added Pin To Net: NetName=GND_MO Pin=C4-2
Added Pin To Net: NetName=NetC31_1 Pin=C11-1
Added Pin To Net: NetName=GND_MO Pin=C11-2
Added Pin To Net: NetName=IGND Pin=C3-1
Added Pin To Net: NetName=GND_MO Pin=C3-2
Added Pin To Net: NetName=NetD5_2 Pin=D7-1
Added Pin To Net: NetName=AH1 Pin=D7-2
Added Pin To Net: NetName=NetD9_2 Pin=D13-1
Added Pin To Net: NetName=GND_MO Pin=D13-2
Added Member To Class: ClassName=DCTODC_Multioutput Member=Component C24 C0805C225K4RACTU
Added Member To Class: ClassName=DCTODC_Multioutput Member=Component C31 C1608X5R1C105K
Added Member To Class: ClassName=DCTODC_Multioutput Member=Component C34 VJ1210A102JXGAT5Z
