Removed Pin From Net: NetName=IGND Pin=C3-1
Removed Pin From Net: NetName=GND_MO Pin=C3-2
Removed Pin From Net: NetName=OP_5V Pin=C4-1
Removed Pin From Net: NetName=GND_MO Pin=C4-2
Removed Pin From Net: NetName=NetC31_1 Pin=C11-1
Removed Pin From Net: NetName=DRV_12V Pin=D1-1
Removed Pin From Net: NetName=NetC1_1 Pin=D1-2
Removed Pin From Net: NetName=DRV_12V Pin=D2-1
Removed Pin From Net: NetName=NetC2_1 Pin=D2-2
Removed Pin From Net: NetName=DRV_12V Pin=D15-1
Removed Pin From Net: NetName=NetC7_1 Pin=D15-2
Removed Pin From Net: NetName=DRV_12V Pin=D16-1
Removed Pin From Net: NetName=NetC8_1 Pin=D16-2
Change Component DesignItemId : Designator=D1 Old DesignItemId=Diode 1N4148 DO35 450mA 100V ( 1N4148 DIP)_MH New DesignItemId=MMDL914-TP
Change Component DesignItemId : Designator=D2 Old DesignItemId=Diode 1N4148 DO35 450mA 100V ( 1N4148 DIP)_MH New DesignItemId=MMDL914-TP
Change Component DesignItemId : Designator=D15 Old DesignItemId=Diode 1N4148 DO35 450mA 100V ( 1N4148 DIP)_MH New DesignItemId=MMDL914-TP
Change Component DesignItemId : Designator=D16 Old DesignItemId=Diode 1N4148 DO35 450mA 100V ( 1N4148 DIP)_MH New DesignItemId=MMDL914-TP
Change Component Footprint: Designator=D1 Old Footprint=Diode Zener 1N5363B 5W 30V New Footprint=SOD-323
Change Component Footprint: Designator=D2 Old Footprint=Diode Zener 1N5363B 5W 30V New Footprint=SOD-323
Change Component Footprint: Designator=D15 Old Footprint=Diode Zener 1N5363B 5W 30V New Footprint=SOD-323
Change Component Footprint: Designator=D16 Old Footprint=Diode Zener 1N5363B 5W 30V New Footprint=SOD-323
Change Component Comment : Designator=D1 Old Comment=4148 New Comment=BAV21W-7-F
Change Component Comment : Designator=D2 Old Comment=4148 New Comment=BAV21W-7-F
Change Component Comment : Designator=D15 Old Comment=4148 New Comment=BAV21W-7-F
Change Component Comment : Designator=D16 Old Comment=4148 New Comment=BAV21W-7-F
Added Component: Designator=C24(0805_HV)
Added Component: Designator=C31(0805_HV)
Added Component: Designator=C34(1210)
Added Pin To Net: NetName=GND_MO Pin=C3-1
Added Pin To Net: NetName=DRV_12V Pin=C3-2
Added Pin To Net: NetName=GND_MO Pin=C4-1
Added Pin To Net: NetName=DRV_12V Pin=C4-2
Added Pin To Net: NetName=VIN Pin=C11-1
Added Pin To Net: NetName=OP_5V Pin=C4-1
Added Pin To Net: NetName=GND_MO Pin=C4-2
Added Pin To Net: NetName=NetC31_1 Pin=C11-1
Added Pin To Net: NetName=GND_MO Pin=C11-2
Added Pin To Net: NetName=IGND Pin=C3-1
Added Pin To Net: NetName=GND_MO Pin=C3-2
Added Pin To Net: NetName=NetC1_1 Pin=D1-1
Added Pin To Net: NetName=DRV_12V Pin=D1-2
Added Pin To Net: NetName=NetC2_1 Pin=D2-1
Added Pin To Net: NetName=DRV_12V Pin=D2-2
Added Pin To Net: NetName=NetC7_1 Pin=D15-1
Added Pin To Net: NetName=DRV_12V Pin=D15-2
Added Pin To Net: NetName=NetC8_1 Pin=D16-1
Added Pin To Net: NetName=DRV_12V Pin=D16-2
Added Member To Class: ClassName=DCTODC_Multioutput Member=Component C24 C0805C225K4RACTU
Added Member To Class: ClassName=DCTODC_Multioutput Member=Component C31 C1608X5R1C105K
Added Member To Class: ClassName=DCTODC_Multioutput Member=Component C34 VJ1210A102JXGAT5Z
