Removed Pin From Net: NetName=IGND Pin=C3-1
Removed Pin From Net: NetName=GND_MO Pin=C3-2
Removed Pin From Net: NetName=OP_5V Pin=C4-1
Removed Pin From Net: NetName=GND_MO Pin=C4-2
Removed Pin From Net: NetName=NetC31_1 Pin=C11-1
Removed Pin From Net: NetName=NetD20_1 Pin=D20-1
Removed Pin From Net: NetName=MB- Pin=D22-1
Removed Pin From Net: NetName=NetD20_1 Pin=D22-2
Removed Pin From Net: NetName=NetD24_1 Pin=D24-1
Removed Pin From Net: NetName=GND_MO Pin=D28-1
Removed Pin From Net: NetName=NetD24_1 Pin=D28-2
Change Component DesignItemId : Designator=D20 Old DesignItemId=Diode 1N4148 DO35 450mA 100V ( 1N4148 DIP)_MH New DesignItemId=MMDL914-TP
Change Component DesignItemId : Designator=D24 Old DesignItemId=Diode 1N4148 DO35 450mA 100V ( 1N4148 DIP)_MH New DesignItemId=MMDL914-TP
Change Component DesignItemId : Designator=D22 Old DesignItemId=Diode Zener New DesignItemId=MMDL914-TP
Change Component DesignItemId : Designator=D28 Old DesignItemId=Diode Zener New DesignItemId=MMDL914-TP
Change Component DesignItemId : Designator=C8 Old DesignItemId=TU_HOA_4.7uF_50V_MH New DesignItemId=TU_NHOM_10uF_25V_MH
Change Component Footprint: Designator=C8 Old Footprint=CP1/2 New Footprint=TU_NHOM_10uF_MH
Change Component Footprint: Designator=D20 Old Footprint=Diode Zener 1N5363B 5W 30V New Footprint=SOD-323
Change Component Footprint: Designator=D24 Old Footprint=Diode Zener 1N5363B 5W 30V New Footprint=SOD-323
Change Component Footprint: Designator=D22 Old Footprint=DO-35 New Footprint=SOD-323
Change Component Footprint: Designator=D28 Old Footprint=DO-35 New Footprint=SOD-323
Change Component Comment : Designator=D22 Old Comment= New Comment=15V
Change Component Comment : Designator=D28 Old Comment= New Comment=15V
Change Component Comment : Designator=D20 Old Comment=4148 New Comment=BAT54HT1G
Change Component Comment : Designator=D24 Old Comment=4148 New Comment=BAT54HT1G
Added Component: Designator=C24(0805_HV)
Added Component: Designator=C31(0805_HV)
Added Component: Designator=C34(1210)
Added Pin To Net: NetName=GND_MO Pin=C3-1
Added Pin To Net: NetName=DRV_12V Pin=C3-2
Added Pin To Net: NetName=GND_MO Pin=C4-1
Added Pin To Net: NetName=DRV_12V Pin=C4-2
Added Pin To Net: NetName=VIN Pin=C11-1
Added Pin To Net: NetName=OP_5V Pin=C4-1
Added Pin To Net: NetName=GND_MO Pin=C4-2
Added Pin To Net: NetName=NetC31_1 Pin=C11-1
Added Pin To Net: NetName=GND_MO Pin=C11-2
Added Pin To Net: NetName=IGND Pin=C3-1
Added Pin To Net: NetName=GND_MO Pin=C3-2
Added Pin To Net: NetName=NetD20_1 Pin=D20-2
Added Pin To Net: NetName=NetD20_1 Pin=D22-1
Added Pin To Net: NetName=MB- Pin=D22-2
Added Pin To Net: NetName=NetD24_1 Pin=D24-2
Added Pin To Net: NetName=NetD24_1 Pin=D28-1
Added Pin To Net: NetName=GND_MO Pin=D28-2
Change Net Name : Old Net Name=NetD20_1 New Net Name=NetD20_2
Change Net Name : Old Net Name=NetD24_1 New Net Name=NetD24_2
Added Pin To Net: NetName=NetD20_1 Pin=D20-1
Added Pin To Net: NetName=NetD20_1 Pin=R20-2
Added Pin To Net: NetName=NetD20_1 Pin=U4-7
Added Net: Name=NetD20_1
Added Pin To Net: NetName=NetD24_1 Pin=D24-1
Added Pin To Net: NetName=NetD24_1 Pin=R24-2
Added Pin To Net: NetName=NetD24_1 Pin=U4-5
Added Net: Name=NetD24_1
Added Member To Class: ClassName=DCTODC_Multioutput Member=Component C24 C0805C225K4RACTU
Added Member To Class: ClassName=DCTODC_Multioutput Member=Component C31 C1608X5R1C105K
Added Member To Class: ClassName=DCTODC_Multioutput Member=Component C34 VJ1210A102JXGAT5Z
