Removed Pin From Net: NetName=IGND Pin=C3-1
Removed Pin From Net: NetName=GND_MO Pin=C3-2
Removed Pin From Net: NetName=OP_5V Pin=C4-1
Removed Pin From Net: NetName=GND_MO Pin=C4-2
Removed Pin From Net: NetName=NetC31_1 Pin=C11-1
Change Component DesignItemId : Designator=C1 Old DesignItemId=TU_HOA_4.7uF_50V_MH New DesignItemId=TU_NHOM_10uF_25V_MH
Change Component DesignItemId : Designator=C2 Old DesignItemId=TU_HOA_4.7uF_50V_MH New DesignItemId=TU_NHOM_10uF_25V_MH
Change Component Footprint: Designator=C1 Old Footprint=CP1/2 New Footprint=TU_NHOM_10uF_MH
Change Component Footprint: Designator=C2 Old Footprint=CP1/2 New Footprint=TU_NHOM_10uF_MH
Added Component: Designator=C24(0805_HV)
Added Component: Designator=C31(0805_HV)
Added Component: Designator=C34(1210)
Added Pin To Net: NetName=GND_MO Pin=C3-1
Added Pin To Net: NetName=DRV_12V Pin=C3-2
Added Pin To Net: NetName=GND_MO Pin=C4-1
Added Pin To Net: NetName=DRV_12V Pin=C4-2
Added Pin To Net: NetName=VIN Pin=C11-1
Added Pin To Net: NetName=OP_5V Pin=C4-1
Added Pin To Net: NetName=GND_MO Pin=C4-2
Added Pin To Net: NetName=NetC31_1 Pin=C11-1
Added Pin To Net: NetName=GND_MO Pin=C11-2
Added Pin To Net: NetName=IGND Pin=C3-1
Added Pin To Net: NetName=GND_MO Pin=C3-2
Added Member To Class: ClassName=DCTODC_Multioutput Member=Component C24 C0805C225K4RACTU
Added Member To Class: ClassName=DCTODC_Multioutput Member=Component C31 C1608X5R1C105K
Added Member To Class: ClassName=DCTODC_Multioutput Member=Component C34 VJ1210A102JXGAT5Z
