Removed Pin From Net: NetName=IGND Pin=C3-1
Removed Pin From Net: NetName=GND_MO Pin=C3-2
Removed Pin From Net: NetName=OP_5V Pin=C4-1
Removed Pin From Net: NetName=GND_MO Pin=C4-2
Removed Pin From Net: NetName=NetC31_1 Pin=C11-1
Removed Pin From Net: NetName=BL Pin=M1-2
Removed Pin From Net: NetName=MA+ Pin=M1-4
Added Component: Designator=C24(0805_HV)
Added Component: Designator=C31(0805_HV)
Added Component: Designator=C34(1210)
Added Pin To Net: NetName=GND_MO Pin=C3-1
Added Pin To Net: NetName=DRV_12V Pin=C3-2
Added Pin To Net: NetName=GND_MO Pin=C4-1
Added Pin To Net: NetName=DRV_12V Pin=C4-2
Added Pin To Net: NetName=VIN Pin=C11-1
Added Pin To Net: NetName=OP_5V Pin=C4-1
Added Pin To Net: NetName=GND_MO Pin=C4-2
Added Pin To Net: NetName=NetC31_1 Pin=C11-1
Added Pin To Net: NetName=GND_MO Pin=C11-2
Added Pin To Net: NetName=IGND Pin=C3-1
Added Pin To Net: NetName=GND_MO Pin=C3-2
Added Pin To Net: NetName=BL Pin=M1-1
Added Pin To Net: NetName=MA+ Pin=M1-3
Change Net Name : Old Net Name=BL New Net Name=MB-
Change Net Name : Old Net Name=MA+ New Net Name=MA-
Added Pin To Net: NetName=MA+ Pin=Hall1-3
Added Pin To Net: NetName=MA+ Pin=Hall1-4
Added Pin To Net: NetName=MA+ Pin=M1-4
Added Net: Name=MA+
Added Pin To Net: NetName=MB+ Pin=Hall2-3
Added Pin To Net: NetName=MB+ Pin=Hall2-4
Added Pin To Net: NetName=MB+ Pin=M1-2
Added Net: Name=MB+
Added Member To Class: ClassName=DCTODC_Multioutput Member=Component C24 C0805C225K4RACTU
Added Member To Class: ClassName=DCTODC_Multioutput Member=Component C31 C1608X5R1C105K
Added Member To Class: ClassName=DCTODC_Multioutput Member=Component C34 VJ1210A102JXGAT5Z
