Removed Pin From Net: NetName=AH1 Pin=C1-2
Removed Pin From Net: NetName=MA- Pin=C2-2
Removed Pin From Net: NetName=GND_MO Pin=C3-1
Removed Pin From Net: NetName=DRV_12V Pin=C3-2
Removed Pin From Net: NetName=BH1 Pin=C7-2
Removed Pin From Net: NetName=MB- Pin=C8-2
Removed Pin From Net: NetName=GND_MO Pin=C9-1
Removed Pin From Net: NetName=DRV_12V Pin=C9-2
Removed Pin From Net: NetName=GND_MO Pin=C10-1
Removed Pin From Net: NetName=DRV_12V Pin=C10-2
Removed Pin From Net: NetName=VIN Pin=C12-1
Removed Pin From Net: NetName=GND_MO Pin=C12-2
Removed Pin From Net: NetName=GND_MCU Pin=C17-1
Removed Pin From Net: NetName=IA Pin=C17-2
Removed Pin From Net: NetName=GND_MCU Pin=C18-1
Removed Pin From Net: NetName=IB Pin=C18-2
Removed Pin From Net: NetName=+12V Pin=C19-1
Removed Pin From Net: NetName=GND_MCU Pin=C19-2
Removed Pin From Net: NetName=5VP Pin=C23-1
Removed Pin From Net: NetName=IGND Pin=C23-2
Removed Pin From Net: NetName=OP_5V Pin=C24-1
Removed Pin From Net: NetName=GND_MO Pin=C24-2
Removed Pin From Net: NetName=SEC_12V Pin=C25-1
Removed Pin From Net: NetName=GND_MO Pin=C25-2
Removed Pin From Net: NetName=SW Pin=C27-1
Removed Pin From Net: NetName=GND_MO Pin=C31-2
Removed Pin From Net: NetName=IGND Pin=C34-1
Removed Pin From Net: NetName=NetC2_1 Pin=D2-1
Removed Pin From Net: NetName=AH1 Pin=D7-2
Removed Pin From Net: NetName=NetD6_2 Pin=D8-1
Removed Pin From Net: NetName=MA- Pin=D8-2
Removed Pin From Net: NetName=GND_MO Pin=D13-2
Removed Pin From Net: NetName=GND_MO Pin=D14-2
Removed Pin From Net: NetName=DRV_12V Pin=D15-2
Removed Pin From Net: NetName=DRV_12V Pin=D16-2
Removed Pin From Net: NetName=BH1 Pin=D21-2
Removed Pin From Net: NetName=MB- Pin=D22-2
Removed Pin From Net: NetName=NetD23_2 Pin=D27-1
Removed Pin From Net: NetName=GND_MO Pin=D27-2
Removed Pin From Net: NetName=NetD24_2 Pin=D28-1
Removed Pin From Net: NetName=GND_MO Pin=D28-2
Removed Pin From Net: NetName=+3.3V Pin=KIT1-1
Removed Pin From Net: NetName=GND1 Pin=KIT1-2
Removed Pin From Net: NetName=GND1 Pin=KIT1-9
Removed Pin From Net: NetName=IA Pin=KIT1-11
Removed Pin From Net: NetName=IB Pin=KIT1-12
Removed Pin From Net: NetName=NSCS_AS Pin=KIT1-17
Removed Pin From Net: NetName=SCLK Pin=KIT1-22
Removed Pin From Net: NetName=MISO Pin=KIT1-23
Removed Pin From Net: NetName=MOSI Pin=KIT1-24
Removed Pin From Net: NetName=GND1 Pin=KIT1-35
Removed Pin From Net: NetName=RX Pin=KIT1-40
Removed Pin From Net: NetName=TX Pin=KIT1-41
Removed Pin From Net: NetName=PWM-IN-OPTO-BH Pin=KIT1-42
Removed Pin From Net: NetName=PWM-IN-OPTO-AL Pin=KIT1-43
Removed Pin From Net: NetName=PWM-IN-OPTO-AL Pin=KIT1-57
Removed Pin From Net: NetName=PWM-IN-OPTO-AH Pin=KIT1-58
Removed Pin From Net: NetName=AH1 Pin=Q1-3
Removed Pin From Net: NetName=NetD6_2 Pin=Q2-1
Removed Pin From Net: NetName=MA- Pin=Q2-3
Removed Pin From Net: NetName=AH1 Pin=Q3-2
Removed Pin From Net: NetName=MA- Pin=Q4-2
Removed Pin From Net: NetName=BH1 Pin=Q5-3
Removed Pin From Net: NetName=MB- Pin=Q6-3
Removed Pin From Net: NetName=NetD23_2 Pin=Q7-1
Removed Pin From Net: NetName=BH1 Pin=Q7-2
Removed Pin From Net: NetName=NetD24_2 Pin=Q8-1
Removed Pin From Net: NetName=MB- Pin=Q8-2
Removed Pin From Net: NetName=NetD23_2 Pin=R23-1
Removed Pin From Net: NetName=NetD24_2 Pin=R24-1
Removed Pin From Net: NetName=NetD23_2 Pin=R25-1
Removed Pin From Net: NetName=NetD24_2 Pin=R26-1
Removed Pin From Net: NetName=SW Pin=R33-1
Removed Pin From Net: NetName=VIN Pin=R34-2
Removed Pin From Net: NetName=NetC2_1 Pin=U2-8
Removed Pin From Net: NetName=GND_MO Pin=U5-1
Removed Pin From Net: NetName=VIN Pin=U5-2
Removed Pin From Net: NetName=NetC31_1 Pin=U5-6
Removed Pin From Net: NetName=SW Pin=U5-8
Removed Pin From Net: NetName=GND_MO Pin=U5-9
Removed Pin From Net: NetName=GND_MCU Pin=UART1-1
Change Component DesignItemId : Designator=C24 Old DesignItemId=C0805C225K4RACTU New DesignItemId=Capacitor 0805
Change Component DesignItemId : Designator=C25 Old DesignItemId=C0805C225K4RACTU New DesignItemId=Capacitor 0805
Change Component DesignItemId : Designator=C27 Old DesignItemId=C1608C0G1E103J New DesignItemId=GRM21BR61E225KA12L
Change Component DesignItemId : Designator=C31 Old DesignItemId=C1608X5R1C105K New DesignItemId=C1608C0G1E103J
Change Component DesignItemId : Designator=C18 Old DesignItemId=Capacitor 0805 New DesignItemId=Capacitor TuHoa
Change Component DesignItemId : Designator=C3 Old DesignItemId=Capacitor 0805 New DesignItemId=TU_NHOM_10uF_25V_MH
Change Component DesignItemId : Designator=C9 Old DesignItemId=Capacitor 0805 New DesignItemId=TU_NHOM_10uF_25V_MH
Change Component DesignItemId : Designator=C10 Old DesignItemId=Capacitor 0805 New DesignItemId=TU_NHOM_10uF_25V_MH
Change Component DesignItemId : Designator=C19 Old DesignItemId=Capacitor TuHoa New DesignItemId=Capacitor 0805
Change Component DesignItemId : Designator=R34 Old DesignItemId=CRCW0603100KFKEA New DesignItemId=CRCW06032K00FKEA
Change Component DesignItemId : Designator=C23 Old DesignItemId=GRM21BR61E225KA12L New DesignItemId=Capacitor 0805
Change Component DesignItemId : Designator=UART1 Old DesignItemId=Jump 3 New DesignItemId=Jump 4
Change Component DesignItemId : Designator=U5 Old DesignItemId=LM5017MRX/NOPB New DesignItemId=STM32F051R8T6 LQFP64 _MH
Change Component DesignItemId : Designator=D21 Old DesignItemId=MMDL914-TP New DesignItemId=RB160M-90TR
Change Component DesignItemId : Designator=D22 Old DesignItemId=MMDL914-TP New DesignItemId=RB160M-90TR
Change Component DesignItemId : Designator=D23 Old DesignItemId=MMDL914-TP New DesignItemId=RB160M-90TR
Change Component DesignItemId : Designator=D24 Old DesignItemId=MMDL914-TP New DesignItemId=RB160M-90TR
Change Component DesignItemId : Designator=R33 Old DesignItemId=RC0603FR-0740K2L New DesignItemId=CRCW06031K00FKEA
Change Component DesignItemId : Designator=C34 Old DesignItemId=VJ1210A102JXGAT5Z New DesignItemId=C3225X7R1E106M
Change Component Footprint: Designator=C19 Old Footprint=CP1/3.0 New Footprint=0603_Cap
Change Component Footprint: Designator=C23 Old Footprint=CP1/3.0 New Footprint=0603_Cap
Change Component Footprint: Designator=UART1 Old Footprint=Jump 3 New Footprint=Jump 4
Change Component Footprint: Designator=U5 Old Footprint=MRA08A_N New Footprint=LQFP64
Change Component Footprint: Designator=C25 Old Footprint=TU_SMD_0805 New Footprint=0805_hv
Change Component Footprint: Designator=C18 Old Footprint=TU_SMD_0805 New Footprint=CAP_12.5 X 25
Change Component Footprint: Designator=C3 Old Footprint=TU_SMD_0805 New Footprint=TU_NHOM_10uF_MH
Change Component Footprint: Designator=C9 Old Footprint=TU_SMD_0805 New Footprint=TU_NHOM_10uF_MH
Change Component Footprint: Designator=C10 Old Footprint=TU_SMD_0805 New Footprint=TU_NHOM_10uF_MH
Change Component Comment : Designator=D7 Old Comment=15V New Comment=BAT54HT1G
Change Component Comment : Designator=D8 Old Comment=15V New Comment=BAT54HT1G
Change Component Comment : Designator=D13 Old Comment=15V New Comment=BAT54HT1G
Change Component Comment : Designator=D14 Old Comment=15V New Comment=BAT54HT1G
Change Component Comment : Designator=D21 Old Comment=15V New Comment=RB160M-90TR
Change Component Comment : Designator=D22 Old Comment=15V New Comment=RB160M-90TR
Change Component Comment : Designator=C3 Old Comment=104 New Comment=10uF
Change Component Comment : Designator=C9 Old Comment=104 New Comment=10uF
Change Component Comment : Designator=C10 Old Comment=104 New Comment=10uF
Change Component Comment : Designator=C18 Old Comment=104 New Comment=390uF
Change Component Comment : Designator=C19 Old Comment=390uF New Comment=104
Change Component Comment : Designator=D5 Old Comment=BAT54HT1G New Comment=15V
Change Component Comment : Designator=D9 Old Comment=BAT54HT1G New Comment=15V
Change Component Comment : Designator=D10 Old Comment=BAT54HT1G New Comment=15V
Change Component Comment : Designator=D19 Old Comment=BAT54HT1G New Comment=15V
Change Component Comment : Designator=D20 Old Comment=BAT54HT1G New Comment=15V
Change Component Comment : Designator=D23 Old Comment=BAT54HT1G New Comment=RB160M-90TR
Change Component Comment : Designator=D24 Old Comment=BAT54HT1G New Comment=RB160M-90TR
Change Component Comment : Designator=D15 Old Comment=BAV21W-7-F New Comment=15V
Change Component Comment : Designator=D16 Old Comment=BAV21W-7-F New Comment=15V
Change Component Comment : Designator=C24 Old Comment=C0805C225K4RACTU New Comment=104
Change Component Comment : Designator=C25 Old Comment=C0805C225K4RACTU New Comment=104
Change Component Comment : Designator=C27 Old Comment=C1608C0G1E103J New Comment=GRM21BR61E225KA12L
Change Component Comment : Designator=C31 Old Comment=C1608X5R1C105K New Comment=C1608C0G1E103J
Change Component Comment : Designator=R34 Old Comment=CRCW0603100KFKEA New Comment=CRCW06032K00FKEA
Change Component Comment : Designator=C23 Old Comment=GRM21BR61E225KA12L New Comment=104
Change Component Comment : Designator=UART1 Old Comment=Jump 3 New Comment=Jump 4
Change Component Comment : Designator=U5 Old Comment=LM5017MRX/NOPB New Comment=STM32F051R8T6 LQFP64
Change Component Comment : Designator=R33 Old Comment=RC0603FR-0740K2L New Comment=CRCW06031K00FKEA
Change Component Comment : Designator=C34 Old Comment=VJ1210A102JXGAT5Z New Comment=C3225X7R1E106M
Change Component Designator: OldDesignator=C4 NewDesignator=C6
Change Component Designator: OldDesignator=C5 NewDesignator=C1
Change Component Designator: OldDesignator=C6 NewDesignator=C4
Change Component Designator: OldDesignator=C11 NewDesignator=C17
Change Component Designator: OldDesignator=C13 NewDesignator=C11
Change Component Designator: OldDesignator=C14 NewDesignator=C12
Change Component Designator: OldDesignator=C15 NewDesignator=C8
Change Component Designator: OldDesignator=C16 NewDesignator=C7
Change Component Designator: OldDesignator=C21 NewDesignator=C16
Change Component Designator: OldDesignator=C22 NewDesignator=C15
Change Component Designator: OldDesignator=D6 NewDesignator=D4
Change Component Designator: OldDesignator=R1 NewDesignator=R5
Change Component Designator: OldDesignator=R2 NewDesignator=R6
Change Component Designator: OldDesignator=R3 NewDesignator=R7
Change Component Designator: OldDesignator=R4 NewDesignator=R8
Change Component Designator: OldDesignator=R5 NewDesignator=R9
Change Component Designator: OldDesignator=R6 NewDesignator=R10
Change Component Designator: OldDesignator=R7 NewDesignator=R12
Change Component Designator: OldDesignator=R8 NewDesignator=R11
Change Component Designator: OldDesignator=R9 NewDesignator=R13
Change Component Designator: OldDesignator=R10 NewDesignator=R14
Change Component Designator: OldDesignator=R12 NewDesignator=R3
Change Component Designator: OldDesignator=R14 NewDesignator=R4
Change Component Designator: OldDesignator=R15 NewDesignator=R2
Change Component Designator: OldDesignator=R16 NewDesignator=R1
Change Component Designator: OldDesignator=R17 NewDesignator=R19
Change Component Designator: OldDesignator=R18 NewDesignator=R20
Change Component Designator: OldDesignator=R19 NewDesignator=R21
Change Component Designator: OldDesignator=R20 NewDesignator=R22
Change Component Designator: OldDesignator=R21 NewDesignator=R23
Change Component Designator: OldDesignator=R22 NewDesignator=R24
Change Component Designator: OldDesignator=R23 NewDesignator=R26
Change Component Designator: OldDesignator=R24 NewDesignator=R25
Change Component Designator: OldDesignator=R25 NewDesignator=R27
Change Component Designator: OldDesignator=R26 NewDesignator=R28
Change Component Designator: OldDesignator=R28 NewDesignator=R17
Change Component Designator: OldDesignator=R30 NewDesignator=R18
Change Component Designator: OldDesignator=R31 NewDesignator=R16
Change Component Designator: OldDesignator=R32 NewDesignator=R15
Change Component Designator: OldDesignator=R35 NewDesignator=R37
Change Component Designator: OldDesignator=R37 NewDesignator=R39
Change Component Description : Designator=C27 Old Description=CAP, CERM, 0.01 µF, 25 V, +/- 5%, C0G/NP0, 0603 New Description=CAP, CERM, 2.2 µF, 25 V, +/- 10%, X5R, 0805
Change Component Description : Designator=C31 Old Description=CAP, CERM, 1 µF, 16 V, +/- 10%, X5R, 0603 New Description=CAP, CERM, 0.01 µF, 25 V, +/- 5%, C0G/NP0, 0603
Change Component Description : Designator=C24 Old Description=CAP, CERM, 2.2 µF, 16 V, +/- 10%, X7R, 0805 New Description=Ceramic Chip Capacitor - Standard
Change Component Description : Designator=C34 Old Description=CAP, CERM, 1000 pF, 1000 V, +/- 5%, C0G/NP0, 1210 New Description=CAP, CERM, 10 µF, 25 V, +/- 20%, X7R, 1210
Change Component Description : Designator=D21 Old Description=Diode, Switching, 100 V, 0.2 A, SOD-323 New Description=Diode, Schottky, 90 V, 1 A, SOD-123
Change Component Description : Designator=D22 Old Description=Diode, Switching, 100 V, 0.2 A, SOD-323 New Description=Diode, Schottky, 90 V, 1 A, SOD-123
Change Component Description : Designator=D23 Old Description=Diode, Switching, 100 V, 0.2 A, SOD-323 New Description=Diode, Schottky, 90 V, 1 A, SOD-123
Change Component Description : Designator=D24 Old Description=Diode, Switching, 100 V, 0.2 A, SOD-323 New Description=Diode, Schottky, 90 V, 1 A, SOD-123
Change Component Description : Designator=R33 Old Description=RES, 40.2 k, 1%, 0.1 W, 0603 New Description=RES, 1.00 k, 1%, 0.1 W, 0603
Change Component Description : Designator=R34 Old Description=RES, 100 k, 1%, 0.1 W, 0603 New Description=RES, 2.00 k, 1%, 0.1 W, 0603
Change Component Library : Designator=C24 Old Library=Capacitor_Ceramic.IntLib New Library=mySch.SchLib
Added Component: Designator=C5(TU_SMD_0805)
Added Component: Designator=C13(TU_SMD_0805)
Added Component: Designator=C14(TU_SMD_0805)
Added Component: Designator=C20(0805_hv)
Added Component: Designator=C21(TU_SMD_0805)
Added Component: Designator=C22(TU_SMD_0805)
Added Component: Designator=C26(CP1/3.0)
Added Component: Designator=C29(0805_HV)
Added Component: Designator=C32(0805_HV)
Added Component: Designator=C36(0805_HV)
Added Component: Designator=C39(1210)
Added Component: Designator=D3(SOD-323)
Added Component: Designator=D6(SOD-323)
Added Component: Designator=D11(SOD-323)
Added Component: Designator=D12(SOD-323)
Added Component: Designator=D17(SOD-323)
Added Component: Designator=D18(SOD-323)
Added Component: Designator=R29(0603_R)
Added Component: Designator=R30(0603_R)
Added Component: Designator=R35(0805_HV)
Added Component: Designator=R36(0805_HV)
Added Component: Designator=RS1(SMD Button 6X6)
Added Component: Designator=U6(MRA08A_N)
Added Component: Designator=UART2(Jump 3)
Added Pin To Net: NetName=AH1 Pin=C2-2
Added Pin To Net: NetName=MA- Pin=C3-2
Added Pin To Net: NetName=GND_MO Pin=C3-1
Added Pin To Net: NetName=DRV_12V Pin=C3-2
Added Pin To Net: NetName=BH1 Pin=C9-2
Added Pin To Net: NetName=MB- Pin=C10-2
Added Pin To Net: NetName=GND_MO Pin=C13-1
Added Pin To Net: NetName=DRV_12V Pin=C13-2
Added Pin To Net: NetName=GND_MO Pin=C14-1
Added Pin To Net: NetName=DRV_12V Pin=C14-2
Added Pin To Net: NetName=VIN Pin=C18-1
Added Pin To Net: NetName=GND_MO Pin=C18-2
Added Pin To Net: NetName=GND1 Pin=C19-1
Added Pin To Net: NetName=GND_MCU Pin=C20-1
Added Pin To Net: NetName=GND_MCU Pin=C21-1
Added Pin To Net: NetName=IA Pin=C21-2
Added Pin To Net: NetName=GND_MCU Pin=C22-1
Added Pin To Net: NetName=IB Pin=C22-2
Added Pin To Net: NetName=GND1 Pin=C23-1
Added Pin To Net: NetName=GND_MCU Pin=C24-2
Added Pin To Net: NetName=GND_MCU Pin=C25-1
Added Pin To Net: NetName=+12V Pin=C19-1
Added Pin To Net: NetName=GND_MCU Pin=C19-2
Added Pin To Net: NetName=12VP Pin=C27-1
Added Pin To Net: NetName=IGND Pin=C27-2
Added Pin To Net: NetName=OP_5V Pin=C24-1
Added Pin To Net: NetName=GND_MO Pin=C24-2
Added Pin To Net: NetName=PRI_12V Pin=C31-2
Added Pin To Net: NetName=SW Pin=C27-1
Added Pin To Net: NetName=PRI_12V Pin=C34-1
Added Pin To Net: NetName=GND_MO Pin=C31-2
Added Pin To Net: NetName=IGND Pin=C34-1
Added Pin To Net: NetName=GND_MO Pin=C34-2
Added Pin To Net: NetName=NetC2_1 Pin=D1-1
Added Pin To Net: NetName=NetD3_2 Pin=D3-2
Added Pin To Net: NetName=NetD6_2 Pin=D5-1
Added Pin To Net: NetName=MA- Pin=D5-2
Added Pin To Net: NetName=NetD3_2 Pin=D6-1
Added Pin To Net: NetName=AH1 Pin=D6-2
Added Pin To Net: NetName=GND_MO Pin=D9-2
Added Pin To Net: NetName=GND_MO Pin=D10-2
Added Pin To Net: NetName=DRV_12V Pin=D11-2
Added Pin To Net: NetName=DRV_12V Pin=D12-2
Added Pin To Net: NetName=BH1 Pin=D15-2
Added Pin To Net: NetName=MB- Pin=D16-2
Added Pin To Net: NetName=GND_MO Pin=D19-2
Added Pin To Net: NetName=GND_MO Pin=D20-2
Added Pin To Net: NetName=12VP Pin=D21-1
Added Pin To Net: NetName=5VP Pin=D22-1
Added Pin To Net: NetName=SEC_12V Pin=D23-1
Added Pin To Net: NetName=OP_5V Pin=D24-1
Added Pin To Net: NetName=NetD6_2 Pin=Q1-1
Added Pin To Net: NetName=MA- Pin=Q1-3
Added Pin To Net: NetName=NetD3_2 Pin=Q2-1
Added Pin To Net: NetName=AH1 Pin=Q2-3
Added Pin To Net: NetName=MA- Pin=Q3-2
Added Pin To Net: NetName=AH1 Pin=Q4-2
Added Pin To Net: NetName=MB- Pin=Q5-3
Added Pin To Net: NetName=BH1 Pin=Q6-3
Added Pin To Net: NetName=MB- Pin=Q7-2
Added Pin To Net: NetName=BH1 Pin=Q8-2
Added Pin To Net: NetName=NetD3_2 Pin=R5-1
Added Pin To Net: NetName=NetD3_2 Pin=R7-1
Added Pin To Net: NetName=GND_MCU Pin=R30-1
Added Pin To Net: NetName=GND_MO Pin=R33-1
Added Pin To Net: NetName=OP_5V Pin=R33-2
Added Pin To Net: NetName=GND_MO Pin=R34-1
Added Pin To Net: NetName=SEC_12V Pin=R34-2
Added Pin To Net: NetName=SW Pin=R33-1
Added Pin To Net: NetName=NetC31_1 Pin=R33-2
Added Pin To Net: NetName=VIN Pin=R34-2
Added Pin To Net: NetName=GND1 Pin=RS1-1
Added Pin To Net: NetName=NetC2_1 Pin=U1-8
Added Pin To Net: NetName=IA Pin=U5-8
Added Pin To Net: NetName=IB Pin=U5-9
Added Pin To Net: NetName=GND_MCU Pin=U5-12
Added Pin To Net: NetName=TX Pin=U5-16
Added Pin To Net: NetName=RX Pin=U5-17
Added Pin To Net: NetName=NSCS_AS Pin=U5-20
Added Pin To Net: NetName=SCLK Pin=U5-21
Added Pin To Net: NetName=MISO Pin=U5-22
Added Pin To Net: NetName=MOSI Pin=U5-23
Added Pin To Net: NetName=GND_MCU Pin=U5-31
Added Pin To Net: NetName=PWM-IN-OPTO-AH Pin=U5-41
Added Pin To Net: NetName=PWM-IN-OPTO-AL Pin=U5-42
Added Pin To Net: NetName=PWM-IN-OPTO-BH Pin=U5-43
Added Pin To Net: NetName=PWM-IN-OPTO-AL Pin=U5-44
Added Pin To Net: NetName=GND_MCU Pin=U5-63
Added Pin To Net: NetName=GND_MO Pin=U5-1
Added Pin To Net: NetName=VIN Pin=U5-2
Added Pin To Net: NetName=SW Pin=U5-8
Added Pin To Net: NetName=GND_MO Pin=U5-9
Added Pin To Net: NetName=GND1 Pin=UART1-1
Added Pin To Net: NetName=GND_MCU Pin=UART2-1
Added Pin To Net: NetName=TX Pin=UART2-2
Added Pin To Net: NetName=RX Pin=UART2-3
Change Net Name : Old Net Name=NetC15_2 New Net Name=NetC8_2
Change Net Name : Old Net Name=NetC21_2 New Net Name=NetC16_2
Change Net Name : Old Net Name=NetD6_1 New Net Name=NetD4_1
Change Net Name : Old Net Name=NetD6_2 New Net Name=NetD4_2
Change Net Name : Old Net Name=NetR5_1 New Net Name=NetR9_1
Change Net Name : Old Net Name=NetR6_1 New Net Name=NetR10_1
Change Net Name : Old Net Name=NetR21_1 New Net Name=NetR23_1
Change Net Name : Old Net Name=NetR22_1 New Net Name=NetR24_1
Added Pin To Net: NetName=3.3V Pin=C19-2
Added Pin To Net: NetName=3.3V Pin=C20-2
Added Pin To Net: NetName=3.3V Pin=C24-1
Added Pin To Net: NetName=3.3V Pin=C25-2
Added Pin To Net: NetName=3.3V Pin=R29-2
Added Pin To Net: NetName=3.3V Pin=U5-1
Added Pin To Net: NetName=3.3V Pin=U5-13
Added Pin To Net: NetName=3.3V Pin=U5-32
Added Pin To Net: NetName=3.3V Pin=U5-64
Added Pin To Net: NetName=3.3V Pin=UART1-4
Added Net: Name=3.3V
Added Pin To Net: NetName=NetC3_1 Pin=C3-1
Added Pin To Net: NetName=NetC3_1 Pin=D2-1
Added Pin To Net: NetName=NetC3_1 Pin=U2-8
Added Net: Name=NetC3_1
Added Pin To Net: NetName=NetC9_1 Pin=C9-1
Added Pin To Net: NetName=NetC9_1 Pin=D11-1
Added Pin To Net: NetName=NetC9_1 Pin=U3-8
Added Net: Name=NetC9_1
Added Pin To Net: NetName=NetC10_1 Pin=C10-1
Added Pin To Net: NetName=NetC10_1 Pin=D12-1
Added Pin To Net: NetName=NetC10_1 Pin=U4-8
Added Net: Name=NetC10_1
Added Pin To Net: NetName=NetC32_2 Pin=C27-2
Added Pin To Net: NetName=NetC32_2 Pin=U5-7
Added Net: Name=NetC32_2
Added Pin To Net: NetName=NetC33_2 Pin=U5-5
Added Net: Name=NetC33_2
Added Pin To Net: NetName=NetC36_1 Pin=C31-1
Added Pin To Net: NetName=NetC36_1 Pin=U5-6
Added Net: Name=NetC36_1
Added Pin To Net: NetName=NetD3_1 Pin=D3-1
Added Pin To Net: NetName=NetD3_1 Pin=R7-2
Added Pin To Net: NetName=NetD3_1 Pin=U1-7
Added Net: Name=NetD3_1
Added Pin To Net: NetName=NetD7_1 Pin=D7-1
Added Pin To Net: NetName=NetD7_1 Pin=R11-2
Added Pin To Net: NetName=NetD7_1 Pin=U2-5
Added Net: Name=NetD7_1
Added Pin To Net: NetName=NetD7_2 Pin=D7-2
Added Pin To Net: NetName=NetD7_2 Pin=D10-1
Added Pin To Net: NetName=NetD7_2 Pin=Q3-1
Added Pin To Net: NetName=NetD7_2 Pin=R11-1
Added Pin To Net: NetName=NetD7_2 Pin=R14-1
Added Net: Name=NetD7_2
Added Pin To Net: NetName=NetD8_1 Pin=D8-1
Added Pin To Net: NetName=NetD8_1 Pin=R12-2
Added Pin To Net: NetName=NetD8_1 Pin=U1-5
Added Net: Name=NetD8_1
Added Pin To Net: NetName=NetD8_2 Pin=D8-2
Added Pin To Net: NetName=NetD8_2 Pin=D9-1
Added Pin To Net: NetName=NetD8_2 Pin=Q4-1
Added Pin To Net: NetName=NetD8_2 Pin=R12-1
Added Pin To Net: NetName=NetD8_2 Pin=R13-1
Added Net: Name=NetD8_2
Added Pin To Net: NetName=NetD13_1 Pin=D13-1
Added Pin To Net: NetName=NetD13_1 Pin=R21-2
Added Pin To Net: NetName=NetD13_1 Pin=U3-7
Added Net: Name=NetD13_1
Added Pin To Net: NetName=NetD13_2 Pin=D13-2
Added Pin To Net: NetName=NetD13_2 Pin=D15-1
Added Pin To Net: NetName=NetD13_2 Pin=Q6-1
Added Pin To Net: NetName=NetD13_2 Pin=R19-1
Added Pin To Net: NetName=NetD13_2 Pin=R21-1
Added Net: Name=NetD13_2
Added Pin To Net: NetName=NetD14_1 Pin=D14-1
Added Pin To Net: NetName=NetD14_1 Pin=R22-2
Added Pin To Net: NetName=NetD14_1 Pin=U4-7
Added Net: Name=NetD14_1
Added Pin To Net: NetName=NetD14_2 Pin=D14-2
Added Pin To Net: NetName=NetD14_2 Pin=D16-1
Added Pin To Net: NetName=NetD14_2 Pin=Q5-1
Added Pin To Net: NetName=NetD14_2 Pin=R20-1
Added Pin To Net: NetName=NetD14_2 Pin=R22-1
Added Net: Name=NetD14_2
Added Pin To Net: NetName=NetD17_1 Pin=D17-1
Added Pin To Net: NetName=NetD17_1 Pin=R25-2
Added Pin To Net: NetName=NetD17_1 Pin=U4-5
Added Net: Name=NetD17_1
Added Pin To Net: NetName=NetD17_2 Pin=D17-2
Added Pin To Net: NetName=NetD17_2 Pin=D19-1
Added Pin To Net: NetName=NetD17_2 Pin=Q7-1
Added Pin To Net: NetName=NetD17_2 Pin=R25-1
Added Pin To Net: NetName=NetD17_2 Pin=R28-1
Added Net: Name=NetD17_2
Added Pin To Net: NetName=NetD18_1 Pin=D18-1
Added Pin To Net: NetName=NetD18_1 Pin=R26-2
Added Pin To Net: NetName=NetD18_1 Pin=U3-5
Added Net: Name=NetD18_1
Added Pin To Net: NetName=NetD18_2 Pin=D18-2
Added Pin To Net: NetName=NetD18_2 Pin=D20-1
Added Pin To Net: NetName=NetD18_2 Pin=Q8-1
Added Pin To Net: NetName=NetD18_2 Pin=R26-1
Added Pin To Net: NetName=NetD18_2 Pin=R27-1
Added Net: Name=NetD18_2
Added Pin To Net: NetName=NetD21_2 Pin=D21-2
Added Net: Name=NetD21_2
Added Pin To Net: NetName=NetD22_2 Pin=D22-2
Added Net: Name=NetD22_2
Added Pin To Net: NetName=NetR30_2 Pin=R30-2
Added Pin To Net: NetName=NetR30_2 Pin=U5-60
Added Net: Name=NetR30_2
Added Pin To Net: NetName=NetR36_1 Pin=R34-1
Added Pin To Net: NetName=NetR36_1 Pin=R39-2
Added Pin To Net: NetName=NetR36_1 Pin=U5-3
Added Net: Name=NetR36_1
Added Pin To Net: NetName=NetR37_2 Pin=R37-2
Added Pin To Net: NetName=NetR37_2 Pin=U5-4
Added Net: Name=NetR37_2
Added Pin To Net: NetName=NRST Pin=C23-2
Added Pin To Net: NetName=NRST Pin=R29-1
Added Pin To Net: NetName=NRST Pin=RS1-3
Added Pin To Net: NetName=NRST Pin=RS1-4
Added Pin To Net: NetName=NRST Pin=U5-7
Added Net: Name=NRST
