Removed Pin From Net: NetName=IGND Pin=C3-1
Removed Pin From Net: NetName=GND_MO Pin=C3-2
Removed Pin From Net: NetName=OP_5V Pin=C4-1
Removed Pin From Net: NetName=GND_MO Pin=C4-2
Removed Pin From Net: NetName=NetC31_1 Pin=C11-1
Removed Pin From Net: NetName=BH1 Pin=D21-1
Removed Pin From Net: NetName=NetD19_2 Pin=D21-2
Removed Pin From Net: NetName=GND_MO Pin=D27-1
Removed Pin From Net: NetName=NetD23_2 Pin=D27-2
Change Component DesignItemId : Designator=D21 Old DesignItemId=Diode Zener New DesignItemId=MMDL914-TP
Change Component DesignItemId : Designator=D27 Old DesignItemId=Diode Zener New DesignItemId=MMDL914-TP
Change Component Footprint: Designator=D21 Old Footprint=DO-35 New Footprint=SOD-323
Change Component Footprint: Designator=D27 Old Footprint=DO-35 New Footprint=SOD-323
Change Component Comment : Designator=D21 Old Comment= New Comment=15V
Change Component Comment : Designator=D27 Old Comment= New Comment=15V
Added Component: Designator=C24(0805_HV)
Added Component: Designator=C31(0805_HV)
Added Component: Designator=C34(1210)
Added Pin To Net: NetName=GND_MO Pin=C3-1
Added Pin To Net: NetName=DRV_12V Pin=C3-2
Added Pin To Net: NetName=GND_MO Pin=C4-1
Added Pin To Net: NetName=DRV_12V Pin=C4-2
Added Pin To Net: NetName=VIN Pin=C11-1
Added Pin To Net: NetName=OP_5V Pin=C4-1
Added Pin To Net: NetName=GND_MO Pin=C4-2
Added Pin To Net: NetName=NetC31_1 Pin=C11-1
Added Pin To Net: NetName=GND_MO Pin=C11-2
Added Pin To Net: NetName=IGND Pin=C3-1
Added Pin To Net: NetName=GND_MO Pin=C3-2
Added Pin To Net: NetName=NetD19_2 Pin=D21-1
Added Pin To Net: NetName=BH1 Pin=D21-2
Added Pin To Net: NetName=NetD23_2 Pin=D27-1
Added Pin To Net: NetName=GND_MO Pin=D27-2
Added Member To Class: ClassName=DCTODC_Multioutput Member=Component C24 C0805C225K4RACTU
Added Member To Class: ClassName=DCTODC_Multioutput Member=Component C31 C1608X5R1C105K
Added Member To Class: ClassName=DCTODC_Multioutput Member=Component C34 VJ1210A102JXGAT5Z
