Removed Pin From Net: NetName=IGND Pin=C3-1
Removed Pin From Net: NetName=GND_MO Pin=C3-2
Removed Pin From Net: NetName=OP_5V Pin=C4-1
Removed Pin From Net: NetName=GND_MO Pin=C4-2
Removed Pin From Net: NetName=NetC31_1 Pin=C11-1
Removed Member From Class: ClassName=H_bridge Member=C27
Removed Member From Class: ClassName=H_bridge Member=R33
Removed Member From Class: ClassName=H_bridge Member=R34
Removed Member From Class: ClassName=H_bridge Member=R35
Removed Member From Class: ClassName=H_bridge Member=R37
Removed Member From Class: ClassName=H_bridge Member=U5
Change Component Footprint: Designator=M1 Old Footprint=HDR1X4 New Footprint=Con 4 EDG 5.08
Added Component: Designator=C24(0805_HV)
Added Component: Designator=C31(0805_HV)
Added Component: Designator=C34(1210)
Added Pin To Net: NetName=GND_MO Pin=C3-1
Added Pin To Net: NetName=DRV_12V Pin=C3-2
Added Pin To Net: NetName=GND_MO Pin=C4-1
Added Pin To Net: NetName=DRV_12V Pin=C4-2
Added Pin To Net: NetName=VIN Pin=C11-1
Added Pin To Net: NetName=OP_5V Pin=C4-1
Added Pin To Net: NetName=GND_MO Pin=C4-2
Added Pin To Net: NetName=NetC31_1 Pin=C11-1
Added Pin To Net: NetName=GND_MO Pin=C11-2
Added Pin To Net: NetName=IGND Pin=C3-1
Added Pin To Net: NetName=GND_MO Pin=C3-2
Added Member To Class: ClassName=H_bridge Member=Component C3 104
Added Member To Class: ClassName=H_bridge Member=Component C4 104
Added Member To Class: ClassName=H_bridge Member=Component C7 10uF
Added Member To Class: ClassName=H_bridge Member=Component C11 390uF
Added Member To Class: ClassName=DCTODC_Multioutput Member=Component C24 C0805C225K4RACTU
Added Member To Class: ClassName=H_bridge Member=Component R5 0
Added Member To Class: ClassName=H_bridge Member=Component R6 0
Added Member To Class: ClassName=H_bridge Member=Component R7 10
Added Member To Class: ClassName=H_bridge Member=Component R9 10k
Added Member To Class: ClassName=H_bridge Member=Component U1 IR2103
