
ROM used:   2760 (67%)
            2760 (67%) including unused fragments

            4 Average locations per line
            17 Average locations per statement

RAM used:   53 (21%) at main() level
            82 (32%) worst case

Stack used: 7/31 worst case (4 in main + 3 for interrupts)

Lines Stmts  %   Files
----- ----- ---  -----
  332   165 100  main.c
    7     0   0  main.h
  343     0   0  C:\Program Files (x86)\PICC\devices\18F1220.h
----- -----
  682   165 Total

Page ROM  %  RAM   Vol Diff  Functions:
---- --- --- ---   --- ----  ----------
0     38   1   1             @delay_ms1
0     64   1   1             @PUTCHAR_1_
0    166   3   5    93  2.6  calculate_speed
0     56   1   2             @ITOF
0    242   4  11             @MULFF
0    348   6  14             @DIVFF
0     58   1   4             @SFTOI
0     12   0   1    43  2.0  ext0_isr
0    112   2   1   592  5.6  TIMER0_isr
0     14   0   0             @const103
0     32   1   2             @PSTRINGC_60
0     50   1   1   104  2.0  sleeping
0     34   1   0             @const107
0     42   1   3             @PSTRINGCN_60
0     40   1   3             @DIV88
0    220   4   6             @PRINTF_D_60
0      8   0   0    33  1.3  sleeping_disable
0     32   1   1   100  2.5  door_lock
0     32   1   1   100  2.5  door_unlock
0     90   2   3   395  5.0  open_mirror_remote
0     24   0   0             @const121
0     82   1   3   351  5.0  close_mirror_remote
0     24   0   0             @const124
0     56   1   1   171  3.8  open_mirror_BT
0     20   0   0             @const126
0     56   1   1   171  3.8  close_mirror_BT
0     20   0   0             @const128
0     58   1   2   429  4.2  button_touching
0    370   7   4  1708  6.8  MAIN
0     12   0   0             @const134
0     28   1   0             @const135
0    138   2   2             @PRINTF_U_60
 Inline        0             @cinit1

Program metrics:
    Functions               13
    Statements              165
    Comments                123
    Volume (V)              6713
    Difficulty (D)          46.4
    Effort to implement (E) 311281
    Time to implement (T)   4 hours, 48 minutes
    Est Delivered Bugs (B)  2
    Cyclomatic Complexity   27
    Maintainability (MI)    47

 Segment     Used  Free
-----------  ----  ----
00000-00002     4  0  
00004-00006     0  4  
00008-000B8   178  0  
000BA-00FFE  2578  1332  



