Added Component: Designator=C1(TU_NHOM_470uF_25V_MH)
Added Component: Designator=C2(TU_NHOM_470uF_25V_MH)
Added Component: Designator=D1(SOD123)
Added Component: Designator=L1(Inductor lm2576)
Added Component: Designator=U?(TO263-5)
Added Pin To Net: NetName=12V Pin=C1-1
Added Pin To Net: NetName=GND Pin=C1-2
Added Pin To Net: NetName=MO_5V Pin=C2-1
Added Pin To Net: NetName=GND Pin=C2-2
Added Pin To Net: NetName=GND Pin=D1-1
Added Pin To Net: NetName=MO_5V Pin=L1-2
Added Pin To Net: NetName=12V Pin=U?-1
Added Pin To Net: NetName=12V Pin=U?-1
Added Pin To Net: NetName=GND Pin=U?-3
Added Pin To Net: NetName=MO_5V Pin=U?-4
Added Pin To Net: NetName=GND Pin=U?-5
Added Pin To Net: NetName=NetD1_2 Pin=D1-2
Added Pin To Net: NetName=NetD1_2 Pin=L1-1
Added Pin To Net: NetName=NetD1_2 Pin=U?-2
Added Net: Name=NetD1_2
