Removed Pin From Net: NetName=NetP1_8 Pin=RB1-4
Removed Pin From Net: NetName=NetP1_7 Pin=RB1-5
Removed Pin From Net: NetName=NetP1_6 Pin=RB1-6
Removed Pin From Net: NetName=NetP1_5 Pin=RB1-7
Removed Pin From Net: NetName=NetP1_4 Pin=RB1-8
Removed Pin From Net: NetName=NetP1_3 Pin=RB1-9
Removed Pin From Net: NetName=NetP1_3 Pin=U3-2
Removed Pin From Net: NetName=NetP1_4 Pin=U3-3
Removed Pin From Net: NetName=NetP1_5 Pin=U3-4
Removed Pin From Net: NetName=NetP1_6 Pin=U3-5
Removed Pin From Net: NetName=NetP1_7 Pin=U3-6
Removed Pin From Net: NetName=NetP1_8 Pin=U3-7
Added Pin To Net: NetName=NetP1_3 Pin=RB1-2
Added Pin To Net: NetName=NetP1_4 Pin=RB1-3
Added Pin To Net: NetName=NetP1_5 Pin=RB1-4
Added Pin To Net: NetName=NetP1_6 Pin=RB1-5
Added Pin To Net: NetName=NetP1_7 Pin=RB1-6
Added Pin To Net: NetName=NetP1_8 Pin=RB1-7
Added Pin To Net: NetName=NetP1_8 Pin=U3-4
Added Pin To Net: NetName=NetP1_7 Pin=U3-5
Added Pin To Net: NetName=NetP1_6 Pin=U3-6
Added Pin To Net: NetName=NetP1_5 Pin=U3-7
Added Pin To Net: NetName=NetP1_4 Pin=U3-8
Added Pin To Net: NetName=NetP1_3 Pin=U3-9
Added Pin To Net: NetName=NetRB1_8 Pin=RB1-8
Added Pin To Net: NetName=NetRB1_8 Pin=U3-3
Added Net: Name=NetRB1_8
Added Pin To Net: NetName=NetRB1_9 Pin=RB1-9
Added Pin To Net: NetName=NetRB1_9 Pin=U3-2
Added Net: Name=NetRB1_9
