Added Component: Designator=RB1(TRO_BANG_A09)
Added Component: Designator=RB2(TRO_BANG_A09)
Added Pin To Net: NetName=GND Pin=RB1-1
Added Pin To Net: NetName=GND Pin=RB2-1
Added Pin To Net: NetName=NetRB1_2 Pin=RB1-2
Added Pin To Net: NetName=NetRB1_2 Pin=U3-9
Added Net: Name=NetRB1_2
Added Pin To Net: NetName=NetRB1_3 Pin=RB1-3
Added Pin To Net: NetName=NetRB1_3 Pin=U3-8
Added Net: Name=NetRB1_3
Added Pin To Net: NetName=NetRB1_4 Pin=RB1-4
Added Pin To Net: NetName=NetRB1_4 Pin=U3-7
Added Net: Name=NetRB1_4
Added Pin To Net: NetName=NetRB1_5 Pin=RB1-5
Added Pin To Net: NetName=NetRB1_5 Pin=U3-6
Added Net: Name=NetRB1_5
Added Pin To Net: NetName=NetRB1_6 Pin=RB1-6
Added Pin To Net: NetName=NetRB1_6 Pin=U3-5
Added Net: Name=NetRB1_6
Added Pin To Net: NetName=NetRB1_7 Pin=RB1-7
Added Pin To Net: NetName=NetRB1_7 Pin=U3-4
Added Net: Name=NetRB1_7
Added Pin To Net: NetName=NetRB1_8 Pin=RB1-8
Added Pin To Net: NetName=NetRB1_8 Pin=U3-3
Added Net: Name=NetRB1_8
Added Pin To Net: NetName=NetRB1_9 Pin=RB1-9
Added Pin To Net: NetName=NetRB1_9 Pin=U3-2
Added Net: Name=NetRB1_9
Added Pin To Net: NetName=NetRB2_2 Pin=RB2-2
Added Pin To Net: NetName=NetRB2_2 Pin=U4-9
Added Net: Name=NetRB2_2
Added Pin To Net: NetName=NetRB2_3 Pin=RB2-3
Added Pin To Net: NetName=NetRB2_3 Pin=U4-8
Added Net: Name=NetRB2_3
Added Pin To Net: NetName=NetRB2_4 Pin=RB2-4
Added Pin To Net: NetName=NetRB2_4 Pin=U4-7
Added Net: Name=NetRB2_4
Added Pin To Net: NetName=NetRB2_5 Pin=RB2-5
Added Pin To Net: NetName=NetRB2_5 Pin=U4-6
Added Net: Name=NetRB2_5
Added Pin To Net: NetName=NetRB2_6 Pin=RB2-6
Added Pin To Net: NetName=NetRB2_6 Pin=U4-5
Added Net: Name=NetRB2_6
Added Pin To Net: NetName=NetRB2_7 Pin=RB2-7
Added Pin To Net: NetName=NetRB2_7 Pin=U4-4
Added Net: Name=NetRB2_7
Added Pin To Net: NetName=NetRB2_8 Pin=RB2-8
Added Pin To Net: NetName=NetRB2_8 Pin=U4-3
Added Net: Name=NetRB2_8
Added Pin To Net: NetName=NetRB2_9 Pin=RB2-9
Added Pin To Net: NetName=NetRB2_9 Pin=U4-2
Added Net: Name=NetRB2_9
