>>> Warning 203 "C:\Users\quangnt\Desktop\newGSM\scan_key.c" Line 342(1,1): Condition always TRUE
>>> Warning 201 "C:\Users\quangnt\Desktop\newGSM\uart_tool.c" Line 81(1,1): Assignment inside relational expression
>>> Warning 214 "C:\Users\quangnt\Desktop\newGSM\mcr.c" Line 67(1,1): Operator precedance rules may not be as intended, use () to clarify
>>> Warning 214 "C:\Users\quangnt\Desktop\newGSM\mcr.c" Line 67(1,1): Operator precedance rules may not be as intended, use () to clarify
>>> Warning 214 "C:\Users\quangnt\Desktop\newGSM\mcr.c" Line 67(1,1): Operator precedance rules may not be as intended, use () to clarify
>>> Warning 214 "C:\Users\quangnt\Desktop\newGSM\mcr.c" Line 67(1,1): Operator precedance rules may not be as intended, use () to clarify
>>> Warning 214 "C:\Users\quangnt\Desktop\newGSM\mcr.c" Line 67(1,1): Operator precedance rules may not be as intended, use () to clarify
>>> Warning 214 "C:\Users\quangnt\Desktop\newGSM\mcr.c" Line 73(1,1): Operator precedance rules may not be as intended, use () to clarify
>>> Warning 214 "C:\Users\quangnt\Desktop\newGSM\mcr.c" Line 73(1,1): Operator precedance rules may not be as intended, use () to clarify
>>> Warning 214 "C:\Users\quangnt\Desktop\newGSM\mcr.c" Line 73(1,1): Operator precedance rules may not be as intended, use () to clarify
>>> Warning 214 "C:\Users\quangnt\Desktop\newGSM\mcr.c" Line 73(1,1): Operator precedance rules may not be as intended, use () to clarify
>>> Warning 214 "C:\Users\quangnt\Desktop\newGSM\mcr.c" Line 73(1,1): Operator precedance rules may not be as intended, use () to clarify
>>> Warning 214 "C:\Users\quangnt\Desktop\newGSM\mcr.c" Line 84(1,1): Operator precedance rules may not be as intended, use () to clarify
>>> Warning 214 "C:\Users\quangnt\Desktop\newGSM\mcr.c" Line 84(1,1): Operator precedance rules may not be as intended, use () to clarify
>>> Warning 214 "C:\Users\quangnt\Desktop\newGSM\mcr.c" Line 84(1,1): Operator precedance rules may not be as intended, use () to clarify
>>> Warning 214 "C:\Users\quangnt\Desktop\newGSM\mcr.c" Line 90(1,1): Operator precedance rules may not be as intended, use () to clarify
>>> Warning 214 "C:\Users\quangnt\Desktop\newGSM\mcr.c" Line 90(1,1): Operator precedance rules may not be as intended, use () to clarify
>>> Warning 214 "C:\Users\quangnt\Desktop\newGSM\mcr.c" Line 90(1,1): Operator precedance rules may not be as intended, use () to clarify
>>> Warning 203 "main.c" Line 283(1,1): Condition always TRUE
>>> Warning 216 "main.c" Line 945(0,1): Interrupts disabled during call to prevent re-entrancy:  (read_ext_eeprom)
>>> Warning 216 "main.c" Line 945(0,1): Interrupts disabled during call to prevent re-entrancy:  (write_ext_eeprom)
>>> Warning 216 "main.c" Line 945(0,1): Interrupts disabled during call to prevent re-entrancy:  (read_DS1307)
>>> Warning 216 "main.c" Line 945(0,1): Interrupts disabled during call to prevent re-entrancy:  (@I2C_WRITE_1)
>>> Warning 216 "main.c" Line 945(0,1): Interrupts disabled during call to prevent re-entrancy:  (@PUTCHAR_2_)
>>> Warning 216 "main.c" Line 945(0,1): Interrupts disabled during call to prevent re-entrancy:  (@DIV88)
>>> Warning 216 "main.c" Line 945(0,1): Interrupts disabled during call to prevent re-entrancy:  (save_ptrcard)
>>> Warning 216 "main.c" Line 945(0,1): Interrupts disabled during call to prevent re-entrancy:  (save_coutcard)
>>> Warning 216 "main.c" Line 945(0,1): Interrupts disabled during call to prevent re-entrancy:  (get_countcard)
>>> Warning 216 "main.c" Line 945(0,1): Interrupts disabled during call to prevent re-entrancy:  (@MUL1616)
>>> Warning 216 "main.c" Line 945(0,1): Interrupts disabled during call to prevent re-entrancy:  (@PRINTF_LD_81)
>>> Warning 216 "main.c" Line 945(0,1): Interrupts disabled during call to prevent re-entrancy:  (@PSTRINGC_81)
>>> Warning 216 "main.c" Line 945(0,1): Interrupts disabled during call to prevent re-entrancy:  (@PSTRINGCN_81)
>>> Warning 216 "main.c" Line 945(0,1): Interrupts disabled during call to prevent re-entrancy:  (@PRINTF_D_81)
>>> Warning 216 "main.c" Line 945(0,1): Interrupts disabled during call to prevent re-entrancy:  (@delay_ms1)
>>> Warning 202 "C:\Users\quangnt\Desktop\newGSM\scan_key.c" Line 46(6,21): Variable never used:   count_strobe_kb
>>> Warning 202 "C:\Users\quangnt\Desktop\newGSM\scan_key.c" Line 257(6,14): Variable never used:   KB_count
>>> Warning 202 "C:\Users\quangnt\Desktop\newGSM\scan_key.c" Line 260(16,30): Variable never used:   kbd_call_count
>>> Warning 202 "C:\Users\quangnt\Desktop\newGSM\scan_key.c" Line 261(16,24): Variable never used:   kbd_down
>>> Warning 202 "C:\Users\quangnt\Desktop\newGSM\scan_key.c" Line 262(16,24): Variable never used:   last_key
>>> Warning 202 "C:\Users\quangnt\Desktop\newGSM\scan_key.c" Line 335(9,12): Variable never used:   col
>>> Warning 202 "C:\Users\quangnt\Desktop\newGSM\GSM.c" Line 29(6,13): Variable never used:   sim_bug
>>> Warning 202 "C:\Users\quangnt\Desktop\newGSM\GSM.c" Line 30(15,26): Variable never used:   msg_buffer1
>>> Warning 202 "C:\Users\quangnt\Desktop\newGSM\GSM.c" Line 31(15,26): Variable never used:   msg_buffer2
>>> Warning 202 "C:\Users\quangnt\Desktop\newGSM\GSM.c" Line 37(18,32): Variable never used:   MSG_sending_st
>>> Warning 202 "C:\Users\quangnt\Desktop\newGSM\GSM.c" Line 40(6,17): Variable never used:   send_oneMSG
>>> Warning 202 "C:\Users\quangnt\Desktop\newGSM\GSM.c" Line 41(6,18): Variable never used:   SIM_reply_st
>>> Warning 202 "C:\Users\quangnt\Desktop\newGSM\GSM.c" Line 42(6,18): Variable never used:   checking_sim
>>> Warning 202 "C:\Users\quangnt\Desktop\newGSM\GSM.c" Line 43(7,21): Variable never used:   count_checking
>>> Warning 202 "C:\Users\quangnt\Desktop\newGSM\GSM.c" Line 510(9,13): Variable never used:   temp
>>> Warning 202 "C:\Users\quangnt\Desktop\newGSM\mcr.c" Line 425(10,11): Variable never used:   i
>>> Warning 202 "main.c" Line 154(9,10): Variable never used:   i
>>> Warning 202 "main.c" Line 154(11,15): Variable never used:   temp
>>> Warning 202 "main.c" Line 154(16,26): Variable never used:   count_char
>>> Warning 202 "main.c" Line 155(17,25): Variable never used:   num_card
>>> Warning 202 "main.c" Line 155(26,31): Variable never used:   cards
>>> Warning 202 "main.c" Line 155(32,38): Variable never used:   countc
>>> Warning 202 "main.c" Line 155(39,49): Variable never used:   count_dwla
>>> Warning 202 "main.c" Line 156(17,24): Variable never used:   lastlen
>>> Warning 202 "main.c" Line 157(10,13): Variable never used:   len
>>> Warning 202 "main.c" Line 157(16,24): Variable never used:   addr_dat
>>> Warning 202 "main.c" Line 158(9,13): Variable never used:   strl
>>> Warning 202 "main.c" Line 158(14,15): Variable never used:   j
>>> Warning 202 "main.c" Line 159(10,16): Variable never used:   string
>>> Warning 202 "main.c" Line 159(20,27): Variable never used:   buftemp
>>> Warning 202 "main.c" Line 159(33,41): Variable never used:   buftemp2
      Memory usage:   ROM=41%      RAM=71% - 76%
      0 Errors,  65 Warnings.
Build Successful.
