
ROM used:   26900 (41%)
            26900 (41%) including unused fragments

            4 Average locations per line
            15 Average locations per statement

RAM used:   2696 (71%) at main() level
            2873 (76%) worst case

Stack used: 10/31 worst case (5 in main + 5 for interrupts)

Lines Stmts  %   Files
----- ----- ---  -----
  944   120   7  main.c
   33     0   0  main.h
  524     0   0  ..\..\..\..\Program Files (x86)\PICC\devices\18F26j11.h
 1351   359  20  ..\..\..\..\Program Files (x86)\PICC\drivers\stdlib.h
   32     0   0  ..\..\..\..\Program Files (x86)\PICC\drivers\stddef.h
  423   125   7  ..\..\..\..\Program Files (x86)\PICC\drivers\string.h
   28     0   0  ..\..\..\..\Program Files (x86)\PICC\drivers\ctype.h
   95    30   2  24512.C
  236    69   4  eeprom.c
  423     0   0  ..\..\..\..\Program Files (x86)\PICC\drivers\STRING.H
  137    53   3  ds1307.C
  354   180  10  scan_key.c
   92    45   2  uart_tool.c
  520   294  16  GSM.c
  613   307  17  mcr.c
  378   241  13  mode.c
----- -----
 6183  1823 Total

Page ROM  %  RAM   Vol Diff  Functions:
---- --- --- ---   --- ----  ----------
0     40   0   1             @delay_ms1
0     38   0   1             @delay_us1
0     70   0   1             @PUTCHAR_2_
0     78   0   1             @GETCH_2_
0     34   0   5             @MUL1616
0    106   0   3             @I2C_READ_1
0    118   0   1             @I2C_WRITE_1
0     10   0   0    48  1.1  init_ext_eeprom
0    262   0   7   331  4.0  write_ext_eeprom
0    168   0   5   216  2.9  read_ext_eeprom
0    134   0  12   299  4.4  I2CEEPROM_read
0     34   0   6   144  5.0  del_buf
0     84   0   7   220  6.0  EEPROM_write
0     90   0   8   220  6.0  EEPROM_read
0    318   1  25   578  5.9  get_ptrcard
0    134   0  15   685  4.8  save_ptrcard
0     60   0   7   333  4.7  save_coutcard
0     80   0  10   290  5.6  get_countcard
0    292   1   2   417  4.3  format_eepromext
0    186   0   2   254  4.1  ease_eeprom
0    108   0   2   333  3.6  init_password
0     26   0   0             @MEMSET
0     22   0   0             @const432
0     54   0  23   180  2.8  reset_password
0    152   0   2   172  2.4  read_DS1307
0    174   0   2   190  1.9  write_DS1307
0    280   1   1   240  2.3  rtc_init
0     62   0   4   171  5.3  get_bcd
0     44   0   3             @DIV88
0     50   0   3   166  4.3  rm_bcd
0    170   0   7   429  2.2  rtc_set_datetime
 Inline        5   238  3.1  rtc_get_date
 Inline        4   170  3.0  rtc_get_time
0     36   0   0             @const484
0    442   1   4  2505  9.8  kbd_getc
0     36   0   0             @goto11605
0    200   0   2   630  4.9  read_col
0     36   0   0             @goto11687
0   1592   3  23  2916  7.4  check_col
0    148   0  13             @DIV3232
0     14   0   0             @const526
0     42   0   3             @PSTRINGCN_81
0    192   0  12             @PRINTF_L32U_81
0     14   0   0             @const531
0     14   0   0             @const532
0     14   0   0             @const533
0     14   0   0             @const534
0    342   1   7  1538  7.7  kbd_getc_slv
0     18   0   0             @const544
0    196   0   6             @PRINTF_D_81
0    328   1   6   678  7.1  save_key_new
0     10   0   0             @const552
0     32   0   2             @PSTRINGC_81
0      4   0   0             @const559
0    312   1  11  1198 14.2  USART_getstring
0    152   0   9   331  6.3  stringcomp
0     78   0   6   363  5.3  strtoi
0      6   0   0             @const601
0     12   0   0             @const603
0    196   0   2             @PRINTF_U_81
0      6   0   0             @const619
0      6   0   0             @const620
0      6   0   0             @const621
0      6   0   0             @const622
0      6   0   0             @const623
0     12   0   0             @const626
0     12   0   0             @const643
0     12   0   0             @const644
0     12   0   0             @const645
0     12   0   0             @const646
0     12   0   0             @const647
0     12   0   0             @const648
0     12   0   0             @const649
0     12   0   0             @const650
0     10   0   0             @const660
0     12   0   0             @const664
0     12   0   0             @const665
0     12   0   0             @const673
0     16   0   0             @const674
0     10   0   0             @const675
0     40   0   0             @const676
0     14   0   0             @const677
0     10   0   0             @const678
0     20   0   0             @const679
0     28   0   0             @const680
0     28   0   0             @const681
0    102   0  10   354  4.8  makebyte
0    432   1  17   820  7.5  check_lrc_T1
0    320   1  13   643  7.5  check_lrc_T2
0   4140   8  34  8021 11.6  detect_pos_st
0   1044   2  30  2391  8.1  con_data_track
0    148   0   3   325  4.1  debug_reader
0     22   0   0             @const760
0     22   0   0             @const762
0   1152   2   6  2694  8.6  saving_card
0     22   0   0             @const767
0      6   0   0             @const769
0     16   0   0             @const770
0     24   0   0             @const772
0    778   1  13  3107  9.2  mcr_read
0     20   0   0             @const783
0    190   0   9             @PRINTF_LU_81
0     20   0   0             @const786
0     22   0   0             @const787
0     22   0   0             @const788
0    126   0   1   386  4.1  read_card_T1
0     16   0   0             @const790
0     14   0   0             @const791
0     18   0   0             @const795
0     18   0   0             @const796
0    154   0   0   147  2.4  rstfact
0   5796  11  54 13678 12.0  adminmode
0     52   0   2             @PSTRINGR_81
0     18   0   0             @const812
0    246   0   9             @PRINTF_LD_81
0    278   1   6             @PRINTF_D0_81
0     18   0   0             @const820
0     18   0   0             @const821
0     16   0   0             @const822
0     18   0   0             @const824
0     14   0   0             @const825
0      8   0   0             @const826
0     22   0   0             @const827
0     14   0   0             @const828
0      8   0   0             @const829
0     22   0   0             @const830
0     22   0   0             @const831
0      8   0   0             @const832
0     22   0   0             @const833
0     20   0   0             @const834
0     24   0   0             @const835
0     16   0   0             @const836
0     18   0   0             @const837
0      8   0   0             @const838
0     18   0   0             @const839
0     18   0   0             @const840
0      6   0   0             @const841
0     18   0   0             @const842
0      4   0   0             @const843
0      4   0   0             @const844
0     20   0   0             @const848
0      6   0   0             @const849
0      8   0   0             @const850
0      6   0   0             @const851
0      6   0   0             @const852
0      6   0   0             @const853
0     10   0   0             @const854
0     10   0   0             @const855
0     20   0   0             @const857
0     32   0   0             @const858
0     32   0   0             @const860
0     20   0   0             @const863
0     30   0   0             @const864
0     30   0   0             @const866
0     26   0   0             @const869
0     14   0   0             @const870
0     24   0   0             @const873
0     14   0   0             @const874
0     24   0   0             @const877
0     14   0   0             @const878
0     18   0   0             @const881
0     12   0   0             @const882
0     18   0   0             @const883
0     18   0   0             @const884
0     32   0   0             @const885
0     28   0   0             @const886
0     14   0   0             @const887
0     12   0   0             @const888
0     44   0   0             @const889
0     34   0   0             @const890
0     36   0   0             @const891
0     40   0   0             @const892
0     28   0   0             @const893
0     34   0   0             @const894
0     26   0   0             @const895
0     34   0   0             @const896
0     26   0   0             @const897
0     14   0   0             @const898
0      8   0   0             @const899
0     10   0   0             @const900
0      8   0   0             @const901
0      8   0   0             @const902
0      6   0   0             @const903
0     22   0   0             @const904
0     32   0   0             @const905
0     32   0   0             @const907
0     84   0   3   295  4.8  RDA_isr
0     16   0   0    42  1.4  timer1
0    516   1   3  1524  7.1  timer0
0     16   0   0             @const918
0     16   0   0             @const919
0     16   0   0             @const920
0     28   0   0             @const921
0   1124   2 189  2485  6.7  MAIN
0     10   0   0             @const940
0      6   0   0             @const941
0      6   0   0             @const942
 Inline        0             @cinit1

Program metrics:
    Functions               46
    Statements              1823
    Comments                1508
    Volume (V)              86875
    Difficulty (D)          246.8
    Effort to implement (E) 21438296
    Time to implement (T)   330 hours, 50 minutes
    Est Delivered Bugs (B)  26
    Cyclomatic Complexity   159
    Maintainability (MI)    98

 Segment     Used  Free
-----------  ----  ----
00000-00002     4  0  
00004-00006     0  4  
00008-000D0   202  0  
000D2-0FFF6  26694  38624  



