
ROM used:   39304/65528 (60%)
            39304/65528 (60%) including unused fragments

            5.7 Average locations per line
            15.1 Average locations per statement

RAM used:   2706/3776 (72%) at main() level
            2801/3776 (74%) worst case

Stack used: 8 worst case (4 in main + 4 for interrupts)
Stack size: 31

Lines Stmts  %   Files
----- ----- ---  -----
 1181   781  30  main.c
   39     0   0  main.h
  882     0   0  ..\..\..\..\..\..\..\..\..\Program Files (x86)\PICC\Devices\18F26j11.h
 1351   359  14  ..\..\..\..\..\..\..\..\..\Program Files (x86)\PICC\Drivers\stdlib.h
   32     0   0  ..\..\..\..\..\..\..\..\..\Program Files (x86)\PICC\Drivers\stddef.h
  423   125   5  ..\..\..\..\..\..\..\..\..\Program Files (x86)\PICC\Drivers\string.h
   28     0   0  ..\..\..\..\..\..\..\..\..\Program Files (x86)\PICC\Drivers\ctype.h
   95    30   1  24512.C
  242    72   3  eeprom.c
  423     0   0  ..\..\..\..\..\..\..\..\..\Program Files (x86)\PICC\Drivers\STRING.H
  137    53   2  ds1307.C
  422   230   9  scan_key.c
   92    45   2  uart_tool.c
  548   302  12  GSM.c
  614   308  12  mcr.c
  399   290  11  mode.c
----- -----
 6908  2595 Total

Page ROM  %  RAM    Vol Diff  Functions:
---- --- --- ---    --- ----  ----------
0     40   0    1             @delay_ms1
0     36   0    1             @delay_us1
0      8   0    0             @PUTCHARI_BIU_1
0     70   0    1             @PUTCHAR_2_
0    150   0    7    354  9.4  strncmp
0     58   0    5    140  5.0  strlen
0     80   0    2             @MUL88
0    404   1    9   1815 10.5  atoi
0    440   1   27   1075 11.2  itoa
0     94   0   14             @MUL3232
0    234   0   14             @DIVS3232
0     34   0    5             @MUL1616
0    106   0    3             @I2C_READ_1
0    118   0    1             @I2C_WRITE_1
0     10   0    0     48  1.1  init_ext_eeprom
0    262   0    7    331  4.0  write_ext_eeprom
0    168   0    5    216  2.9  read_ext_eeprom
0    134   0   12    299  4.4  I2CEEPROM_read
0     32   0    6    144  5.0  del_buf
0     80   0    7    220  6.0  EEPROM_write
0     88   0    8    220  6.0  EEPROM_read
0    318   0   25    578  5.9  get_ptrcard
0    126   0   15    685  4.8  save_ptrcard
0     58   0    7    333  4.7  save_coutcard
0     80   0   10    290  5.6  get_countcard
0    288   0    2    417  4.3  format_eepromext
0    184   0    2    254  4.1  ease_eeprom
0    110   0    2    333  3.6  init_password
0     26   0    0             @MEMSET
0     22   0    0             @const1012
0     52   0   23    166  4.0  reset_password
0     54   0   23    180  2.8  reset_2nd_number
0    152   0    2    172  2.4  read_DS1307
0    174   0    2    190  1.9  write_DS1307
0    278   0    1    240  2.3  rtc_init
0     62   0    4    171  5.3  get_bcd
0     44   0    3             @DIV88
0     50   0    3    166  4.3  rm_bcd
0    170   0    7    429  2.2  rtc_set_datetime
 Inline         5    238  3.1  rtc_get_date
 Inline         4    170  3.0  rtc_get_time
0     36   0    0             @const1069
0     40   0    0             @const1073
0    444   1    4   2505  9.8  kbd_getc
0     36   0    0             @goto12144
0    232   0    2    762  4.9  read_col
0     38   0    0             @goto12228
0   1582   2   23   2916  7.4  check_col
0    148   0   13             @DIV3232
0     14   0    0             @const1116
0     42   0    3             @PSTRINGCN_662
0    192   0   12             @PRINTF_L32U_662
0     14   0    0             @const1121
0     14   0    0             @const1122
0     14   0    0             @const1123
0     14   0    0             @const1124
0   2034   3   27   3813  7.4  new_check_col
0     14   0    0             @const1135
0     14   0    0             @const1136
0     14   0    0             @const1137
0     14   0    0             @const1138
0     14   0    0             @const1139
0     14   0    0             @const1140
0    406   1    7   1790  7.6  kbd_getc_slv
0     18   0    0             @const1150
0    196   0    6             @PRINTF_D_662
0    340   0    5    792  8.1  save_key_new
0     10   0    0             @const1158
0     32   0    2             @PSTRINGC_662
0      4   0    0             @const1165
0    152   0    9    331  6.3  stringcomp
0      6   0    0             @const1212
0     34   0    2             @PSTRINGC_9600_31766_31767
0     12   0    0             @const1214
0      6   0    0             @const1230
0      6   0    0             @const1231
0      6   0    0             @const1232
0      6   0    0             @const1233
0      6   0    0             @const1234
0     12   0    0             @const1237
0    106   0   13    249  5.5  pre_msg
0     12   0    0             @const1254
0     12   0    0             @const1255
0     12   0    0             @const1256
0     12   0    0             @const1257
0     12   0    0             @const1258
0     12   0    0             @const1259
0     12   0    0             @const1260
0     12   0    0             @const1261
0     10   0    0             @const1271
0     12   0    0             @const1275
0     12   0    0             @const1276
0     22   0    0             @const1278
0   1738   2    3   5875  7.9  SMS_coming
0     16   0    0             @const1284
0    200   0    9             @PRINTF_LU_662
0     16   0    0             @const1287
0     14   0    0             @const1288
0     44   0    0             @const1289
0     14   0    0             @const1290
0     22   0    0             @const1291
0     10   0    0             @const1292
0     20   0    0             @const1293
0     28   0    0             @const1294
0     28   0    0             @const1295
0    672   1   14   2711  9.0  analyzing_msg
0     28   0    4    120  4.5  ascii2int
0    104   0    2    455  3.3  updatetime2ds1307
0    102   0   10    354  4.8  makebyte
0    432   1   17    820  7.5  check_lrc_T1
0    320   0   13    643  7.5  check_lrc_T2
0   3074   4   34   8021 11.6  detect_pos_st
0    992   1   30   2391  8.1  con_data_track
0    148   0    3    325  4.1  debug_reader
0     22   0    0             @const1375
0     22   0    0             @const1377
0   1150   1    6   2730  8.6  saving_card
0     22   0    0             @const1382
0      6   0    0             @const1384
0     16   0    0             @const1385
0     24   0    0             @const1387
0    778   1   13   3107  9.2  mcr_read
0     20   0    0             @const1398
0     20   0    0             @const1399
0     22   0    0             @const1400
0     22   0    0             @const1401
0    130   0    1    418  4.1  read_card_T1
0     18   0    0             @const1403
0     16   0    0             @const1404
0     18   0    0             @const1408
0     18   0    0             @const1409
0    720   1    0    826  3.8  rstfact
0     18   0    0             @const1418
0     34   0    0             @const1419
0     36   0    0             @const1420
0     16   0    0             @const1421
0     18   0    0             @const1422
0     16   0    0             @const1423
0     16   0    0             @const1424
0    258   0    9             @PRINTF_LD_662
0     18   0    0             @const1440
0     18   0    0             @const1441
0     16   0    0             @const1442
0     14   0    0             @const1445
0      8   0    0             @const1446
0     14   0    0             @const1448
0      8   0    0             @const1449
0     22   0    0             @const1451
0      8   0    0             @const1452
0     20   0    0             @const1454
0     24   0    0             @const1455
0     16   0    0             @const1456
0      8   0    0             @const1458
0     18   0    0             @const1460
0      6   0    0             @const1461
0      4   0    0             @const1463
0      4   0    0             @const1464
0     22   0    0             @const1466
0     20   0    0             @const1467
0      6   0    0             @const1474
0      8   0    0             @const1475
0      6   0    0             @const1476
0      6   0    0             @const1477
0      6   0    0             @const1478
0     10   0    0             @const1479
0     10   0    0             @const1480
0     32   0    0             @const1483
0     32   0    0             @const1485
0     30   0    0             @const1489
0     30   0    0             @const1491
0     14   0    0             @const1495
0     38   0    0             @const1499
0     38   0    0             @const1501
0     34   0    0             @const1505
0     10   0    0             @const1506
0     32   0    0             @const1511
0     32   0    0             @const1513
0     12   0    0             @const1517
0     18   0    0             @const1518
0     18   0    0             @const1519
0     32   0    0             @const1520
0     28   0    0             @const1521
0     14   0    0             @const1522
0     12   0    0             @const1523
0     44   0    0             @const1524
0     34   0    0             @const1525
0     36   0    0             @const1526
0     40   0    0             @const1527
0     28   0    0             @const1528
0     38   0    0             @const1529
0     26   0    0             @const1530
0     48   0    0             @const1531
0     40   0    0             @const1532
0     26   0    0             @const1533
0     14   0    0             @const1534
0      8   0    0             @const1535
0     10   0    0             @const1536
0      8   0    0             @const1537
0      8   0    0             @const1538
0      6   0    0             @const1539
0     32   0    0             @const1541
0     32   0    0             @const1543
0    182   0    3    785  5.2  RDA_isr
0      6   0    0             @const1548
0     22   0    0             @const1549
0     16   0    0     42  1.4  timer1
0    566   1    5   1731  6.9  timer0
0     16   0    0             @const1554
0     16   0    0             @const1555
0     50   0    0             @const1556
0     16   0    0             @const1557
0     28   0    0             @const1558
0  11628  15  192  42990 15.5  MAIN
0     16   0    0             @const1577
0      6   0    0             @const1578
0     12   0    0             @const1579
0     24   0    0             @const1580
0     12   0    0             @const1581
0     12   0    0             @const1582
0     12   0    0             @const1583
0     12   0    0             @const1584
0     12   0    0             @const1585
0     20   0    0             @const1586
0     20   0    0             @const1587
0     26   0    0             @const1588
0     24   0    0             @const1589
0     24   0    0             @const1590
0     26   0    0             @const1591
0     24   0    0             @const1592
0     12   0    0             @const1593
0     18   0    0             @const1594
0     12   0    0             @const1595
0     16   0    0             @const1596
0     18   0    0             @const1597
0     46   0    0             @const1598
0     30   0    0             @const1599
0     26   0    0             @const1600
0      8   0    0             @const1602
0     10   0    0             @const1604
0     22   0    0             @const1606
0     24   0    0             @const1607
0      8   0    0             @const1609
0     34   0    0             @const1610
0     24   0    0             @const1611
0     36   0    0             @const1612
0     24   0    0             @const1615
0      4   0    0             @const1618
0     18   0    0             @const1619
0     32   0    0             @const1620
0     32   0    0             @const1621
0     26   0    0             @const1622
0      8   0    0             @const1624
0     10   0    0             @const1626
0     34   0    0             @const1628
0     22   0    0             @const1629
0     36   0    0             @const1630
0     24   0    0             @const1633
0      4   0    0             @const1636
0     18   0    0             @const1637
0     42   0    0             @const1639
0     24   0    0             @const1641
0     10   0    0             @const1643
0     26   0    0             @const1645
0     20   0    0             @const1646
0     22   0    0             @const1647
0      8   0    0             @const1648
0     20   0    0             @const1650
0     22   0    0             @const1651
0      8   0    0             @const1652
0     42   0    0             @const1654
0     30   0    0             @const1655
0     24   0    0             @const1656
0     24   0    0             @const1658
0      8   0    0             @const1660
0     26   0    0             @const1662
0      8   0    0             @const1664
0     30   0    0             @const1666
0     16   0    0             @const1668
0     26   0    0             @const1670
0     26   0    0             @const1671
0     26   0    0             @const1673
0     26   0    0             @const1674
0     26   0    0             @const1676
0     18   0    0             @const1677
0     30   0    0             @const1679
0     28   0    0             @const1681
0     24   0    0             @const1683
0      8   0    0             @const1684
0     26   0    0             @const1687
0      8   0    0             @const1688
0     30   0    0             @const1690
0     22   0    0             @const1692
0     14   0    0             @const1693
0      8   0    0             @const1694
0     24   0    0             @const1695
0     14   0    0             @const1696
0      8   0    0             @const1697
0     26   0    0             @const1699
0     28   0    0             @const1700
0     30   0    0             @const1701
0     30   0    0             @const1702
0     30   0    0             @const1703
0     16   0    0             @const1704
0     26   0    0             @const1705
0     30   0    0             @const1706
0     34   0    0             @const1708
0     16   0    0             @const1710
0     12   0    0             @const1711
0     26   0    0             @const1712
0     26   0    0             @const1713
0     22   0    0             @const1714
0     16   0    0             @const1715
0     18   0    0             @const1716
0     12   0    0             @const1717
0     10   0    0             @const1718
0     32   0    0             @const1720
0     36   0    0             @const1721
0     34   0    0             @const1722
0      8   0    0             @const1723
0     12   0    0             @const1724
0     18   0    0             @const1725
0     22   0    0             @const1726
0      6   0    0             @const1727
0     22   0    0             @const1728
0     10   0    0             @const1729
0     14   0    0             @const1730
0     12   0    0             @const1731
0     16   0    0             @const1732
0     68   0    0             @goto15304
 Inline         0             @cinit1

Program metrics:
    Functions               54
    Statements              2595
    Comments                1685
    Volume (V)              147882
    Difficulty (D)          295.9
    Effort to implement (E) 43757860
    Time to implement (T)   675 hours, 17 minutes
    Est Delivered Bugs (B)  41
    Cyclomatic Complexity   290
    Maintainability (MI)    101

 Segment     Used  Free
-----------  ----  ----
00000-00002     4  0  
00004-00006     0  4  
00008-000D0   202  0  
000D2-0FFF6  39098  26220  



