Removed Pin From Net: NetName=L1 Pin=SOCKET1-1
Removed Pin From Net: NetName=L1 Pin=SOCKET1-1
Removed Pin From Net: NetName=L1 Pin=SOCKET1-1
Removed Pin From Net: NetName=N Pin=SOCKET1-2
Removed Pin From Net: NetName=N Pin=SOCKET1-2
Removed Pin From Net: NetName=N Pin=SOCKET1-2
Removed Pin From Net: NetName=N Pin=SOCKET1-2
Added Component: Designator=C5(0805_HV)
Added Component: Designator=D2(Diode Zener 1N5359B 5W 24V)
Added Component: Designator=D7(Diode Zener 1N5359B 5W 24V)
Added Component: Designator=R2(0805_HV)
Added Component: Designator=R6(0805_HV)
Added Component: Designator=R11(0805_HV)
Added Component: Designator=R12(0805_HV)
Added Component: Designator=SOCKET2(socket)
Added Pin To Net: NetName=GND Pin=D2-1
Added Pin To Net: NetName=GND Pin=D7-1
Added Pin To Net: NetName=VCC_RELAY Pin=R2-2
Added Pin To Net: NetName=NN Pin=R12-1
Added Pin To Net: NetName=N Pin=SOCKET1-1
Added Pin To Net: NetName=N Pin=SOCKET1-1
Added Pin To Net: NetName=N Pin=SOCKET1-1
Added Pin To Net: NetName=L1 Pin=SOCKET1-2
Added Pin To Net: NetName=L1 Pin=SOCKET1-2
Added Pin To Net: NetName=L1 Pin=SOCKET1-2
Added Pin To Net: NetName=L1 Pin=SOCKET1-2
Added Pin To Net: NetName=N Pin=SOCKET2-1
Added Pin To Net: NetName=N Pin=SOCKET2-1
Added Pin To Net: NetName=N Pin=SOCKET2-1
Added Pin To Net: NetName=L1 Pin=SOCKET2-2
Added Pin To Net: NetName=L1 Pin=SOCKET2-2
Added Pin To Net: NetName=L1 Pin=SOCKET2-2
Added Pin To Net: NetName=L1 Pin=SOCKET2-2
Added Pin To Net: NetName=GROUND Pin=AC-2
Added Pin To Net: NetName=GROUND Pin=R6-2
Added Pin To Net: NetName=GROUND Pin=SOCKET1-3
Added Pin To Net: NetName=GROUND Pin=SOCKET1-3
Added Pin To Net: NetName=GROUND Pin=SOCKET1-3
Added Pin To Net: NetName=GROUND Pin=SOCKET2-3
Added Pin To Net: NetName=GROUND Pin=SOCKET2-3
Added Pin To Net: NetName=GROUND Pin=SOCKET2-3
Added Net: Name=GROUND
Added Pin To Net: NetName=NetC5_1 Pin=C5-1
Added Pin To Net: NetName=NetC5_1 Pin=D7-2
Added Pin To Net: NetName=NetC5_1 Pin=R11-1
Added Pin To Net: NetName=NetC5_1 Pin=R12-2
Added Pin To Net: NetName=NetC5_1 Pin=U1-5
Added Net: Name=NetC5_1
Added Pin To Net: NetName=NetC5_2 Pin=C5-2
Added Pin To Net: NetName=NetC5_2 Pin=D2-2
Added Pin To Net: NetName=NetC5_2 Pin=R2-1
Added Pin To Net: NetName=NetC5_2 Pin=R6-1
Added Pin To Net: NetName=NetC5_2 Pin=R11-2
Added Pin To Net: NetName=NetC5_2 Pin=U1-6
Added Net: Name=NetC5_2
Added Member To Class: ClassName=socket_power_supply Member=Component C5 104
Added Member To Class: ClassName=socket_power_supply Member=Component D2 12V
Added Member To Class: ClassName=socket_power_supply Member=Component D7 12V
Added Member To Class: ClassName=socket_power_supply Member=Component P9 Header 3X2
Added Member To Class: ClassName=socket_power_supply Member=Component R2 100K
Added Member To Class: ClassName=socket_power_supply Member=Component R6 100K
Added Member To Class: ClassName=socket_power_supply Member=Component R11 10K
Added Member To Class: ClassName=socket_power_supply Member=Component R12 220K
Added Member To Class: ClassName=socket_power_supply Member=Component SOCKET2 Header 3
Added Room: Name=socket_power_supply
