Removed Pin From Net: NetName=GND Pin=C1-1
Removed Pin From Net: NetName=VCC_RELAY Pin=C1-2
Removed Pin From Net: NetName=GND Pin=C2-1
Removed Pin From Net: NetName=GND Pin=C3-1
Removed Pin From Net: NetName=GND Pin=C4-1
Removed Pin From Net: NetName=GND Pin=C7-1
Removed Pin From Net: NetName=GND Pin=C8-1
Removed Pin From Net: NetName=GND Pin=C23-2
Removed Pin From Net: NetName=GND Pin=D6-2
Removed Pin From Net: NetName=GND Pin=P8-3
Removed Pin From Net: NetName=GND Pin=P8-4
Removed Pin From Net: NetName=VCC_RELAY Pin=P8-5
Removed Pin From Net: NetName=VCC_RELAY Pin=P8-6
Removed Pin From Net: NetName=GND Pin=P9-2
Removed Pin From Net: NetName=RL1C Pin=P9-5
Removed Pin From Net: NetName=L1 Pin=R3-2
Removed Pin From Net: NetName=GND Pin=R9-2
Removed Pin From Net: NetName=LOUT Pin=Rshunt1-1
Removed Pin From Net: NetName=L1 Pin=SOCKET1-1
Removed Pin From Net: NetName=L1 Pin=SOCKET1-1
Removed Pin From Net: NetName=L1 Pin=SOCKET1-1
Removed Pin From Net: NetName=GND Pin=U1-4
Removed Pin From Net: NetName=VCC_RELAY Pin=U1-8
Removed Pin From Net: NetName=GND Pin=U3-2
Removed Pin From Net: NetName=LOUT Pin=U3-4
Removed Pin From Net: NetName=GND Pin=U4-2
Removed Pin From Net: NetName=LOUT Pin=U4-4
Removed Member From Class: ClassName=socket_power_supply Member=AC
Removed Member From Class: ClassName=socket_power_supply Member=C1
Removed Member From Class: ClassName=socket_power_supply Member=C2
Removed Member From Class: ClassName=socket_power_supply Member=C3
Removed Member From Class: ClassName=socket_power_supply Member=C4
Removed Member From Class: ClassName=socket_power_supply Member=C7
Removed Member From Class: ClassName=socket_power_supply Member=C8
Removed Member From Class: ClassName=socket_power_supply Member=C23
Removed Member From Class: ClassName=socket_power_supply Member=D3
Removed Member From Class: ClassName=socket_power_supply Member=D6
Removed Member From Class: ClassName=socket_power_supply Member=F1
Removed Member From Class: ClassName=socket_power_supply Member=P8
Removed Member From Class: ClassName=socket_power_supply Member=R1
Removed Member From Class: ClassName=socket_power_supply Member=R3
Removed Member From Class: ClassName=socket_power_supply Member=R4
Removed Member From Class: ClassName=socket_power_supply Member=R5
Removed Member From Class: ClassName=socket_power_supply Member=R7
Removed Member From Class: ClassName=socket_power_supply Member=R8
Removed Member From Class: ClassName=socket_power_supply Member=R9
Removed Member From Class: ClassName=socket_power_supply Member=R10
Removed Member From Class: ClassName=socket_power_supply Member=Rshunt1
Removed Member From Class: ClassName=socket_power_supply Member=RV1
Removed Member From Class: ClassName=socket_power_supply Member=SOCKET1
Removed Member From Class: ClassName=socket_power_supply Member=U1
Removed Member From Class: ClassName=socket_power_supply Member=U3
Removed Member From Class: ClassName=socket_power_supply Member=U4
Removed Member From Class: ClassName=socket_power_supply Member=Wp1
Added Room: Name=socket_power_supply
