Removed Pin From Net: NetName=VCC_RELAY Pin=C24-1
Removed Pin From Net: NetName=GND Pin=C24-2
Removed Pin From Net: NetName=VCC_RELAY Pin=D1-1
Removed Pin From Net: NetName=RL1C Pin=D1-2
Removed Pin From Net: NetName=VCC_RELAY Pin=D4-2
Removed Pin From Net: NetName=GND Pin=D5-2
Removed Pin From Net: NetName=VCC_RELAY Pin=L4-2
Removed Pin From Net: NetName=GND Pin=R20-1
Removed Pin From Net: NetName=VCC_RELAY Pin=R20-2
Removed Pin From Net: NetName=RL1C Pin=RL1-1
Removed Pin From Net: NetName=VCC_RELAY Pin=RL1-2
Removed Pin From Net: NetName=LOUT Pin=RL1-3
Removed Pin From Net: NetName=L1 Pin=RL1-4
Removed Pin From Net: NetName=VIN1 Pin=U2-4
Removed Member From Class: ClassName=socket_power_supply Member=C21
Removed Member From Class: ClassName=socket_power_supply Member=C22
Removed Member From Class: ClassName=socket_power_supply Member=C24
Removed Member From Class: ClassName=socket_power_supply Member=D1
Removed Member From Class: ClassName=socket_power_supply Member=D4
Removed Member From Class: ClassName=socket_power_supply Member=D5
Removed Member From Class: ClassName=socket_power_supply Member=L4
Removed Member From Class: ClassName=socket_power_supply Member=R18
Removed Member From Class: ClassName=socket_power_supply Member=R19
Removed Member From Class: ClassName=socket_power_supply Member=R20
Removed Member From Class: ClassName=socket_power_supply Member=RL1
Removed Member From Class: ClassName=socket_power_supply Member=U2
Removed Member From Class: ClassName=socket_power_supply Member=Wp2
