Added Component: Designator=U5(SOIC-20)
Added Pin To Net: NetName=GND_MCU Pin=U5-1
Added Pin To Net: NetName=GND_MCU Pin=U5-10
Added Pin To Net: NetName=MO_5V Pin=U5-11
Added Pin To Net: NetName=MO_5V Pin=U5-20
Added Pin To Net: NetName=PB8 Pin=U5-2
Added Net: Name=PB8
Added Pin To Net: NetName=PB9 Pin=U5-3
Added Net: Name=PB9
Added Pin To Net: NetName=PB10 Pin=U5-4
Added Net: Name=PB10
Added Pin To Net: NetName=PB11 Pin=U5-5
Added Net: Name=PB11
Added Pin To Net: NetName=PB12 Pin=U5-6
Added Net: Name=PB12
Added Pin To Net: NetName=PB13 Pin=U5-7
Added Net: Name=PB13
Added Pin To Net: NetName=PB14 Pin=U5-8
Added Net: Name=PB14
Added Pin To Net: NetName=PB15 Pin=U5-9
Added Net: Name=PB15
