Removed Pin From Net: NetName=5V Pin=MO4-3
Change Component Designator: OldDesignator=C? NewDesignator=C1
Change Component Designator: OldDesignator=C? NewDesignator=C2
Change Component Designator: OldDesignator=C? NewDesignator=C8
Change Component Designator: OldDesignator=C? NewDesignator=C9
Change Component Designator: OldDesignator=C? NewDesignator=C10
Change Component Designator: OldDesignator=C? NewDesignator=C11
Change Component Designator: OldDesignator=C? NewDesignator=C12
Change Component Designator: OldDesignator=C? NewDesignator=C13
Change Component Designator: OldDesignator=CON3 NewDesignator=CON1
Change Component Designator: OldDesignator=PRO? NewDesignator=PRO1
Change Component Designator: OldDesignator=R? NewDesignator=R1
Change Component Designator: OldDesignator=R? NewDesignator=R2
Change Component Designator: OldDesignator=R? NewDesignator=R3
Change Component Designator: OldDesignator=R? NewDesignator=R4
Change Component Designator: OldDesignator=R? NewDesignator=R5
Change Component Designator: OldDesignator=U? NewDesignator=U1
Change Component Designator: OldDesignator=U? NewDesignator=U2
Change Component Designator: OldDesignator=U? NewDesignator=U4
Change Component Designator: OldDesignator=UART? NewDesignator=UART1
Change Component Designator: OldDesignator=Val2 NewDesignator=Val3
Change Component Designator: OldDesignator=Val3 NewDesignator=Val4
Change Component Designator: OldDesignator=Val4 NewDesignator=Val2
Change Component Designator: OldDesignator=Y? NewDesignator=Y1
Added Component: Designator=C3(CP1/3.0)
Added Component: Designator=C4(CP1/3.0)
Added Component: Designator=C5(0805_HV)
Added Component: Designator=C6(0805_HV)
Added Component: Designator=C7(CP1/3.0)
Added Component: Designator=D1(SOD123)
Added Component: Designator=L1(IND_2118-V-RC)
Added Component: Designator=U3(TO263-5)
Added Pin To Net: NetName=12V Pin=C3-1
Added Pin To Net: NetName=GND_MCU Pin=C3-2
Added Pin To Net: NetName=GND_MCU Pin=C4-2
Added Pin To Net: NetName=GND_MCU Pin=C5-1
Added Pin To Net: NetName=GND_MCU Pin=C6-1
Added Pin To Net: NetName=GND_MCU Pin=C7-2
Added Pin To Net: NetName=GND_MCU Pin=D1-1
Added Pin To Net: NetName=12V Pin=U3-1
Added Pin To Net: NetName=GND_MCU Pin=U3-3
Added Pin To Net: NetName=GND_MCU Pin=U3-5
Added Pin To Net: NetName=GND_MCU Pin=U3-6
Added Pin To Net: NetName=MO_5V Pin=C4-1
Added Pin To Net: NetName=MO_5V Pin=C5-2
Added Pin To Net: NetName=MO_5V Pin=C6-2
Added Pin To Net: NetName=MO_5V Pin=C7-1
Added Pin To Net: NetName=MO_5V Pin=L1-2
Added Pin To Net: NetName=MO_5V Pin=MO4-3
Added Pin To Net: NetName=MO_5V Pin=U3-4
Added Net: Name=MO_5V
Added Pin To Net: NetName=NetD1_2 Pin=D1-2
Added Pin To Net: NetName=NetD1_2 Pin=L1-1
Added Pin To Net: NetName=NetD1_2 Pin=U3-2
Added Net: Name=NetD1_2
