Removed Pin From Net: NetName=GND Pin=C1-1
Removed Pin From Net: NetName=3.3V Pin=C1-2
Removed Pin From Net: NetName=GND Pin=C2-1
Removed Pin From Net: NetName=3.3V Pin=C2-2
Removed Pin From Net: NetName=GND Pin=C3-1
Removed Pin From Net: NetName=GND Pin=C4-1
Removed Pin From Net: NetName=VCC_MO Pin=C8-1
Removed Pin From Net: NetName=GND Pin=C8-2
Removed Pin From Net: NetName=VCC_MO Pin=C9-1
Removed Pin From Net: NetName=GND Pin=C9-2
Removed Pin From Net: NetName=GND Pin=C16-1
Removed Pin From Net: NetName=VCC_MO Pin=C16-2
Removed Pin From Net: NetName=VCC_MO Pin=C18-2
Removed Pin From Net: NetName=GND Pin=C19-1
Removed Pin From Net: NetName=VCC_MO Pin=C19-2
Removed Pin From Net: NetName=GND Pin=C20-1
Removed Pin From Net: NetName=GND Pin=HD1-5
Removed Pin From Net: NetName=GND Pin=R1-1
Removed Pin From Net: NetName=GND Pin=R2-1
Removed Pin From Net: NetName=VCC_MO Pin=R4-2
Removed Pin From Net: NetName=GND Pin=R7-1
Removed Pin From Net: NetName=GND Pin=U1-5
Removed Pin From Net: NetName=3.3V Pin=U1-8
Removed Pin From Net: NetName=VCC_MO Pin=U2-4
Removed Pin From Net: NetName=VCC_MO Pin=U2-11
Removed Pin From Net: NetName=GND Pin=U2-14
Removed Pin From Net: NetName=MOTOR_RST Pin=U2-16
Removed Pin From Net: NetName=MOTOR_EN Pin=U2-17
Removed Pin From Net: NetName=NFAULT Pin=U2-18
Removed Pin From Net: NetName=DECAY Pin=U2-19
Removed Pin From Net: NetName=PWM_CH1 Pin=U2-20
Removed Pin From Net: NetName=PWM_CH2 Pin=U2-21
Removed Pin From Net: NetName=PWM_CH3 Pin=U2-22
Removed Pin From Net: NetName=PWM_CH4 Pin=U2-23
Removed Pin From Net: NetName=AI0 Pin=U2-24
Removed Pin From Net: NetName=AI1 Pin=U2-25
Removed Pin From Net: NetName=BI1 Pin=U2-26
Removed Pin From Net: NetName=BI2 Pin=U2-27
Removed Pin From Net: NetName=GND Pin=U2-28
Removed Pin From Net: NetName=GND Pin=U2-29
Removed Pin From Net: NetName=GND Pin=U3-5
Removed Pin From Net: NetName=3.3V Pin=U3-8
Change Net Name : Old Net Name=GND New Net Name=GND_MCU
Added Pin To Net: NetName=GND Pin=HD1-5
Added Net: Name=GND
Added Pin To Net: NetName=PA0_IN0 Pin=U6-10
Added Net: Name=PA0_IN0
Added Pin To Net: NetName=PA1_IN1 Pin=U6-11
Added Net: Name=PA1_IN1
