Removed Pin From Net: NetName=CAN_L Pin=HD1-1
Removed Pin From Net: NetName=CAN_H Pin=HD1-2
Removed Pin From Net: NetName=5V Pin=HD1-3
Removed Pin From Net: NetName=GND_MCU Pin=HD1-4
Removed Pin From Net: NetName=GND Pin=HD1-5
Removed Pin From Net: NetName=VCC_MO Pin=HD1-6
Change Component Designator: OldDesignator=C6 NewDesignator=C?
Change Component Designator: OldDesignator=C7 NewDesignator=C?
Change Component Designator: OldDesignator=C10 NewDesignator=C?
Change Component Designator: OldDesignator=C11 NewDesignator=C?
Change Component Designator: OldDesignator=C12 NewDesignator=C?
Change Component Designator: OldDesignator=C13 NewDesignator=C?
Change Component Designator: OldDesignator=C14 NewDesignator=C?
Change Component Designator: OldDesignator=C15 NewDesignator=C?
Change Component Designator: OldDesignator=PRO1 NewDesignator=PRO?
Change Component Designator: OldDesignator=R3 NewDesignator=R?
Change Component Designator: OldDesignator=R5 NewDesignator=R?
Change Component Designator: OldDesignator=R8 NewDesignator=R?
Change Component Designator: OldDesignator=R9 NewDesignator=R?
Change Component Designator: OldDesignator=R10 NewDesignator=R?
Change Component Designator: OldDesignator=U6 NewDesignator=U?
Change Component Designator: OldDesignator=U7 NewDesignator=U?
Change Component Designator: OldDesignator=U8 NewDesignator=U?
Change Component Designator: OldDesignator=UART1 NewDesignator=UART?
Change Component Designator: OldDesignator=Y1 NewDesignator=Y?
Added Component: Designator=MO1(HEADER 6)
Added Component: Designator=MO2(HEADER 6)
Added Pin To Net: NetName=VCC_MO Pin=MO1-1
Added Pin To Net: NetName=GND Pin=MO1-2
Added Pin To Net: NetName=GND_MCU Pin=MO1-3
Added Pin To Net: NetName=5V Pin=MO1-4
Added Pin To Net: NetName=CAN_H Pin=MO1-5
Added Pin To Net: NetName=CAN_L Pin=MO1-6
Added Pin To Net: NetName=VCC_MO Pin=MO2-1
Added Pin To Net: NetName=GND Pin=MO2-2
Added Pin To Net: NetName=5V Pin=MO2-3
Added Pin To Net: NetName=GND_MCU Pin=MO2-4
Added Pin To Net: NetName=CAN_H Pin=MO2-5
Added Pin To Net: NetName=CAN_L Pin=MO2-6
