Removed Pin From Net: NetName=5V Pin=C1-2
Removed Pin From Net: NetName=GND Pin=C2-1
Removed Pin From Net: NetName=12V Pin=C2-2
Removed Pin From Net: NetName=GND Pin=C5-1
Removed Pin From Net: NetName=12V Pin=C5-2
Removed Pin From Net: NetName=S Pin=C6-2
Removed Pin From Net: NetName=S Pin=C7-1
Removed Pin From Net: NetName=BP Pin=C7-2
Removed Pin From Net: NetName=+VDC1 Pin=C8-1
Removed Pin From Net: NetName=GND Pin=C8-2
Removed Pin From Net: NetName=12V Pin=C9-1
Removed Pin From Net: NetName=GND Pin=C9-2
Removed Pin From Net: NetName=GND Pin=C10-1
Removed Pin From Net: NetName=+VDC Pin=C10-2
Removed Pin From Net: NetName=NetC11_1 Pin=C11-1
Removed Pin From Net: NetName=NetC11_2 Pin=C11-2
Removed Pin From Net: NetName=12V Pin=C12-2
Removed Pin From Net: NetName=5V Pin=C14-2
Removed Pin From Net: NetName=IN0 Pin=C15-2
Removed Pin From Net: NetName=GND Pin=C16-1
Removed Pin From Net: NetName=IN1 Pin=C16-2
Removed Pin From Net: NetName=LED_STR5 Pin=CON1-4
Removed Pin From Net: NetName=LED_STR4 Pin=CON1-5
Removed Pin From Net: NetName=LED_STR3 Pin=CON1-6
Removed Pin From Net: NetName=LED_STR2 Pin=CON1-7
Removed Pin From Net: NetName=NetD1_2 Pin=D1-2
Removed Pin From Net: NetName=CS Pin=D3-2
Removed Pin From Net: NetName=CS Pin=D4-2
Removed Pin From Net: NetName=NetD5_2 Pin=D7-1
Removed Pin From Net: NetName=CS Pin=D7-2
Removed Pin From Net: NetName=CS Pin=D8-2
Removed Pin From Net: NetName=CS Pin=D11-2
Removed Pin From Net: NetName=NetD10_2 Pin=D12-1
Removed Pin From Net: NetName=CS Pin=D12-2
Removed Pin From Net: NetName=CS Pin=D15-2
Removed Pin From Net: NetName=CS Pin=D16-2
Removed Pin From Net: NetName=+VDC1 Pin=D17-1
Removed Pin From Net: NetName=12V Pin=D18-2
Removed Pin From Net: NetName=S Pin=D19-1
Removed Pin From Net: NetName=GND Pin=D19-2
Removed Pin From Net: NetName=+VDC Pin=D21-1
Removed Pin From Net: NetName=HV1 Pin=D21-2
Removed Pin From Net: NetName=IN1 Pin=D22-1
Removed Pin From Net: NetName=GND Pin=D22-2
Removed Pin From Net: NetName=CS Pin=Q1-3
Removed Pin From Net: NetName=CS Pin=Q2-3
Removed Pin From Net: NetName=NetD5_2 Pin=Q3-1
Removed Pin From Net: NetName=LED_STR2 Pin=Q3-2
Removed Pin From Net: NetName=CS Pin=Q3-3
Removed Pin From Net: NetName=CS Pin=Q4-3
Removed Pin From Net: NetName=LED_STR3 Pin=Q5-2
Removed Pin From Net: NetName=NetD10_2 Pin=Q6-1
Removed Pin From Net: NetName=CS Pin=Q6-3
Removed Pin From Net: NetName=LED_STR4 Pin=Q7-2
Removed Pin From Net: NetName=CS Pin=Q7-3
Removed Pin From Net: NetName=NetD14_2 Pin=Q8-1
Removed Pin From Net: NetName=CS Pin=Q8-3
Removed Pin From Net: NetName=CS Pin=R1-2
Removed Pin From Net: NetName=CS Pin=R2-2
Removed Pin From Net: NetName=NetD2_1 Pin=R4-2
Removed Pin From Net: NetName=NetD5_2 Pin=R5-1
Removed Pin From Net: NetName=CS Pin=R5-2
Removed Pin From Net: NetName=CS Pin=R6-2
Removed Pin From Net: NetName=NetD5_2 Pin=R7-1
Removed Pin From Net: NetName=NetD5_1 Pin=R7-2
Removed Pin From Net: NetName=CS Pin=R9-2
Removed Pin From Net: NetName=NetD10_2 Pin=R10-1
Removed Pin From Net: NetName=CS Pin=R10-2
Removed Pin From Net: NetName=NetD10_2 Pin=R12-1
Removed Pin From Net: NetName=CS Pin=R13-2
Removed Pin From Net: NetName=NetD14_2 Pin=R14-1
Removed Pin From Net: NetName=CS Pin=R14-2
Removed Pin From Net: NetName=NetD14_2 Pin=R16-1
Removed Pin From Net: NetName=NetD14_1 Pin=R16-2
Removed Pin From Net: NetName=FB Pin=R17-1
Removed Pin From Net: NetName=S Pin=R18-1
Removed Pin From Net: NetName=FB Pin=R18-2
Removed Pin From Net: NetName=GND Pin=R19-1
Removed Pin From Net: NetName=12V Pin=R19-2
Removed Pin From Net: NetName=HV1 Pin=R22-2
Removed Pin From Net: NetName=IN1 Pin=R24-1
Removed Pin From Net: NetName=GND Pin=R24-2
Removed Pin From Net: NetName=IN1 Pin=R25-1
Removed Pin From Net: NetName=12V Pin=U1-1
Removed Pin From Net: NetName=PB0 Pin=U1-2
Removed Pin From Net: NetName=GND Pin=U1-3
Removed Pin From Net: NetName=PB1 Pin=U1-4
Removed Pin From Net: NetName=NetD5_1 Pin=U1-5
Removed Pin From Net: NetName=12V Pin=U1-6
Removed Pin From Net: NetName=12V Pin=U1-8
Removed Pin From Net: NetName=PA8 Pin=U2-2
Removed Pin From Net: NetName=GND Pin=U2-3
Removed Pin From Net: NetName=PA9 Pin=U2-4
Removed Pin From Net: NetName=12V Pin=U2-6
Removed Pin From Net: NetName=12V Pin=U2-8
Removed Pin From Net: NetName=PA6 Pin=U3-2
Removed Pin From Net: NetName=GND Pin=U3-3
Removed Pin From Net: NetName=PA7 Pin=U3-4
Removed Pin From Net: NetName=12V Pin=U3-6
Removed Pin From Net: NetName=12V Pin=U3-8
Removed Pin From Net: NetName=12V Pin=U4-1
Removed Pin From Net: NetName=PA10 Pin=U4-2
Removed Pin From Net: NetName=GND Pin=U4-3
Removed Pin From Net: NetName=PA11 Pin=U4-4
Removed Pin From Net: NetName=NetD14_1 Pin=U4-5
Removed Pin From Net: NetName=12V Pin=U4-6
Removed Pin From Net: NetName=12V Pin=U4-8
Removed Pin From Net: NetName=BP Pin=U5-1
Removed Pin From Net: NetName=FB Pin=U5-2
Removed Pin From Net: NetName=+VDC1 Pin=U5-4
Removed Pin From Net: NetName=S Pin=U5-5
Removed Pin From Net: NetName=S Pin=U5-6
Removed Pin From Net: NetName=S Pin=U5-7
Removed Pin From Net: NetName=S Pin=U5-8
Removed Pin From Net: NetName=GND Pin=U6-1
Removed Pin From Net: NetName=5V Pin=U6-2
Removed Pin From Net: NetName=12V Pin=U6-3
Removed Pin From Net: NetName=5V Pin=U6-4
Change Component DesignItemId : Designator=C8 Old DesignItemId=400AX6R8M8x11 New DesignItemId=CM
Change Component DesignItemId : Designator=U6 Old DesignItemId=AMS1117-3.3V SOT223 _MH New DesignItemId=Component_1
Change Component DesignItemId : Designator=C10 Old DesignItemId=BFC233620154 New DesignItemId=CM
Change Component DesignItemId : Designator=C11 Old DesignItemId=BFC233620154 New DesignItemId=CM
Change Component DesignItemId : Designator=U5 Old DesignItemId=Component_1 New DesignItemId=FAN73611MX
Change Component DesignItemId : Designator=D10 Old DesignItemId=MMDL914-TP New DesignItemId=MURS160-13-F
Change Component DesignItemId : Designator=D11 Old DesignItemId=MMDL914-TP New DesignItemId=MURS160-13-F
Change Component DesignItemId : Designator=D13 Old DesignItemId=MMDL914-TP New DesignItemId=MURS160-13-F
Change Component DesignItemId : Designator=D15 Old DesignItemId=MMDL914-TP New DesignItemId=MURS160-13-F
Change Component DesignItemId : Designator=D17 Old DesignItemId=MURS160-13-F New DesignItemId=MMDL914-TP
Change Component DesignItemId : Designator=D18 Old DesignItemId=MURS160-13-F New DesignItemId=MMDL914-TP
Change Component DesignItemId : Designator=D19 Old DesignItemId=MURS160-13-F New DesignItemId=MMDL914-TP
Change Component DesignItemId : Designator=U4 Old DesignItemId=PM8834TR New DesignItemId=AMS1117-3.3V SOT223 _MH
Change Component DesignItemId : Designator=U2 Old DesignItemId=PM8834TR New DesignItemId=FAN73611MX
Change Component DesignItemId : Designator=U3 Old DesignItemId=PM8834TR New DesignItemId=FAN73611MX
Change Component DesignItemId : Designator=U1 Old DesignItemId=PM8834TR New DesignItemId=INA181
Change Component DesignItemId : Designator=R17 Old DesignItemId=R New DesignItemId=R nho
Change Component DesignItemId : Designator=R7 Old DesignItemId=R nho New DesignItemId=R
Change Component DesignItemId : Designator=R8 Old DesignItemId=R nho New DesignItemId=R
Change Component DesignItemId : Designator=R9 Old DesignItemId=R nho New DesignItemId=R
Change Component DesignItemId : Designator=C6 Old DesignItemId=TU_NHOM_10uF_25V_MH New DesignItemId=CM
Change Component DesignItemId : Designator=C9 Old DesignItemId=TU_NHOM_220uF_25V_MH New DesignItemId=CM
Change Component Footprint: Designator=R17 Old Footprint=0805_HV New Footprint=Tro SMD 0805
Change Component Footprint: Designator=C10 Old Footprint=B32922_12mm New Footprint=0805_HV
Change Component Footprint: Designator=C11 Old Footprint=B32922_12mm New Footprint=0805_HV
Change Component Footprint: Designator=C8 Old Footprint=CAP-PANACAP-G-GENERIC New Footprint=0805_HV
Change Component Footprint: Designator=D17 Old Footprint=SMB New Footprint=SOD-323
Change Component Footprint: Designator=D18 Old Footprint=SMB New Footprint=SOD-323
Change Component Footprint: Designator=D19 Old Footprint=SMB New Footprint=SOD-323
Change Component Footprint: Designator=D10 Old Footprint=SOD-323 New Footprint=SMB
Change Component Footprint: Designator=D11 Old Footprint=SOD-323 New Footprint=SMB
Change Component Footprint: Designator=D13 Old Footprint=SOD-323 New Footprint=SMB
Change Component Footprint: Designator=D15 Old Footprint=SOD-323 New Footprint=SMB
Change Component Footprint: Designator=U5 Old Footprint=SOP 7 New Footprint=SOP 8
Change Component Footprint: Designator=U1 Old Footprint=SOP 8 New Footprint=SOT95P280X145-6N
Change Component Footprint: Designator=U4 Old Footprint=SOP 8 New Footprint=SOT223
Change Component Footprint: Designator=U6 Old Footprint=SOT223 New Footprint=SOP 7
Change Component Footprint: Designator=R7 Old Footprint=Tro SMD 0805 New Footprint=0805_HV
Change Component Footprint: Designator=R8 Old Footprint=Tro SMD 0805 New Footprint=0805_HV
Change Component Footprint: Designator=R9 Old Footprint=Tro SMD 0805 New Footprint=0805_HV
Change Component Footprint: Designator=R12 Old Footprint=Tro SMD 0805 New Footprint=1206
Change Component Footprint: Designator=R13 Old Footprint=Tro SMD 0805 New Footprint=1206
Change Component Footprint: Designator=R14 Old Footprint=Tro SMD 0805 New Footprint=1206
Change Component Footprint: Designator=R15 Old Footprint=Tro SMD 0805 New Footprint=1206
Change Component Footprint: Designator=C9 Old Footprint=TU_NHOM_2.5_MH New Footprint=0805_HV
Change Component Footprint: Designator=C6 Old Footprint=TU_NHOM_10uF_MH New Footprint=0805_HV
Change Component Comment : Designator=R12 Old Comment=10 New Comment=1M
Change Component Comment : Designator=R8 Old Comment=10 New Comment=2K
Change Component Comment : Designator=R16 Old Comment=10 New Comment=10k
Change Component Comment : Designator=R7 Old Comment=10 New Comment=13k
Change Component Comment : Designator=R15 Old Comment=10 New Comment=100K
Change Component Comment : Designator=R14 Old Comment=10k New Comment=1M
Change Component Comment : Designator=R9 Old Comment=10k New Comment=3k3
Change Component Comment : Designator=R6 Old Comment=10k New Comment=10
Change Component Comment : Designator=R13 Old Comment=10k New Comment=100K
Change Component Comment : Designator=C6 Old Comment=10uF New Comment=104
Change Component Comment : Designator=R17 Old Comment=13k New Comment=10
Change Component Comment : Designator=D4 Old Comment=15V New Comment=BAT54HT1G
Change Component Comment : Designator=D7 Old Comment=15V New Comment=BAT54HT1G
Change Component Comment : Designator=D8 Old Comment=15V New Comment=BAT54HT1G
Change Component Comment : Designator=D12 Old Comment=15V New Comment=BAT54HT1G
Change Component Comment : Designator=D11 Old Comment=15V New Comment=US1M-13-F
Change Component Comment : Designator=D15 Old Comment=15V New Comment=US1M-13-F
Change Component Comment : Designator=C3 Old Comment=104 New Comment=106
Change Component Comment : Designator=C5 Old Comment=104 New Comment=106
Change Component Comment : Designator=C7 Old Comment=104 New Comment=106
Change Component Comment : Designator=C16 Old Comment=104 New Comment=106
Change Component Comment : Designator=C14 Old Comment=105 New Comment=106
Change Component Comment : Designator=C9 Old Comment=220uF New Comment=106
Change Component Comment : Designator=C8 Old Comment=400AX6R8M8x11 New Comment=104
Change Component Comment : Designator=U6 Old Comment=AMS1117-3.3V SOT223 _MH New Comment=LNK306
Change Component Comment : Designator=C10 Old Comment=B32922C3334M189 New Comment=104
Change Component Comment : Designator=C11 Old Comment=B32922C3334M189 New Comment=105
Change Component Comment : Designator=D6 Old Comment=BAT54HT1G New Comment=15V
Change Component Comment : Designator=D9 Old Comment=BAT54HT1G New Comment=15V
Change Component Comment : Designator=D10 Old Comment=BAT54HT1G New Comment=US1M-13-F
Change Component Comment : Designator=D13 Old Comment=BAT54HT1G New Comment=US1M-13-F
Change Component Comment : Designator=U5 Old Comment=LNK306 New Comment=FAN73611MX
Change Component Comment : Designator=U4 Old Comment=PM8834TR New Comment=AMS1117-3.3V SOT223 _MH
Change Component Comment : Designator=U2 Old Comment=PM8834TR New Comment=FAN73611MX
Change Component Comment : Designator=U3 Old Comment=PM8834TR New Comment=FAN73611MX
Change Component Comment : Designator=U1 Old Comment=PM8834TR New Comment=INA181A1IDBVT
Change Component Comment : Designator=D17 Old Comment=US1M-13-F New Comment=3.3V
Change Component Comment : Designator=D19 Old Comment=US1M-13-F New Comment=15V
Change Component Comment : Designator=D18 Old Comment=US1M-13-F New Comment=BAT54HT1G
Change Component Designator: OldDesignator=R3 NewDesignator=R2
Change Component Designator: OldDesignator=R20 NewDesignator=R18
Change Component Designator: OldDesignator=R21 NewDesignator=R19
Added Component: Designator=C2(0805_HV)
Added Component: Designator=C17(0805_HV)
Added Component: Designator=C18(TU_NHOM_10uF_MH)
Added Component: Designator=C19(0805_HV)
Added Component: Designator=C20(0805_HV)
Added Component: Designator=C21(0805_HV)
Added Component: Designator=C22(CAP-PANACAP-G-GENERIC)
Added Component: Designator=C23(TU_NHOM_2.5_MH)
Added Component: Designator=C24(0805_HV)
Added Component: Designator=C25(0805_HV)
Added Component: Designator=C26(B32922_12mm)
Added Component: Designator=C27(B32922_12mm)
Added Component: Designator=C28(0805_HV)
Added Component: Designator=C29(0805_HV)
Added Component: Designator=C30(0805_HV)
Added Component: Designator=R3(Tro SMD 0805)
Added Component: Designator=U7(SOP 8)
Added Component: Designator=U8(SOP 8)
Added Pin To Net: NetName=GND Pin=C1-1
Added Pin To Net: NetName=5V Pin=C1-2
Added Pin To Net: NetName=LED_STR5 Pin=C5-1
Added Pin To Net: NetName=LED_STR5 Pin=C6-1
Added Pin To Net: NetName=GND Pin=C7-1
Added Pin To Net: NetName=12V Pin=C7-2
Added Pin To Net: NetName=GND Pin=C8-1
Added Pin To Net: NetName=12V Pin=C8-2
Added Pin To Net: NetName=LED_STR4 Pin=C9-1
Added Pin To Net: NetName=LED_STR4 Pin=C10-1
Added Pin To Net: NetName=GND Pin=C11-1
Added Pin To Net: NetName=12V Pin=C11-2
Added Pin To Net: NetName=5V Pin=C12-2
Added Pin To Net: NetName=12V Pin=C14-2
Added Pin To Net: NetName=12V Pin=C15-2
Added Pin To Net: NetName=LED_STR3 Pin=C16-1
Added Pin To Net: NetName=LED_STR3 Pin=C17-1
Added Pin To Net: NetName=S Pin=C18-2
Added Pin To Net: NetName=S Pin=C19-1
Added Pin To Net: NetName=BP Pin=C19-2
Added Pin To Net: NetName=GND Pin=C20-1
Added Pin To Net: NetName=12V Pin=C20-2
Added Pin To Net: NetName=GND Pin=C21-1
Added Pin To Net: NetName=12V Pin=C21-2
Added Pin To Net: NetName=+VDC1 Pin=C22-1
Added Pin To Net: NetName=GND Pin=C22-2
Added Pin To Net: NetName=12V Pin=C23-1
Added Pin To Net: NetName=GND Pin=C23-2
Added Pin To Net: NetName=LED_STR2 Pin=C24-1
Added Pin To Net: NetName=LED_STR2 Pin=C25-1
Added Pin To Net: NetName=GND Pin=C26-1
Added Pin To Net: NetName=+VDC Pin=C26-2
Added Pin To Net: NetName=NetC11_1 Pin=C27-1
Added Pin To Net: NetName=NetC11_2 Pin=C27-2
Added Pin To Net: NetName=GND Pin=C28-1
Added Pin To Net: NetName=IN1 Pin=C28-2
Added Pin To Net: NetName=GND Pin=C29-1
Added Pin To Net: NetName=12V Pin=C29-2
Added Pin To Net: NetName=GND Pin=C15-1
Added Pin To Net: NetName=IN0 Pin=C15-2
Added Pin To Net: NetName=12V Pin=D1-2
Added Pin To Net: NetName=NetD1_2 Pin=D2-2
Added Pin To Net: NetName=LED_STR5 Pin=D3-2
Added Pin To Net: NetName=12V Pin=D4-2
Added Pin To Net: NetName=NetD5_2 Pin=D6-1
Added Pin To Net: NetName=LED_STR4 Pin=D6-2
Added Pin To Net: NetName=12V Pin=D7-2
Added Pin To Net: NetName=LED_STR3 Pin=D9-2
Added Pin To Net: NetName=+VDC1 Pin=D10-1
Added Pin To Net: NetName=12V Pin=D11-2
Added Pin To Net: NetName=12V Pin=D12-2
Added Pin To Net: NetName=S Pin=D13-1
Added Pin To Net: NetName=GND Pin=D13-2
Added Pin To Net: NetName=+VDC Pin=D15-1
Added Pin To Net: NetName=HV1 Pin=D15-2
Added Pin To Net: NetName=LED_STR2 Pin=D16-2
Added Pin To Net: NetName=IN1 Pin=D17-1
Added Pin To Net: NetName=GND Pin=D17-2
Added Pin To Net: NetName=CS Pin=D19-2
Added Pin To Net: NetName=NetD10_2 Pin=F1-2
Added Pin To Net: NetName=+VDC Pin=Q1-2
Added Pin To Net: NetName=LED_STR5 Pin=Q1-3
Added Pin To Net: NetName=NetD5_2 Pin=Q2-1
Added Pin To Net: NetName=LED_STR4 Pin=Q2-3
Added Pin To Net: NetName=LED_STR4 Pin=Q3-2
Added Pin To Net: NetName=LED_STR3 Pin=Q3-3
Added Pin To Net: NetName=NetD14_2 Pin=Q4-1
Added Pin To Net: NetName=LED_STR3 Pin=Q4-2
Added Pin To Net: NetName=LED_STR2 Pin=Q4-3
Added Pin To Net: NetName=LED_STR2 Pin=Q5-2
Added Pin To Net: NetName=LED_STR5 Pin=R1-2
Added Pin To Net: NetName=NetD2_1 Pin=R2-2
Added Pin To Net: NetName=NetD5_2 Pin=R3-1
Added Pin To Net: NetName=LED_STR4 Pin=R3-2
Added Pin To Net: NetName=NetD5_2 Pin=R4-1
Added Pin To Net: NetName=NetD5_1 Pin=R4-2
Added Pin To Net: NetName=LED_STR3 Pin=R5-2
Added Pin To Net: NetName=FB Pin=R7-1
Added Pin To Net: NetName=S Pin=R8-1
Added Pin To Net: NetName=FB Pin=R8-2
Added Pin To Net: NetName=GND Pin=R9-1
Added Pin To Net: NetName=12V Pin=R9-2
Added Pin To Net: NetName=NetD14_2 Pin=R10-1
Added Pin To Net: NetName=LED_STR2 Pin=R10-2
Added Pin To Net: NetName=NetD14_2 Pin=R11-1
Added Pin To Net: NetName=NetD14_1 Pin=R11-2
Added Pin To Net: NetName=HV1 Pin=R12-2
Added Pin To Net: NetName=IN1 Pin=R14-1
Added Pin To Net: NetName=IN1 Pin=R15-1
Added Pin To Net: NetName=GND Pin=R15-2
Added Pin To Net: NetName=CS Pin=R16-2
Added Pin To Net: NetName=GND Pin=U1-2
Added Pin To Net: NetName=GND Pin=U2-4
Added Pin To Net: NetName=LED_STR5 Pin=U2-6
Added Pin To Net: NetName=GND Pin=U3-4
Added Pin To Net: NetName=NetD5_1 Pin=U3-7
Added Pin To Net: NetName=GND Pin=U4-1
Added Pin To Net: NetName=5V Pin=U4-2
Added Pin To Net: NetName=12V Pin=U4-3
Added Pin To Net: NetName=5V Pin=U4-4
Added Pin To Net: NetName=12V Pin=U5-1
Added Pin To Net: NetName=GND Pin=U5-4
Added Pin To Net: NetName=BP Pin=U6-1
Added Pin To Net: NetName=FB Pin=U6-2
Added Pin To Net: NetName=+VDC1 Pin=U6-4
Added Pin To Net: NetName=S Pin=U6-5
Added Pin To Net: NetName=S Pin=U6-6
Added Pin To Net: NetName=S Pin=U6-7
Added Pin To Net: NetName=S Pin=U6-8
Added Pin To Net: NetName=12V Pin=U7-1
Added Pin To Net: NetName=GND Pin=U7-4
Added Pin To Net: NetName=NetD14_1 Pin=U7-7
Added Pin To Net: NetName=12V Pin=U8-1
Added Pin To Net: NetName=GND Pin=U8-3
Added Pin To Net: NetName=12V Pin=U8-6
Added Pin To Net: NetName=GND Pin=U8-8
Change Net Name : Old Net Name=NetC11_1 New Net Name=NetC27_1
Change Net Name : Old Net Name=NetC11_2 New Net Name=NetC27_2
Change Net Name : Old Net Name=NetD1_2 New Net Name=NetD2_2
Added Pin To Net: NetName=3.3V Pin=C1-2
Added Pin To Net: NetName=3.3V Pin=U1-6
Added Net: Name=3.3V
Added Pin To Net: NetName=CURRENT_SIGNAL3 Pin=U1-1
Added Net: Name=CURRENT_SIGNAL3
Added Pin To Net: NetName=LED_PWM1 Pin=U2-2
Added Net: Name=LED_PWM1
Added Pin To Net: NetName=LED_PWM2 Pin=U3-2
Added Net: Name=LED_PWM2
Added Pin To Net: NetName=LED_PWM3 Pin=U5-2
Added Net: Name=LED_PWM3
Added Pin To Net: NetName=LED_PWM4 Pin=U7-2
Added Net: Name=LED_PWM4
Added Pin To Net: NetName=LED_PWM5 Pin=U8-2
Added Net: Name=LED_PWM5
Added Pin To Net: NetName=LED_STR1_N Pin=CON1-7
Added Net: Name=LED_STR1_N
Added Pin To Net: NetName=LED_STR1_P Pin=CON1-8
Added Net: Name=LED_STR1_P
Added Pin To Net: NetName=LOUT2 Pin=U1-4
Added Net: Name=LOUT2
Added Pin To Net: NetName=L Pin=U1-3
Added Net: Name=L
Added Pin To Net: NetName=NetC5_2 Pin=C5-2
Added Pin To Net: NetName=NetC5_2 Pin=C6-2
Added Pin To Net: NetName=NetC5_2 Pin=D1-1
Added Pin To Net: NetName=NetC5_2 Pin=U2-8
Added Net: Name=NetC5_2
Added Pin To Net: NetName=NetC9_2 Pin=C9-2
Added Pin To Net: NetName=NetC9_2 Pin=C10-2
Added Pin To Net: NetName=NetC9_2 Pin=D4-1
Added Pin To Net: NetName=NetC9_2 Pin=U3-8
Added Net: Name=NetC9_2
Added Pin To Net: NetName=NetC16_2 Pin=C16-2
Added Pin To Net: NetName=NetC16_2 Pin=C17-2
Added Pin To Net: NetName=NetC16_2 Pin=D7-1
Added Pin To Net: NetName=NetC16_2 Pin=U5-8
Added Net: Name=NetC16_2
Added Pin To Net: NetName=NetC18_1 Pin=C18-1
Added Pin To Net: NetName=NetC18_1 Pin=D11-1
Added Pin To Net: NetName=NetC18_1 Pin=R7-2
Added Net: Name=NetC18_1
Added Pin To Net: NetName=NetC24_2 Pin=C24-2
Added Pin To Net: NetName=NetC24_2 Pin=C25-2
Added Pin To Net: NetName=NetC24_2 Pin=D12-1
Added Pin To Net: NetName=NetC24_2 Pin=U7-8
Added Net: Name=NetC24_2
Added Pin To Net: NetName=NetD8_1 Pin=D8-1
Added Pin To Net: NetName=NetD8_1 Pin=R6-2
Added Pin To Net: NetName=NetD8_1 Pin=U5-7
Added Net: Name=NetD8_1
Added Pin To Net: NetName=NetD8_2 Pin=D8-2
Added Pin To Net: NetName=NetD8_2 Pin=D9-1
Added Pin To Net: NetName=NetD8_2 Pin=Q3-1
Added Pin To Net: NetName=NetD8_2 Pin=R5-1
Added Pin To Net: NetName=NetD8_2 Pin=R6-1
Added Net: Name=NetD8_2
Added Pin To Net: NetName=NetD18_1 Pin=D18-1
Added Pin To Net: NetName=NetD18_1 Pin=R17-2
Added Pin To Net: NetName=NetD18_1 Pin=U8-7
Added Net: Name=NetD18_1
Added Pin To Net: NetName=NetD18_2 Pin=D18-2
Added Pin To Net: NetName=NetD18_2 Pin=D19-1
Added Pin To Net: NetName=NetD18_2 Pin=Q5-1
Added Pin To Net: NetName=NetD18_2 Pin=R16-1
Added Pin To Net: NetName=NetD18_2 Pin=R17-1
Added Net: Name=NetD18_2
Added Pin To Net: NetName=NetR12_1 Pin=R12-1
Added Pin To Net: NetName=NetR12_1 Pin=R13-1
Added Net: Name=NetR12_1
Added Pin To Net: NetName=NetR13_2 Pin=R13-2
Added Pin To Net: NetName=NetR13_2 Pin=R14-2
Added Net: Name=NetR13_2
Added Pin To Net: NetName=VREF Pin=U1-5
Added Net: Name=VREF
