Removed Pin From Net: NetName=GND Pin=C1-2
Removed Pin From Net: NetName=GND Pin=C2-2
Removed Pin From Net: NetName=5V Pin=C5-2
Removed Pin From Net: NetName=GND Pin=C6-1
Removed Pin From Net: NetName=5V Pin=C6-2
Removed Pin From Net: NetName=5V Pin=C7-1
Removed Pin From Net: NetName=GND Pin=C7-2
Removed Pin From Net: NetName=GND Pin=C8-1
Removed Pin From Net: NetName=5V Pin=C8-2
Removed Pin From Net: NetName=GND Pin=D1-1
Removed Pin From Net: NetName=NetD1_2 Pin=L1-1
Removed Pin From Net: NetName=5V Pin=L2-2
Removed Pin From Net: NetName=GND Pin=M1-1
Removed Pin From Net: NetName=PB0 Pin=M1-3
Removed Pin From Net: NetName=GND Pin=M2-1
Removed Pin From Net: NetName=PB1 Pin=M2-3
Removed Pin From Net: NetName=GND Pin=M3-1
Removed Pin From Net: NetName=PB2 Pin=M3-3
Removed Pin From Net: NetName=GND Pin=M4-1
Removed Pin From Net: NetName=PB3 Pin=M4-3
Removed Pin From Net: NetName=GND Pin=M5-1
Removed Pin From Net: NetName=PB8 Pin=M5-3
Removed Pin From Net: NetName=GND Pin=M6-1
Removed Pin From Net: NetName=PB9 Pin=M6-3
Removed Pin From Net: NetName=GND Pin=M7-1
Removed Pin From Net: NetName=PB10 Pin=M7-3
Removed Pin From Net: NetName=GND Pin=M8-1
Removed Pin From Net: NetName=PB11 Pin=M8-3
Removed Pin From Net: NetName=GND Pin=M9-1
Removed Pin From Net: NetName=PB12 Pin=M9-3
Removed Pin From Net: NetName=GND Pin=M10-1
Removed Pin From Net: NetName=PB13 Pin=M10-3
Removed Pin From Net: NetName=GND Pin=M11-1
Removed Pin From Net: NetName=PB14 Pin=M11-3
Removed Pin From Net: NetName=GND Pin=M12-1
Removed Pin From Net: NetName=PB15 Pin=M12-3
Removed Pin From Net: NetName=5V Pin=P1-1
Removed Pin From Net: NetName=GND Pin=P1-2
Removed Pin From Net: NetName=5V Pin=P2-1
Removed Pin From Net: NetName=GND Pin=P2-2
Removed Pin From Net: NetName=GND Pin=PW1-2
Removed Pin From Net: NetName=5V Pin=PWR2-1
Removed Pin From Net: NetName=GND Pin=R1-1
Removed Pin From Net: NetName=GND Pin=R2-1
Removed Pin From Net: NetName=GND Pin=RB1-1
Removed Pin From Net: NetName=GND Pin=RB2-1
Removed Pin From Net: NetName=NetD1_2 Pin=U2-2
Removed Pin From Net: NetName=GND Pin=U2-5
Removed Pin From Net: NetName=GND Pin=U2-6
Removed Pin From Net: NetName=GND Pin=U3-1
Removed Pin From Net: NetName=GND Pin=U3-10
Removed Pin From Net: NetName=5V Pin=U3-11
Removed Pin From Net: NetName=PC15O Pin=U3-12
Removed Pin From Net: NetName=PC14O Pin=U3-13
Removed Pin From Net: NetName=PC13O Pin=U3-14
Removed Pin From Net: NetName=PF0O Pin=U3-15
Removed Pin From Net: NetName=PF1O Pin=U3-16
Removed Pin From Net: NetName=PF4O Pin=U3-17
Removed Pin From Net: NetName=PF5O Pin=U3-18
Removed Pin From Net: NetName=PF6O Pin=U3-19
Removed Pin From Net: NetName=5V Pin=U3-20
Removed Pin From Net: NetName=GND Pin=U4-1
Removed Pin From Net: NetName=GND Pin=U4-10
Removed Pin From Net: NetName=5V Pin=U4-11
Removed Pin From Net: NetName=PA13O Pin=U4-12
Removed Pin From Net: NetName=PA12O Pin=U4-13
Removed Pin From Net: NetName=PA11O Pin=U4-14
Removed Pin From Net: NetName=PA10O Pin=U4-15
Removed Pin From Net: NetName=PC8O Pin=U4-16
Removed Pin From Net: NetName=PC9O Pin=U4-17
Removed Pin From Net: NetName=PA8O Pin=U4-18
Removed Pin From Net: NetName=PA9O Pin=U4-19
Removed Pin From Net: NetName=5V Pin=U4-20
Change Component DesignItemId : Designator=U3 Old DesignItemId=74HC573 DIP20 IC Flip-Flop_MH New DesignItemId=PM8834TR
Change Component DesignItemId : Designator=U4 Old DesignItemId=74HC573 DIP20 IC Flip-Flop_MH New DesignItemId=PM8834TR
Change Component DesignItemId : Designator=D1 Old DesignItemId=Diode S4 SOD123 ( 1N5819 SOD123)_MH New DesignItemId=MMDL914-TP
Change Component DesignItemId : Designator=U2 Old DesignItemId=LM2576HVS-5.0V BUCK 5V 3A TO263-5 _MH New DesignItemId=PM8834TR
Change Component DesignItemId : Designator=R1 Old DesignItemId=TRO_SMD_0805_MH New DesignItemId=R nho
Change Component DesignItemId : Designator=R2 Old DesignItemId=TRO_SMD_0805_MH New DesignItemId=R nho
Change Component DesignItemId : Designator=C2 Old DesignItemId=TU_NHOM_470uF_25V_MH New DesignItemId=CM
Change Component Footprint: Designator=U3 Old Footprint=DIP20 New Footprint=SOP 8
Change Component Footprint: Designator=U4 Old Footprint=DIP20 New Footprint=SOP 8
Change Component Footprint: Designator=D1 Old Footprint=SOD123 New Footprint=SOD-323
Change Component Footprint: Designator=U2 Old Footprint=TO263-5 New Footprint=SOP 8
Change Component Footprint: Designator=C2 Old Footprint=TU_NHOM_470uF_25V_MH New Footprint=0805_HV
Change Component Comment : Designator=R1 Old Comment=2.2K New Comment=10k
Change Component Comment : Designator=R2 Old Comment=2.2K New Comment=10k
Change Component Comment : Designator=U3 Old Comment=74HC573 New Comment=PM8834TR
Change Component Comment : Designator=U4 Old Comment=74HC573 New Comment=PM8834TR
Change Component Comment : Designator=C2 Old Comment=470uF New Comment=104
Change Component Comment : Designator=D1 Old Comment=IN5822 New Comment=BAT54HT1G
Change Component Comment : Designator=U2 Old Comment=LM2576HVS New Comment=PM8834TR
Change Component Designator: OldDesignator=C9 NewDesignator=C1
Change Component Designator: OldDesignator=U1 NewDesignator=KIT1
Change Component Description : Designator=R1 Old Description=TRO_SMD_0805_MH New Description=RES, 100, 1%, 0.1 W, 0402
Change Component Description : Designator=R2 Old Description=TRO_SMD_0805_MH New Description=RES, 100, 1%, 0.1 W, 0402
Change Component Library : Designator=R1 Old Library=MH_DA_THU_VIEN_16122016.SchLib New Library=mySch.SchLib
Change Component Library : Designator=R2 Old Library=MH_DA_THU_VIEN_16122016.SchLib New Library=mySch.SchLib
Added Component: Designator=CON1(Con 10 EDG 5.08)
Added Component: Designator=D2(SOD-323)
Added Component: Designator=D3(SOD-323)
Added Component: Designator=D4(SOD-323)
Added Component: Designator=D5(SOD-323)
Added Component: Designator=D6(SOD-323)
Added Component: Designator=D7(SOD-323)
Added Component: Designator=D8(SOD-323)
Added Component: Designator=D9(SOD-323)
Added Component: Designator=D10(SOD-323)
Added Component: Designator=D11(SOD-323)
Added Component: Designator=D12(SOD-323)
Added Component: Designator=D13(SOD-323)
Added Component: Designator=D14(SOD-323)
Added Component: Designator=D15(SOD-323)
Added Component: Designator=D16(SOD-323)
Added Component: Designator=Q1(TO-220-2)
Added Component: Designator=Q2(TO-220-2)
Added Component: Designator=Q3(TO-220-2)
Added Component: Designator=Q4(TO-220-2)
Added Component: Designator=Q5(TO-220-2)
Added Component: Designator=Q6(TO-220-2)
Added Component: Designator=Q7(TO-220-2)
Added Component: Designator=Q8(TO-220-2)
Added Component: Designator=R3(Tro SMD 0805)
Added Component: Designator=R4(Tro SMD 0805)
Added Component: Designator=R5(Tro SMD 0805)
Added Component: Designator=R6(Tro SMD 0805)
Added Component: Designator=R7(Tro SMD 0805)
Added Component: Designator=R8(Tro SMD 0805)
Added Component: Designator=R9(Tro SMD 0805)
Added Component: Designator=R10(Tro SMD 0805)
Added Component: Designator=R11(Tro SMD 0805)
Added Component: Designator=R12(Tro SMD 0805)
Added Component: Designator=R13(Tro SMD 0805)
Added Component: Designator=R14(Tro SMD 0805)
Added Component: Designator=R15(Tro SMD 0805)
Added Component: Designator=R16(Tro SMD 0805)
Added Component: Designator=U1(SOP 8)
Added Pin To Net: NetName=GND Pin=C2-1
Added Pin To Net: NetName=NetD1_2 Pin=D3-1
Added Pin To Net: NetName=GND Pin=D3-2
Added Pin To Net: NetName=GND Pin=D4-2
Added Pin To Net: NetName=GND Pin=D7-2
Added Pin To Net: NetName=GND Pin=D8-2
Added Pin To Net: NetName=GND Pin=D11-2
Added Pin To Net: NetName=GND Pin=D12-2
Added Pin To Net: NetName=GND Pin=D15-2
Added Pin To Net: NetName=GND Pin=D16-2
Added Pin To Net: NetName=NetD1_2 Pin=Q1-1
Added Pin To Net: NetName=GND Pin=Q1-3
Added Pin To Net: NetName=GND Pin=Q2-3
Added Pin To Net: NetName=GND Pin=Q3-3
Added Pin To Net: NetName=GND Pin=Q4-3
Added Pin To Net: NetName=GND Pin=Q5-3
Added Pin To Net: NetName=GND Pin=Q6-3
Added Pin To Net: NetName=GND Pin=Q7-3
Added Pin To Net: NetName=GND Pin=Q8-3
Added Pin To Net: NetName=NetD1_2 Pin=R1-1
Added Pin To Net: NetName=GND Pin=R1-2
Added Pin To Net: NetName=GND Pin=R2-2
Added Pin To Net: NetName=NetD1_2 Pin=R3-1
Added Pin To Net: NetName=GND Pin=R5-2
Added Pin To Net: NetName=GND Pin=R6-2
Added Pin To Net: NetName=GND Pin=R9-2
Added Pin To Net: NetName=GND Pin=R10-2
Added Pin To Net: NetName=GND Pin=R13-2
Added Pin To Net: NetName=GND Pin=R14-2
Added Pin To Net: NetName=GND Pin=U1-3
Added Pin To Net: NetName=GND Pin=U3-3
Added Pin To Net: NetName=GND Pin=U4-3
Added Pin To Net: NetName=HV1 Pin=CON1-1
Added Pin To Net: NetName=HV1 Pin=CON1-2
Added Net: Name=HV1
Added Pin To Net: NetName=LED_STR1 Pin=CON1-3
Added Net: Name=LED_STR1
Added Pin To Net: NetName=LED_STR2 Pin=CON1-4
Added Net: Name=LED_STR2
Added Pin To Net: NetName=LED_STR3 Pin=CON1-5
Added Net: Name=LED_STR3
Added Pin To Net: NetName=LED_STR4 Pin=CON1-6
Added Net: Name=LED_STR4
Added Pin To Net: NetName=LED_STR5 Pin=CON1-7
Added Net: Name=LED_STR5
Added Pin To Net: NetName=LED_STR6 Pin=CON1-8
Added Net: Name=LED_STR6
Added Pin To Net: NetName=LED_STR7 Pin=CON1-9
Added Net: Name=LED_STR7
Added Pin To Net: NetName=LED_STR8 Pin=CON1-10
Added Net: Name=LED_STR8
Added Pin To Net: NetName=NetD1_1 Pin=D1-1
Added Pin To Net: NetName=NetD1_1 Pin=R3-2
Added Pin To Net: NetName=NetD1_1 Pin=U1-7
Added Net: Name=NetD1_1
Added Pin To Net: NetName=NetD2_1 Pin=D2-1
Added Pin To Net: NetName=NetD2_1 Pin=R4-2
Added Pin To Net: NetName=NetD2_1 Pin=U2-7
Added Net: Name=NetD2_1
Added Pin To Net: NetName=NetD2_2 Pin=D2-2
Added Pin To Net: NetName=NetD2_2 Pin=D4-1
Added Pin To Net: NetName=NetD2_2 Pin=Q2-1
Added Pin To Net: NetName=NetD2_2 Pin=R2-1
Added Pin To Net: NetName=NetD2_2 Pin=R4-1
Added Net: Name=NetD2_2
Added Pin To Net: NetName=NetD5_1 Pin=D5-1
Added Pin To Net: NetName=NetD5_1 Pin=R7-2
Added Pin To Net: NetName=NetD5_1 Pin=U1-5
Added Net: Name=NetD5_1
Added Pin To Net: NetName=NetD5_2 Pin=D5-2
Added Pin To Net: NetName=NetD5_2 Pin=D7-1
Added Pin To Net: NetName=NetD5_2 Pin=Q3-1
Added Pin To Net: NetName=NetD5_2 Pin=R5-1
Added Pin To Net: NetName=NetD5_2 Pin=R7-1
Added Net: Name=NetD5_2
Added Pin To Net: NetName=NetD6_1 Pin=D6-1
Added Pin To Net: NetName=NetD6_1 Pin=R8-2
Added Pin To Net: NetName=NetD6_1 Pin=U2-5
Added Net: Name=NetD6_1
Added Pin To Net: NetName=NetD6_2 Pin=D6-2
Added Pin To Net: NetName=NetD6_2 Pin=D8-1
Added Pin To Net: NetName=NetD6_2 Pin=Q4-1
Added Pin To Net: NetName=NetD6_2 Pin=R6-1
Added Pin To Net: NetName=NetD6_2 Pin=R8-1
Added Net: Name=NetD6_2
Added Pin To Net: NetName=NetD9_1 Pin=D9-1
Added Pin To Net: NetName=NetD9_1 Pin=R11-2
Added Pin To Net: NetName=NetD9_1 Pin=U3-7
Added Net: Name=NetD9_1
Added Pin To Net: NetName=NetD9_2 Pin=D9-2
Added Pin To Net: NetName=NetD9_2 Pin=D11-1
Added Pin To Net: NetName=NetD9_2 Pin=Q5-1
Added Pin To Net: NetName=NetD9_2 Pin=R9-1
Added Pin To Net: NetName=NetD9_2 Pin=R11-1
Added Net: Name=NetD9_2
Added Pin To Net: NetName=NetD10_1 Pin=D10-1
Added Pin To Net: NetName=NetD10_1 Pin=R12-2
Added Pin To Net: NetName=NetD10_1 Pin=U4-7
Added Net: Name=NetD10_1
Added Pin To Net: NetName=NetD10_2 Pin=D10-2
Added Pin To Net: NetName=NetD10_2 Pin=D12-1
Added Pin To Net: NetName=NetD10_2 Pin=Q6-1
Added Pin To Net: NetName=NetD10_2 Pin=R10-1
Added Pin To Net: NetName=NetD10_2 Pin=R12-1
Added Net: Name=NetD10_2
Added Pin To Net: NetName=NetD13_1 Pin=D13-1
Added Pin To Net: NetName=NetD13_1 Pin=R15-2
Added Pin To Net: NetName=NetD13_1 Pin=U3-5
Added Net: Name=NetD13_1
Added Pin To Net: NetName=NetD13_2 Pin=D13-2
Added Pin To Net: NetName=NetD13_2 Pin=D15-1
Added Pin To Net: NetName=NetD13_2 Pin=Q7-1
Added Pin To Net: NetName=NetD13_2 Pin=R13-1
Added Pin To Net: NetName=NetD13_2 Pin=R15-1
Added Net: Name=NetD13_2
Added Pin To Net: NetName=NetD14_1 Pin=D14-1
Added Pin To Net: NetName=NetD14_1 Pin=R16-2
Added Pin To Net: NetName=NetD14_1 Pin=U4-5
Added Net: Name=NetD14_1
Added Pin To Net: NetName=NetD14_2 Pin=D14-2
Added Pin To Net: NetName=NetD14_2 Pin=D16-1
Added Pin To Net: NetName=NetD14_2 Pin=Q8-1
Added Pin To Net: NetName=NetD14_2 Pin=R14-1
Added Pin To Net: NetName=NetD14_2 Pin=R16-1
Added Net: Name=NetD14_2
Added Pin To Net: NetName=PWM_LED_STR1 Pin=U1-2
Added Net: Name=PWM_LED_STR1
Added Pin To Net: NetName=PWM_LED_STR2 Pin=U1-4
Added Net: Name=PWM_LED_STR2
Added Pin To Net: NetName=PWM_LED_STR3 Pin=U3-2
Added Net: Name=PWM_LED_STR3
Added Pin To Net: NetName=PWM_LED_STR4 Pin=U3-4
Added Net: Name=PWM_LED_STR4
Added Pin To Net: NetName=PWM_LED_STR5 Pin=U2-2
Added Net: Name=PWM_LED_STR5
Added Pin To Net: NetName=PWM_LED_STR6 Pin=U2-4
Added Net: Name=PWM_LED_STR6
Added Pin To Net: NetName=PWM_LED_STR7 Pin=U4-2
Added Net: Name=PWM_LED_STR7
Added Pin To Net: NetName=PWM_LED_STR8 Pin=U4-4
Added Net: Name=PWM_LED_STR8
Added Pin To Net: NetName=V_DRV Pin=C2-2
Added Pin To Net: NetName=V_DRV Pin=C3-2
Added Pin To Net: NetName=V_DRV Pin=C4-2
Added Pin To Net: NetName=V_DRV Pin=C5-2
Added Pin To Net: NetName=V_DRV Pin=U1-1
Added Pin To Net: NetName=V_DRV Pin=U1-6
Added Pin To Net: NetName=V_DRV Pin=U1-8
Added Pin To Net: NetName=V_DRV Pin=U2-1
Added Pin To Net: NetName=V_DRV Pin=U2-6
Added Pin To Net: NetName=V_DRV Pin=U2-8
Added Pin To Net: NetName=V_DRV Pin=U3-1
Added Pin To Net: NetName=V_DRV Pin=U3-6
Added Pin To Net: NetName=V_DRV Pin=U3-8
Added Pin To Net: NetName=V_DRV Pin=U4-1
Added Pin To Net: NetName=V_DRV Pin=U4-6
Added Pin To Net: NetName=V_DRV Pin=U4-8
Added Net: Name=V_DRV
Added Class: Name=leddriver
Added Class: Name=powerswitch
Added Room: Name=leddriver
Added Room: Name=powerswitch
