Removed Pin From Net: NetName=GND Pin=C4-1
Removed Pin From Net: NetName=12V Pin=C4-2
Removed Pin From Net: NetName=GND Pin=C5-1
Removed Pin From Net: NetName=12V Pin=C5-2
Removed Pin From Net: NetName=IN0 Pin=C15-2
Removed Pin From Net: NetName=LED_STR5 Pin=CON1-4
Removed Pin From Net: NetName=LED_STR4 Pin=CON1-5
Removed Pin From Net: NetName=LED_STR3 Pin=CON1-6
Removed Pin From Net: NetName=LED_STR2 Pin=CON1-7
Removed Pin From Net: NetName=NetD1_2 Pin=D1-2
Removed Pin From Net: NetName=CS Pin=D3-2
Removed Pin From Net: NetName=CS Pin=D4-2
Removed Pin From Net: NetName=NetD5_2 Pin=D7-1
Removed Pin From Net: NetName=CS Pin=D7-2
Removed Pin From Net: NetName=CS Pin=D8-2
Removed Pin From Net: NetName=CS Pin=D11-2
Removed Pin From Net: NetName=CS Pin=D12-2
Removed Pin From Net: NetName=NetD13_2 Pin=D15-1
Removed Pin From Net: NetName=CS Pin=D15-2
Removed Pin From Net: NetName=CS Pin=D16-2
Removed Pin From Net: NetName=CS Pin=Q1-3
Removed Pin From Net: NetName=CS Pin=Q2-3
Removed Pin From Net: NetName=NetD5_2 Pin=Q3-1
Removed Pin From Net: NetName=LED_STR2 Pin=Q3-2
Removed Pin From Net: NetName=CS Pin=Q3-3
Removed Pin From Net: NetName=CS Pin=Q4-3
Removed Pin From Net: NetName=LED_STR3 Pin=Q5-2
Removed Pin From Net: NetName=CS Pin=Q6-3
Removed Pin From Net: NetName=NetD13_2 Pin=Q7-1
Removed Pin From Net: NetName=LED_STR4 Pin=Q7-2
Removed Pin From Net: NetName=CS Pin=Q7-3
Removed Pin From Net: NetName=CS Pin=Q8-3
Removed Pin From Net: NetName=CS Pin=R1-2
Removed Pin From Net: NetName=CS Pin=R2-2
Removed Pin From Net: NetName=NetD2_1 Pin=R4-2
Removed Pin From Net: NetName=NetD5_2 Pin=R5-1
Removed Pin From Net: NetName=CS Pin=R5-2
Removed Pin From Net: NetName=CS Pin=R6-2
Removed Pin From Net: NetName=NetD5_2 Pin=R7-1
Removed Pin From Net: NetName=NetD5_1 Pin=R7-2
Removed Pin From Net: NetName=CS Pin=R10-2
Removed Pin From Net: NetName=NetD13_2 Pin=R13-1
Removed Pin From Net: NetName=CS Pin=R13-2
Removed Pin From Net: NetName=CS Pin=R14-2
Removed Pin From Net: NetName=NetD13_2 Pin=R15-1
Removed Pin From Net: NetName=NetD13_1 Pin=R15-2
Removed Pin From Net: NetName=PB0 Pin=U1-2
Removed Pin From Net: NetName=GND Pin=U1-3
Removed Pin From Net: NetName=PB1 Pin=U1-4
Removed Pin From Net: NetName=NetD5_1 Pin=U1-5
Removed Pin From Net: NetName=12V Pin=U1-6
Removed Pin From Net: NetName=12V Pin=U1-8
Removed Pin From Net: NetName=PA8 Pin=U2-2
Removed Pin From Net: NetName=GND Pin=U2-3
Removed Pin From Net: NetName=PA9 Pin=U2-4
Removed Pin From Net: NetName=12V Pin=U2-6
Removed Pin From Net: NetName=NetD2_1 Pin=U2-7
Removed Pin From Net: NetName=12V Pin=U2-8
Removed Pin From Net: NetName=PA6 Pin=U3-2
Removed Pin From Net: NetName=GND Pin=U3-3
Removed Pin From Net: NetName=PA7 Pin=U3-4
Removed Pin From Net: NetName=NetD13_1 Pin=U3-5
Removed Pin From Net: NetName=12V Pin=U3-6
Removed Pin From Net: NetName=12V Pin=U3-8
Removed Pin From Net: NetName=PA10 Pin=U4-2
Removed Pin From Net: NetName=GND Pin=U4-3
Removed Pin From Net: NetName=PA11 Pin=U4-4
Removed Pin From Net: NetName=12V Pin=U4-6
Removed Pin From Net: NetName=12V Pin=U4-8
Change Component DesignItemId : Designator=U1 Old DesignItemId=PM8834TR New DesignItemId=FAN73611MX
Change Component DesignItemId : Designator=U2 Old DesignItemId=PM8834TR New DesignItemId=FAN73611MX
Change Component DesignItemId : Designator=U3 Old DesignItemId=PM8834TR New DesignItemId=FAN73611MX
Change Component DesignItemId : Designator=U4 Old DesignItemId=PM8834TR New DesignItemId=FAN73611MX
Change Component Comment : Designator=R7 Old Comment=10 New Comment=10k
Change Component Comment : Designator=R6 Old Comment=10k New Comment=10
Change Component Comment : Designator=R10 Old Comment=10k New Comment=10
Change Component Comment : Designator=D4 Old Comment=15V New Comment=BAT54HT1G
Change Component Comment : Designator=D7 Old Comment=15V New Comment=BAT54HT1G
Change Component Comment : Designator=D8 Old Comment=15V New Comment=BAT54HT1G
Change Component Comment : Designator=D11 Old Comment=15V New Comment=BAT54HT1G
Change Component Comment : Designator=C2 Old Comment=104 New Comment=106
Change Component Comment : Designator=C4 Old Comment=104 New Comment=106
Change Component Comment : Designator=C15 Old Comment=104 New Comment=106
Change Component Comment : Designator=D6 Old Comment=BAT54HT1G New Comment=15V
Change Component Comment : Designator=D9 Old Comment=BAT54HT1G New Comment=15V
Change Component Comment : Designator=D14 Old Comment=BAT54HT1G New Comment=15V
Change Component Comment : Designator=U1 Old Comment=PM8834TR New Comment=FAN73611MX
Change Component Comment : Designator=U2 Old Comment=PM8834TR New Comment=FAN73611MX
Change Component Comment : Designator=U3 Old Comment=PM8834TR New Comment=FAN73611MX
Change Component Comment : Designator=U4 Old Comment=PM8834TR New Comment=FAN73611MX
Change Component Designator: OldDesignator=D20 NewDesignator=D15
Change Component Designator: OldDesignator=R3 NewDesignator=R2
Change Component Designator: OldDesignator=R20 NewDesignator=R11
Change Component Designator: OldDesignator=R21 NewDesignator=R12
Change Component Description : Designator=U4 Old Description=AMS1117-3.3V SOT223 _MH New Description=
Added Component: Designator=C17(0805_HV)
Added Component: Designator=C18(0805_HV)
Added Component: Designator=C19(0805_HV)
Added Component: Designator=C20(0805_HV)
Added Component: Designator=C21(0805_HV)
Added Component: Designator=C22(0805_HV)
Added Component: Designator=C23(0805_HV)
Added Component: Designator=C24(0805_HV)
Added Component: Designator=C25(0805_HV)
Added Component: Designator=C26(0805_HV)
Added Component: Designator=C27(0805_HV)
Added Component: Designator=C28(0805_HV)
Added Component: Designator=C29(0805_HV)
Added Component: Designator=C?(0805_HV)
Added Component: Designator=R3(Tro SMD 0805)
Added Component: Designator=U7(SOP 8)
Added Component: Designator=U?(SOT95P280X145-6N)
Added Pin To Net: NetName=LED_STR5 Pin=C4-1
Added Pin To Net: NetName=LED_STR5 Pin=C5-1
Added Pin To Net: NetName=12V Pin=C15-2
Added Pin To Net: NetName=GND Pin=C17-1
Added Pin To Net: NetName=12V Pin=C17-2
Added Pin To Net: NetName=LED_STR4 Pin=C18-1
Added Pin To Net: NetName=LED_STR4 Pin=C19-1
Added Pin To Net: NetName=GND Pin=C20-1
Added Pin To Net: NetName=12V Pin=C20-2
Added Pin To Net: NetName=GND Pin=C21-1
Added Pin To Net: NetName=12V Pin=C21-2
Added Pin To Net: NetName=LED_STR3 Pin=C22-1
Added Pin To Net: NetName=LED_STR3 Pin=C23-1
Added Pin To Net: NetName=GND Pin=C24-1
Added Pin To Net: NetName=12V Pin=C24-2
Added Pin To Net: NetName=GND Pin=C25-1
Added Pin To Net: NetName=12V Pin=C25-2
Added Pin To Net: NetName=LED_STR2 Pin=C26-1
Added Pin To Net: NetName=LED_STR2 Pin=C27-1
Added Pin To Net: NetName=GND Pin=C28-1
Added Pin To Net: NetName=12V Pin=C28-2
Added Pin To Net: NetName=GND Pin=C15-1
Added Pin To Net: NetName=IN0 Pin=C15-2
Added Pin To Net: NetName=GND Pin=C?-1
Added Pin To Net: NetName=12V Pin=D1-2
Added Pin To Net: NetName=NetD1_2 Pin=D2-2
Added Pin To Net: NetName=LED_STR5 Pin=D3-2
Added Pin To Net: NetName=12V Pin=D4-2
Added Pin To Net: NetName=NetD5_2 Pin=D6-1
Added Pin To Net: NetName=LED_STR4 Pin=D6-2
Added Pin To Net: NetName=12V Pin=D7-2
Added Pin To Net: NetName=LED_STR3 Pin=D9-2
Added Pin To Net: NetName=12V Pin=D10-2
Added Pin To Net: NetName=LED_STR2 Pin=D12-2
Added Pin To Net: NetName=NetD13_2 Pin=D14-1
Added Pin To Net: NetName=CS Pin=D14-2
Added Pin To Net: NetName=+VDC Pin=Q1-2
Added Pin To Net: NetName=LED_STR5 Pin=Q1-3
Added Pin To Net: NetName=NetD5_2 Pin=Q2-1
Added Pin To Net: NetName=LED_STR4 Pin=Q2-3
Added Pin To Net: NetName=LED_STR4 Pin=Q3-2
Added Pin To Net: NetName=LED_STR3 Pin=Q3-3
Added Pin To Net: NetName=LED_STR3 Pin=Q4-2
Added Pin To Net: NetName=LED_STR2 Pin=Q4-3
Added Pin To Net: NetName=NetD13_2 Pin=Q5-1
Added Pin To Net: NetName=LED_STR2 Pin=Q5-2
Added Pin To Net: NetName=LED_STR5 Pin=R1-2
Added Pin To Net: NetName=NetD2_1 Pin=R2-2
Added Pin To Net: NetName=NetD5_2 Pin=R3-1
Added Pin To Net: NetName=LED_STR4 Pin=R3-2
Added Pin To Net: NetName=NetD5_2 Pin=R4-1
Added Pin To Net: NetName=NetD5_1 Pin=R4-2
Added Pin To Net: NetName=LED_STR3 Pin=R5-2
Added Pin To Net: NetName=LED_STR2 Pin=R7-2
Added Pin To Net: NetName=NetD13_2 Pin=R9-1
Added Pin To Net: NetName=NetD13_2 Pin=R10-1
Added Pin To Net: NetName=NetD13_1 Pin=R10-2
Added Pin To Net: NetName=GND Pin=U1-4
Added Pin To Net: NetName=LED_STR5 Pin=U1-6
Added Pin To Net: NetName=NetD2_1 Pin=U1-7
Added Pin To Net: NetName=GND Pin=U2-4
Added Pin To Net: NetName=NetD5_1 Pin=U2-7
Added Pin To Net: NetName=GND Pin=U3-4
Added Pin To Net: NetName=GND Pin=U4-4
Added Pin To Net: NetName=12V Pin=U7-1
Added Pin To Net: NetName=GND Pin=U7-3
Added Pin To Net: NetName=12V Pin=U7-6
Added Pin To Net: NetName=NetD13_1 Pin=U7-7
Added Pin To Net: NetName=GND Pin=U7-8
Added Pin To Net: NetName=GND Pin=U?-2
Change Net Name : Old Net Name=NetD1_2 New Net Name=NetD2_2
Added Pin To Net: NetName=3.3V Pin=C?-2
Added Pin To Net: NetName=3.3V Pin=U?-6
Added Net: Name=3.3V
Added Pin To Net: NetName=CURRENT_SIGNAL3 Pin=U?-1
Added Net: Name=CURRENT_SIGNAL3
Added Pin To Net: NetName=LED_PWM1 Pin=U1-2
Added Net: Name=LED_PWM1
Added Pin To Net: NetName=LED_PWM2 Pin=U2-2
Added Net: Name=LED_PWM2
Added Pin To Net: NetName=LED_PWM3 Pin=U3-2
Added Net: Name=LED_PWM3
Added Pin To Net: NetName=LED_PWM4 Pin=U4-2
Added Net: Name=LED_PWM4
Added Pin To Net: NetName=LED_PWM5 Pin=U7-2
Added Net: Name=LED_PWM5
Added Pin To Net: NetName=LED_STR1_N Pin=CON1-7
Added Net: Name=LED_STR1_N
Added Pin To Net: NetName=LED_STR1_P Pin=CON1-8
Added Net: Name=LED_STR1_P
Added Pin To Net: NetName=LOUT2 Pin=U?-4
Added Net: Name=LOUT2
Added Pin To Net: NetName=L Pin=U?-3
Added Net: Name=L
Added Pin To Net: NetName=NetC4_2 Pin=C4-2
Added Pin To Net: NetName=NetC4_2 Pin=C5-2
Added Pin To Net: NetName=NetC4_2 Pin=D1-1
Added Pin To Net: NetName=NetC4_2 Pin=U1-8
Added Net: Name=NetC4_2
Added Pin To Net: NetName=NetC18_2 Pin=C18-2
Added Pin To Net: NetName=NetC18_2 Pin=C19-2
Added Pin To Net: NetName=NetC18_2 Pin=D4-1
Added Pin To Net: NetName=NetC18_2 Pin=U2-8
Added Net: Name=NetC18_2
Added Pin To Net: NetName=NetC22_2 Pin=C22-2
Added Pin To Net: NetName=NetC22_2 Pin=C23-2
Added Pin To Net: NetName=NetC22_2 Pin=D7-1
Added Pin To Net: NetName=NetC22_2 Pin=U3-8
Added Net: Name=NetC22_2
Added Pin To Net: NetName=NetC26_2 Pin=C26-2
Added Pin To Net: NetName=NetC26_2 Pin=C27-2
Added Pin To Net: NetName=NetC26_2 Pin=D10-1
Added Pin To Net: NetName=NetC26_2 Pin=U4-8
Added Net: Name=NetC26_2
Added Pin To Net: NetName=NetD8_1 Pin=D8-1
Added Pin To Net: NetName=NetD8_1 Pin=R6-2
Added Pin To Net: NetName=NetD8_1 Pin=U3-7
Added Net: Name=NetD8_1
Added Pin To Net: NetName=NetD8_2 Pin=D8-2
Added Pin To Net: NetName=NetD8_2 Pin=D9-1
Added Pin To Net: NetName=NetD8_2 Pin=Q3-1
Added Pin To Net: NetName=NetD8_2 Pin=R5-1
Added Pin To Net: NetName=NetD8_2 Pin=R6-1
Added Net: Name=NetD8_2
Added Pin To Net: NetName=NetD11_1 Pin=D11-1
Added Pin To Net: NetName=NetD11_1 Pin=R8-2
Added Pin To Net: NetName=NetD11_1 Pin=U4-7
Added Net: Name=NetD11_1
Added Pin To Net: NetName=NetD11_2 Pin=D11-2
Added Pin To Net: NetName=NetD11_2 Pin=D12-1
Added Pin To Net: NetName=NetD11_2 Pin=Q4-1
Added Pin To Net: NetName=NetD11_2 Pin=R7-1
Added Pin To Net: NetName=NetD11_2 Pin=R8-1
Added Net: Name=NetD11_2
Added Pin To Net: NetName=VREF Pin=U?-5
Added Net: Name=VREF
