Removed Pin From Net: NetName=GND Pin=C2-1
Removed Pin From Net: NetName=IN_L Pin=C4-1
Removed Pin From Net: NetName=GND Pin=C10-2
Removed Pin From Net: NetName=GND Pin=C12-1
Removed Pin From Net: NetName=+15V Pin=C12-2
Removed Pin From Net: NetName=GND Pin=C17-1
Removed Pin From Net: NetName=-15V Pin=C17-2
Removed Pin From Net: NetName=GND Pin=C19-1
Removed Pin From Net: NetName=+15V Pin=C20-1
Removed Pin From Net: NetName=GND Pin=C20-2
Removed Pin From Net: NetName=IN_L Pin=C21-1
Removed Pin From Net: NetName=GND Pin=C23-1
Removed Pin From Net: NetName=+15V Pin=C23-2
Removed Pin From Net: NetName=GND Pin=C26-1
Removed Pin From Net: NetName=-15V Pin=C26-2
Removed Pin From Net: NetName=GND Pin=C27-2
Removed Pin From Net: NetName=GND Pin=C29-1
Removed Pin From Net: NetName=-15V Pin=C29-2
Removed Pin From Net: NetName=GND Pin=C30-1
Removed Pin From Net: NetName=+15V Pin=C30-2
Removed Pin From Net: NetName=GND Pin=C34-1
Removed Pin From Net: NetName=-15V Pin=C34-2
Removed Pin From Net: NetName=GND Pin=C35-1
Removed Pin From Net: NetName=+15V Pin=C35-2
Removed Pin From Net: NetName=-15V Pin=C36-1
Removed Pin From Net: NetName=GND Pin=C36-2
Removed Pin From Net: NetName=NetC1_1 Pin=R3-2
Removed Pin From Net: NetName=NetR4_1 Pin=R11-2
Removed Pin From Net: NetName=GND Pin=R16-1
Removed Pin From Net: NetName=NetR4_1 Pin=R17-1
Removed Pin From Net: NetName=GND Pin=R23-1
Removed Pin From Net: NetName=GND Pin=R31-1
Removed Pin From Net: NetName=GND Pin=R32-1
Removed Pin From Net: NetName=GND Pin=R34-1
Removed Pin From Net: NetName=GND Pin=R36-1
Removed Pin From Net: NetName=GND Pin=U1-3
Removed Pin From Net: NetName=-15V Pin=U1-4
Removed Pin From Net: NetName=GND Pin=U1-5
Removed Pin From Net: NetName=NetC1_1 Pin=U1-6
Removed Pin From Net: NetName=+15V Pin=U1-8
Removed Pin From Net: NetName=GND Pin=U2-3
Removed Pin From Net: NetName=-15V Pin=U2-4
Removed Pin From Net: NetName=GND Pin=U2-5
Removed Pin From Net: NetName=+15V Pin=U2-8
Removed Pin From Net: NetName=GND Pin=U3-3
Removed Pin From Net: NetName=-15V Pin=U3-4
Removed Pin From Net: NetName=GND Pin=U3-5
Removed Pin From Net: NetName=+15V Pin=U3-8
Removed Pin From Net: NetName=GND Pin=U4-3
Removed Pin From Net: NetName=GND Pin=U4-5
Removed Pin From Net: NetName=-15V Pin=U5-4
Removed Pin From Net: NetName=NetR12_1 Pin=U5-5
Removed Pin From Net: NetName=NetR4_1 Pin=U5-6
Removed Pin From Net: NetName=+15V Pin=U5-8
Removed Pin From Net: NetName=NetR5_2 Pin=VR1-1
Removed Pin From Net: NetName=NetR4_2 Pin=VR1-2
Removed Pin From Net: NetName=NetR13_2 Pin=VR2-1
Removed Pin From Net: NetName=NetR12_2 Pin=VR2-2
Change Component DesignItemId : Designator=U1 Old DesignItemId=TL082ACP New DesignItemId=ToneBoard
Change Component DesignItemId : Designator=U3 Old DesignItemId=TL082ACP New DesignItemId=ToneBoard
Change Component DesignItemId : Designator=C1 Old DesignItemId=TU_MICA_ 104 100V(2A104J)_MH New DesignItemId=TU_HOA_4.7uF_100V_MH
Change Component Footprint: Designator=U1 Old Footprint=DIP8 New Footprint=ToneBoard
Change Component Footprint: Designator=U3 Old Footprint=DIP8 New Footprint=ToneBoard
Change Component Footprint: Designator=C1 Old Footprint=WIMA-FKP-2-1nF New Footprint=CP1/3.0
Change Component Comment : Designator=R6 Old Comment=47K New Comment=22K
Change Component Comment : Designator=R1 Old Comment=47K New Comment=56K
Change Component Comment : Designator=R7 Old Comment=47K New Comment=56K
Change Component Comment : Designator=R2 Old Comment=47K New Comment=100
Change Component Comment : Designator=R3 Old Comment=47K New Comment=560K
Change Component Comment : Designator=R4 Old Comment=56K New Comment=47K
Change Component Comment : Designator=R9 Old Comment=220K New Comment=100
Change Component Comment : Designator=C1 Old Comment=562 New Comment=10uF
Change Component Comment : Designator=U1 Old Comment=TL082ACP New Comment=ToneBoard
Change Component Comment : Designator=U3 Old Comment=TL082ACP New Comment=ToneBoard
Change Component Designator: OldDesignator=C11 NewDesignator=C2
Change Component Designator: OldDesignator=R17 NewDesignator=R15
Change Component Designator: OldDesignator=R18 NewDesignator=R16
Added Component: Designator=C?(TU_GOM(104-->105pF))
Added Component: Designator=C?(TU_GOM(104-->105pF))
Added Component: Designator=R8(TRO_VACH_ 1/4W)
Added Component: Designator=R10(TRO_VACH_ 1/4W)
Added Pin To Net: NetName=OUT_L Pin=C1-2
Added Pin To Net: NetName=+15V Pin=C2-1
Added Pin To Net: NetName=+15V Pin=C?-1
Added Pin To Net: NetName=-15V Pin=C?-1
Added Pin To Net: NetName=GND Pin=C?-2
Added Pin To Net: NetName=GND Pin=C?-2
Added Pin To Net: NetName=GND Pin=R2-1
Added Pin To Net: NetName=NetC1_1 Pin=R3-1
Added Pin To Net: NetName=GND Pin=R6-1
Added Pin To Net: NetName=NetR4_1 Pin=R6-2
Added Pin To Net: NetName=GND Pin=R9-1
Added Pin To Net: NetName=GND Pin=R5-1
Added Pin To Net: NetName=+15V Pin=R11-1
Added Pin To Net: NetName=GND Pin=U1-1
Added Pin To Net: NetName=GND Pin=U1-1
Added Pin To Net: NetName=GND Pin=U1-2
Added Pin To Net: NetName=GND Pin=U1-2
Added Pin To Net: NetName=+15V Pin=U1-6
Added Pin To Net: NetName=GND Pin=U1-7
Added Pin To Net: NetName=-15V Pin=U1-8
Added Pin To Net: NetName=GND Pin=U1-9
Added Pin To Net: NetName=NetR4_1 Pin=U2-5
Added Pin To Net: NetName=NetC1_1 Pin=U2-7
Added Pin To Net: NetName=GND Pin=U3-1
Added Pin To Net: NetName=GND Pin=U3-1
Added Pin To Net: NetName=GND Pin=U3-2
Added Pin To Net: NetName=GND Pin=U3-2
Added Pin To Net: NetName=+15V Pin=U3-6
Added Pin To Net: NetName=GND Pin=U3-7
Added Pin To Net: NetName=-15V Pin=U3-8
Added Pin To Net: NetName=GND Pin=U3-9
Added Pin To Net: NetName=IN_L Pin=U3-10
Added Pin To Net: NetName=+15V Pin=U4-1
Added Pin To Net: NetName=NetR12_1 Pin=U4-3
Added Pin To Net: NetName=NetR5_2 Pin=VR2-1
Added Pin To Net: NetName=NetR4_2 Pin=VR2-2
Added Pin To Net: NetName=NetR13_2 Pin=VR2-4
Added Pin To Net: NetName=NetR12_2 Pin=VR2-5
Added Pin To Net: NetName=IN_R Pin=U1-10
Added Net: Name=IN_R
Added Pin To Net: NetName=NetR1_1 Pin=R1-1
Added Pin To Net: NetName=NetR1_1 Pin=R3-2
Added Pin To Net: NetName=NetR1_1 Pin=R7-1
Added Pin To Net: NetName=NetR1_1 Pin=U2-6
Added Net: Name=NetR1_1
Added Pin To Net: NetName=NetR1_2 Pin=R1-2
Added Pin To Net: NetName=NetR1_2 Pin=VR1-2
Added Net: Name=NetR1_2
Added Pin To Net: NetName=NetR2_2 Pin=R2-2
Added Pin To Net: NetName=NetR2_2 Pin=VR1-1
Added Net: Name=NetR2_2
Added Pin To Net: NetName=NetR7_2 Pin=R7-2
Added Pin To Net: NetName=NetR7_2 Pin=VR3-2
Added Net: Name=NetR7_2
Added Pin To Net: NetName=NetR8_1 Pin=R4-1
Added Pin To Net: NetName=NetR8_1 Pin=R11-2
Added Pin To Net: NetName=NetR8_1 Pin=R15-1
Added Pin To Net: NetName=NetR8_1 Pin=U4-2
Added Net: Name=NetR8_1
Added Pin To Net: NetName=NetR8_2 Pin=R4-2
Added Pin To Net: NetName=NetR8_2 Pin=VR1-5
Added Net: Name=NetR8_2
Added Pin To Net: NetName=NetR9_2 Pin=R9-2
Added Pin To Net: NetName=NetR9_2 Pin=VR3-1
Added Net: Name=NetR9_2
Added Pin To Net: NetName=NetR10_2 Pin=R5-2
Added Pin To Net: NetName=NetR10_2 Pin=VR1-4
Added Net: Name=NetR10_2
Added Pin To Net: NetName=NetR15_2 Pin=R15-2
Added Pin To Net: NetName=NetR15_2 Pin=VR3-5
Added Net: Name=NetR15_2
Added Pin To Net: NetName=NetR16_2 Pin=R16-2
Added Pin To Net: NetName=NetR16_2 Pin=VR3-4
Added Net: Name=NetR16_2
Added Pin To Net: NetName=NetU1_3 Pin=U1-3
Added Pin To Net: NetName=NetU1_3 Pin=U1-3
Added Pin To Net: NetName=NetU1_3 Pin=VR1-3
Added Net: Name=NetU1_3
Added Pin To Net: NetName=NetU1_4 Pin=U1-4
Added Pin To Net: NetName=NetU1_4 Pin=VR3-3
Added Net: Name=NetU1_4
Added Pin To Net: NetName=NetU1_5 Pin=U1-5
Added Pin To Net: NetName=NetU1_5 Pin=VR2-3
Added Net: Name=NetU1_5
Added Pin To Net: NetName=NetU3_3 Pin=U3-3
Added Pin To Net: NetName=NetU3_3 Pin=U3-3
Added Pin To Net: NetName=NetU3_3 Pin=VR1-6
Added Net: Name=NetU3_3
Added Pin To Net: NetName=NetU3_4 Pin=U3-4
Added Pin To Net: NetName=NetU3_4 Pin=VR3-6
Added Net: Name=NetU3_4
Added Pin To Net: NetName=NetU3_5 Pin=U3-5
Added Pin To Net: NetName=NetU3_5 Pin=VR2-6
Added Net: Name=NetU3_5
