Removed Pin From Net: NetName=GND Pin=C3-1
Removed Pin From Net: NetName=+15V Pin=C3-2
Removed Pin From Net: NetName=GND Pin=C6-1
Removed Pin From Net: NetName=+15V Pin=C6-2
Removed Pin From Net: NetName=GND Pin=C9-1
Removed Pin From Net: NetName=+15V Pin=C9-2
Removed Pin From Net: NetName=-15V Pin=C12-2
Removed Pin From Net: NetName=+15V Pin=C28-1
Removed Pin From Net: NetName=+15V Pin=R29-1
Removed Pin From Net: NetName=NetC7_1 Pin=U4-1
Removed Pin From Net: NetName=NetR6_2 Pin=U4-2
Removed Pin From Net: NetName=+15V Pin=U4-4
Removed Pin From Net: NetName=NetR24_2 Pin=U4-6
Removed Pin From Net: NetName=NetC24_1 Pin=U4-7
Removed Pin From Net: NetName=NetC11_1 Pin=U5-1
Removed Pin From Net: NetName=NetR4_1 Pin=U5-2
Removed Pin From Net: NetName=NetR12_1 Pin=U5-3
Removed Pin From Net: NetName=NetR30_1 Pin=U5-5
Removed Pin From Net: NetName=+15V Pin=U5-7
Added Pin To Net: NetName=+15V Pin=C12-2
Added Pin To Net: NetName=GND Pin=C17-1
Added Pin To Net: NetName=-15V Pin=C17-2
Added Pin To Net: NetName=NetC24_1 Pin=U4-1
Added Pin To Net: NetName=NetR24_2 Pin=U4-2
Added Pin To Net: NetName=-15V Pin=U4-4
Added Pin To Net: NetName=NetR6_2 Pin=U4-6
Added Pin To Net: NetName=NetC7_1 Pin=U4-7
Added Pin To Net: NetName=NetR30_1 Pin=U5-3
Added Pin To Net: NetName=NetR12_1 Pin=U5-5
Added Pin To Net: NetName=NetR4_1 Pin=U5-6
Added Pin To Net: NetName=NetC11_1 Pin=U5-7
Added Pin To Net: NetName=NetC28_1 Pin=C28-1
Added Pin To Net: NetName=NetC28_1 Pin=R29-1
Added Pin To Net: NetName=NetC28_1 Pin=U5-1
Added Net: Name=NetC28_1
Added Pin To Net: NetName=NetR29_2 Pin=R29-2
Added Pin To Net: NetName=NetR29_2 Pin=R35-1
Added Pin To Net: NetName=NetR29_2 Pin=U5-2
Added Net: Name=NetR29_2
