Removed Pin From Net: NetName=NetC1_1 Pin=U3-1
Removed Pin From Net: NetName=NetR1_1 Pin=U3-2
Removed Pin From Net: NetName=NetR4_1 Pin=U3-3
Removed Pin From Net: NetName=-15V Pin=U3-4
Removed Pin From Net: NetName=NetC10_1 Pin=U3-5
Removed Pin From Net: NetName=NetR22_2 Pin=U3-6
Removed Pin From Net: NetName=NetC11_1 Pin=U3-7
Removed Pin From Net: NetName=+15V Pin=U3-8
Removed Pin From Net: NetName=NetC2_1 Pin=U4-1
Removed Pin From Net: NetName=NetR8_1 Pin=U4-2
Removed Pin From Net: NetName=NetR12_1 Pin=U4-3
Removed Pin From Net: NetName=-15V Pin=U4-4
Removed Pin From Net: NetName=+15V Pin=U4-8
Added Component: Designator=U4(DIP8)
Added Pin To Net: NetName=NetC1_1 Pin=U3-1
Added Pin To Net: NetName=NetR1_1 Pin=U3-2
Added Pin To Net: NetName=NetR4_1 Pin=U3-3
Added Pin To Net: NetName=-15V Pin=U3-4
Added Pin To Net: NetName=NetC9_1 Pin=U3-5
Added Pin To Net: NetName=NetR17_2 Pin=U3-6
Added Pin To Net: NetName=NetC8_1 Pin=U3-7
Added Pin To Net: NetName=+15V Pin=U3-8
Added Pin To Net: NetName=NetC2_1 Pin=U4-1
Added Pin To Net: NetName=NetR8_1 Pin=U4-2
Added Pin To Net: NetName=NetR12_1 Pin=U4-3
Added Pin To Net: NetName=-15V Pin=U4-4
Added Pin To Net: NetName=NetC10_1 Pin=U3-5
Added Pin To Net: NetName=NetR22_2 Pin=U3-6
Added Pin To Net: NetName=NetC11_1 Pin=U3-7
Added Pin To Net: NetName=+15V Pin=U4-8
