Added Component: Designator=U1(ToneBoard)
Added Component: Designator=U2(ToneBoard)
Added Pin To Net: NetName=GND Pin=U1-1
Added Pin To Net: NetName=GND Pin=U1-2
Added Pin To Net: NetName=LOWS_R Pin=U1-3
Added Pin To Net: NetName=HIS_R Pin=U1-4
Added Pin To Net: NetName=MIDS_R Pin=U1-5
Added Pin To Net: NetName=+15V Pin=U1-6
Added Pin To Net: NetName=GND Pin=U1-7
Added Pin To Net: NetName=-15V Pin=U1-8
Added Pin To Net: NetName=GND Pin=U1-9
Added Pin To Net: NetName=IN_R Pin=U1-10
Added Pin To Net: NetName=GND Pin=U2-1
Added Pin To Net: NetName=GND Pin=U2-2
Added Pin To Net: NetName=NetU2_3 Pin=U2-3
Added Pin To Net: NetName=NetU2_4 Pin=U2-4
Added Pin To Net: NetName=NetU2_5 Pin=U2-5
Added Pin To Net: NetName=+15V Pin=U2-6
Added Pin To Net: NetName=GND Pin=U2-7
Added Pin To Net: NetName=-15V Pin=U2-8
Added Pin To Net: NetName=GND Pin=U2-9
Added Pin To Net: NetName=IN_L Pin=U2-10
