Added Component: Designator=C8(CP1/3.0)
Added Component: Designator=C9(CP1/3.0)
Added Component: Designator=C10(CP1/3.0)
Added Component: Designator=C11(CP1/3.0)
Added Component: Designator=R17(TRO_VACH_ 1/4W)
Added Component: Designator=R18(TRO_VACH_ 1/4W)
Added Component: Designator=R19(TRO_VACH_ 1/4W)
Added Component: Designator=R20(TRO_VACH_ 1/4W)
Added Component: Designator=R21(TRO_VACH_ 1/4W)
Added Component: Designator=R22(TRO_VACH_ 1/4W)
Added Component: Designator=R23(TRO_VACH_ 1/4W)
Added Component: Designator=R24(TRO_VACH_ 1/4W)
Added Pin To Net: NetName=GND Pin=R18-2
Added Pin To Net: NetName=GND Pin=R19-2
Added Pin To Net: NetName=GND Pin=R23-2
Added Pin To Net: NetName=GND Pin=R24-2
Added Pin To Net: NetName=NetC8_1 Pin=C8-1
Added Pin To Net: NetName=NetC8_1 Pin=R17-1
Added Pin To Net: NetName=NetC8_1 Pin=U3-7
Added Net: Name=NetC8_1
Added Pin To Net: NetName=NetC9_1 Pin=C9-1
Added Pin To Net: NetName=NetC9_1 Pin=R18-1
Added Pin To Net: NetName=NetC9_1 Pin=U3-5
Added Net: Name=NetC9_1
Added Pin To Net: NetName=NetC9_2 Pin=C9-2
Added Pin To Net: NetName=NetC9_2 Pin=R20-1
Added Net: Name=NetC9_2
Added Pin To Net: NetName=NetC10_1 Pin=C10-1
Added Pin To Net: NetName=NetC10_1 Pin=R23-1
Added Pin To Net: NetName=NetC10_1 Pin=U4-5
Added Net: Name=NetC10_1
Added Pin To Net: NetName=NetC10_2 Pin=C10-2
Added Pin To Net: NetName=NetC10_2 Pin=R21-1
Added Net: Name=NetC10_2
Added Pin To Net: NetName=NetC11_1 Pin=C11-1
Added Pin To Net: NetName=NetC11_1 Pin=R22-1
Added Pin To Net: NetName=NetC11_1 Pin=U4-7
Added Net: Name=NetC11_1
Added Pin To Net: NetName=NetHD_L_1 Pin=HD_L-1
Added Pin To Net: NetName=NetHD_L_1 Pin=R21-2
Added Net: Name=NetHD_L_1
Added Pin To Net: NetName=NetHD_R_1 Pin=HD_R-1
Added Pin To Net: NetName=NetHD_R_1 Pin=R20-2
Added Net: Name=NetHD_R_1
Added Pin To Net: NetName=NetR17_2 Pin=R17-2
Added Pin To Net: NetName=NetR17_2 Pin=R19-1
Added Pin To Net: NetName=NetR17_2 Pin=U3-6
Added Net: Name=NetR17_2
Added Pin To Net: NetName=NetR22_2 Pin=R22-2
Added Pin To Net: NetName=NetR22_2 Pin=R24-1
Added Pin To Net: NetName=NetR22_2 Pin=U4-6
Added Net: Name=NetR22_2
