Added Component: Designator=C1(CP1/3.0)
Added Component: Designator=C2(CP1/3.0)
Added Component: Designator=C3(CP1/3.0)
Added Component: Designator=C?(TU_GOM(104-->105pF))
Added Component: Designator=C?(TU_GOM(104-->105pF))
Added Component: Designator=R1(TRO_VACH_ 1/4W)
Added Component: Designator=R2(TRO_VACH_ 1/4W)
Added Component: Designator=R3(TRO_VACH_ 1/4W)
Added Component: Designator=R4(TRO_VACH_ 1/4W)
Added Component: Designator=R5(TRO_VACH_ 1/4W)
Added Component: Designator=R6(TRO_VACH_ 1/4W)
Added Component: Designator=R7(TRO_VACH_ 1/4W)
Added Component: Designator=R8(TRO_VACH_ 1/4W)
Added Component: Designator=R9(TRO_VACH_ 1/4W)
Added Component: Designator=R10(TRO_VACH_ 1/4W)
Added Component: Designator=R11(TRO_VACH_ 1/4W)
Added Component: Designator=R12(TRO_VACH_ 1/4W)
Added Component: Designator=R13(TRO_VACH_ 1/4W)
Added Component: Designator=R14(TRO_VACH_ 1/4W)
Added Component: Designator=R15(TRO_VACH_ 1/4W)
Added Component: Designator=R16(TRO_VACH_ 1/4W)
Added Component: Designator=U1(ToneBoard)
Added Component: Designator=U2(DIP8)
Added Component: Designator=U3(ToneBoard)
Added Component: Designator=U4(DIP8)
Added Component: Designator=VR1(9011)
Added Component: Designator=VR2(9011)
Added Component: Designator=VR3(9011)
Added Component: Designator=VR4(9011)
Added Pin To Net: NetName=+15V Pin=C2-1
Added Pin To Net: NetName=+15V Pin=C?-1
Added Pin To Net: NetName=+15V Pin=R11-1
Added Pin To Net: NetName=+15V Pin=U1-6
Added Pin To Net: NetName=+15V Pin=U3-6
Added Pin To Net: NetName=+15V Pin=U4-1
Added Pin To Net: NetName=+15V Pin=U4-8
Added Net: Name=+15V
Added Pin To Net: NetName=-15V Pin=C?-1
Added Pin To Net: NetName=-15V Pin=U1-8
Added Pin To Net: NetName=-15V Pin=U3-8
Added Pin To Net: NetName=-15V Pin=U4-4
Added Net: Name=-15V
Added Pin To Net: NetName=GND Pin=C?-2
Added Pin To Net: NetName=GND Pin=C?-2
Added Pin To Net: NetName=GND Pin=R2-1
Added Pin To Net: NetName=GND Pin=R5-1
Added Pin To Net: NetName=GND Pin=R6-1
Added Pin To Net: NetName=GND Pin=R9-1
Added Pin To Net: NetName=GND Pin=R10-1
Added Pin To Net: NetName=GND Pin=R13-1
Added Pin To Net: NetName=GND Pin=R14-1
Added Pin To Net: NetName=GND Pin=R16-1
Added Pin To Net: NetName=GND Pin=U1-1
Added Pin To Net: NetName=GND Pin=U1-1
Added Pin To Net: NetName=GND Pin=U1-2
Added Pin To Net: NetName=GND Pin=U1-2
Added Pin To Net: NetName=GND Pin=U1-7
Added Pin To Net: NetName=GND Pin=U1-9
Added Pin To Net: NetName=GND Pin=U3-1
Added Pin To Net: NetName=GND Pin=U3-1
Added Pin To Net: NetName=GND Pin=U3-2
Added Pin To Net: NetName=GND Pin=U3-2
Added Pin To Net: NetName=GND Pin=U3-7
Added Pin To Net: NetName=GND Pin=U3-9
Added Pin To Net: NetName=GND Pin=VR4-1
Added Net: Name=GND
Added Pin To Net: NetName=IN_L_PRE Pin=C3-1
Added Net: Name=IN_L_PRE
Added Pin To Net: NetName=IN_L Pin=U3-10
Added Pin To Net: NetName=IN_L Pin=VR4-2
Added Net: Name=IN_L
Added Pin To Net: NetName=IN_R Pin=U1-10
Added Net: Name=IN_R
Added Pin To Net: NetName=NetC1_1 Pin=C1-1
Added Pin To Net: NetName=NetC1_1 Pin=R3-1
Added Pin To Net: NetName=NetC1_1 Pin=U2-7
Added Net: Name=NetC1_1
Added Pin To Net: NetName=NetC3_2 Pin=C3-2
Added Pin To Net: NetName=NetC3_2 Pin=VR4-3
Added Net: Name=NetC3_2
Added Pin To Net: NetName=NetR1_1 Pin=R1-1
Added Pin To Net: NetName=NetR1_1 Pin=R3-2
Added Pin To Net: NetName=NetR1_1 Pin=R7-1
Added Pin To Net: NetName=NetR1_1 Pin=U2-6
Added Net: Name=NetR1_1
Added Pin To Net: NetName=NetR1_2 Pin=R1-2
Added Pin To Net: NetName=NetR1_2 Pin=VR1-2
Added Net: Name=NetR1_2
Added Pin To Net: NetName=NetR2_2 Pin=R2-2
Added Pin To Net: NetName=NetR2_2 Pin=VR1-1
Added Net: Name=NetR2_2
Added Pin To Net: NetName=NetR4_1 Pin=R4-1
Added Pin To Net: NetName=NetR4_1 Pin=R6-2
Added Pin To Net: NetName=NetR4_1 Pin=U2-5
Added Net: Name=NetR4_1
Added Pin To Net: NetName=NetR4_2 Pin=R4-2
Added Pin To Net: NetName=NetR4_2 Pin=VR2-2
Added Net: Name=NetR4_2
Added Pin To Net: NetName=NetR5_2 Pin=R5-2
Added Pin To Net: NetName=NetR5_2 Pin=VR2-1
Added Net: Name=NetR5_2
Added Pin To Net: NetName=NetR7_2 Pin=R7-2
Added Pin To Net: NetName=NetR7_2 Pin=VR3-2
Added Net: Name=NetR7_2
Added Pin To Net: NetName=NetR8_1 Pin=R8-1
Added Pin To Net: NetName=NetR8_1 Pin=R11-2
Added Pin To Net: NetName=NetR8_1 Pin=R15-1
Added Pin To Net: NetName=NetR8_1 Pin=U4-2
Added Net: Name=NetR8_1
Added Pin To Net: NetName=NetR8_2 Pin=R8-2
Added Pin To Net: NetName=NetR8_2 Pin=VR1-5
Added Net: Name=NetR8_2
Added Pin To Net: NetName=NetR9_2 Pin=R9-2
Added Pin To Net: NetName=NetR9_2 Pin=VR3-1
Added Net: Name=NetR9_2
Added Pin To Net: NetName=NetR10_2 Pin=R10-2
Added Pin To Net: NetName=NetR10_2 Pin=VR1-4
Added Net: Name=NetR10_2
Added Pin To Net: NetName=NetR12_1 Pin=R12-1
Added Pin To Net: NetName=NetR12_1 Pin=R14-2
Added Pin To Net: NetName=NetR12_1 Pin=U4-3
Added Net: Name=NetR12_1
Added Pin To Net: NetName=NetR12_2 Pin=R12-2
Added Pin To Net: NetName=NetR12_2 Pin=VR2-5
Added Net: Name=NetR12_2
Added Pin To Net: NetName=NetR13_2 Pin=R13-2
Added Pin To Net: NetName=NetR13_2 Pin=VR2-4
Added Net: Name=NetR13_2
Added Pin To Net: NetName=NetR15_2 Pin=R15-2
Added Pin To Net: NetName=NetR15_2 Pin=VR3-5
Added Net: Name=NetR15_2
Added Pin To Net: NetName=NetR16_2 Pin=R16-2
Added Pin To Net: NetName=NetR16_2 Pin=VR3-4
Added Net: Name=NetR16_2
Added Pin To Net: NetName=NetU1_3 Pin=U1-3
Added Pin To Net: NetName=NetU1_3 Pin=U1-3
Added Pin To Net: NetName=NetU1_3 Pin=VR1-3
Added Net: Name=NetU1_3
Added Pin To Net: NetName=NetU1_4 Pin=U1-4
Added Pin To Net: NetName=NetU1_4 Pin=VR3-3
Added Net: Name=NetU1_4
Added Pin To Net: NetName=NetU1_5 Pin=U1-5
Added Pin To Net: NetName=NetU1_5 Pin=VR2-3
Added Net: Name=NetU1_5
Added Pin To Net: NetName=NetU3_3 Pin=U3-3
Added Pin To Net: NetName=NetU3_3 Pin=U3-3
Added Pin To Net: NetName=NetU3_3 Pin=VR1-6
Added Net: Name=NetU3_3
Added Pin To Net: NetName=NetU3_4 Pin=U3-4
Added Pin To Net: NetName=NetU3_4 Pin=VR3-6
Added Net: Name=NetU3_4
Added Pin To Net: NetName=NetU3_5 Pin=U3-5
Added Pin To Net: NetName=NetU3_5 Pin=VR2-6
Added Net: Name=NetU3_5
Added Pin To Net: NetName=OUT_L Pin=C1-2
Added Pin To Net: NetName=OUT_L Pin=C2-2
Added Net: Name=OUT_L
