>>> Warning 203 "C:\Users\quangnt\Desktop\new\scan_key.c" Line 342(1,1): Condition always TRUE
>>> Warning 201 "C:\Users\quangnt\Desktop\new\uart_tool.c" Line 81(1,1): Assignment inside relational expression
>>> Warning 214 "C:\Users\quangnt\Desktop\new\mcr.c" Line 67(1,1): Operator precedance rules may not be as intended, use () to clarify
>>> Warning 214 "C:\Users\quangnt\Desktop\new\mcr.c" Line 67(1,1): Operator precedance rules may not be as intended, use () to clarify
>>> Warning 214 "C:\Users\quangnt\Desktop\new\mcr.c" Line 67(1,1): Operator precedance rules may not be as intended, use () to clarify
>>> Warning 214 "C:\Users\quangnt\Desktop\new\mcr.c" Line 67(1,1): Operator precedance rules may not be as intended, use () to clarify
>>> Warning 214 "C:\Users\quangnt\Desktop\new\mcr.c" Line 67(1,1): Operator precedance rules may not be as intended, use () to clarify
>>> Warning 214 "C:\Users\quangnt\Desktop\new\mcr.c" Line 73(1,1): Operator precedance rules may not be as intended, use () to clarify
>>> Warning 214 "C:\Users\quangnt\Desktop\new\mcr.c" Line 73(1,1): Operator precedance rules may not be as intended, use () to clarify
>>> Warning 214 "C:\Users\quangnt\Desktop\new\mcr.c" Line 73(1,1): Operator precedance rules may not be as intended, use () to clarify
>>> Warning 214 "C:\Users\quangnt\Desktop\new\mcr.c" Line 73(1,1): Operator precedance rules may not be as intended, use () to clarify
>>> Warning 214 "C:\Users\quangnt\Desktop\new\mcr.c" Line 73(1,1): Operator precedance rules may not be as intended, use () to clarify
>>> Warning 214 "C:\Users\quangnt\Desktop\new\mcr.c" Line 84(1,1): Operator precedance rules may not be as intended, use () to clarify
>>> Warning 214 "C:\Users\quangnt\Desktop\new\mcr.c" Line 84(1,1): Operator precedance rules may not be as intended, use () to clarify
>>> Warning 214 "C:\Users\quangnt\Desktop\new\mcr.c" Line 84(1,1): Operator precedance rules may not be as intended, use () to clarify
>>> Warning 214 "C:\Users\quangnt\Desktop\new\mcr.c" Line 90(1,1): Operator precedance rules may not be as intended, use () to clarify
>>> Warning 214 "C:\Users\quangnt\Desktop\new\mcr.c" Line 90(1,1): Operator precedance rules may not be as intended, use () to clarify
>>> Warning 214 "C:\Users\quangnt\Desktop\new\mcr.c" Line 90(1,1): Operator precedance rules may not be as intended, use () to clarify
>>> Warning 203 "main.c" Line 615(1,1): Condition always TRUE
>>> Warning 216 "main.c" Line 640(0,1): Interrupts disabled during call to prevent re-entrancy:  (write_ext_eeprom)
>>> Warning 216 "main.c" Line 640(0,1): Interrupts disabled during call to prevent re-entrancy:  (EEPROM_read)
>>> Warning 216 "main.c" Line 640(0,1): Interrupts disabled during call to prevent re-entrancy:  (read_DS1307)
>>> Warning 216 "main.c" Line 640(0,1): Interrupts disabled during call to prevent re-entrancy:  (@I2C_WRITE_1)
>>> Warning 216 "main.c" Line 640(0,1): Interrupts disabled during call to prevent re-entrancy:  (read_ext_eeprom)
>>> Warning 216 "main.c" Line 640(0,1): Interrupts disabled during call to prevent re-entrancy:  (@PUTCHAR_2_)
>>> Warning 216 "main.c" Line 640(0,1): Interrupts disabled during call to prevent re-entrancy:  (@DIV88)
>>> Warning 216 "main.c" Line 640(0,1): Interrupts disabled during call to prevent re-entrancy:  (stringcomp)
>>> Warning 216 "main.c" Line 640(0,1): Interrupts disabled during call to prevent re-entrancy:  (get_countcard)
>>> Warning 216 "main.c" Line 640(0,1): Interrupts disabled during call to prevent re-entrancy:  (@MUL1616)
>>> Warning 216 "main.c" Line 640(0,1): Interrupts disabled during call to prevent re-entrancy:  (I2CEEPROM_read)
>>> Warning 216 "main.c" Line 640(0,1): Interrupts disabled during call to prevent re-entrancy:  (@PSTRINGC_81)
>>> Warning 216 "main.c" Line 640(0,1): Interrupts disabled during call to prevent re-entrancy:  (format_eepromext)
>>> Warning 216 "main.c" Line 640(0,1): Interrupts disabled during call to prevent re-entrancy:  (ease_eeprom)
>>> Warning 216 "main.c" Line 640(0,1): Interrupts disabled during call to prevent re-entrancy:  (@PSTRINGCN_81)
>>> Warning 216 "main.c" Line 640(0,1): Interrupts disabled during call to prevent re-entrancy:  (@PRINTF_D_81)
>>> Warning 216 "main.c" Line 640(0,1): Interrupts disabled during call to prevent re-entrancy:  (@delay_ms1)
>>> Warning 216 "main.c" Line 640(0,1): Interrupts disabled during call to prevent re-entrancy:  (@PSTRINGC_9600_31766_31767)
>>> Warning 202 "C:\Users\quangnt\Desktop\new\scan_key.c" Line 46(6,21): Variable never used:   count_strobe_kb
>>> Warning 202 "C:\Users\quangnt\Desktop\new\scan_key.c" Line 257(6,14): Variable never used:   KB_count
>>> Warning 202 "C:\Users\quangnt\Desktop\new\scan_key.c" Line 260(16,30): Variable never used:   kbd_call_count
>>> Warning 202 "C:\Users\quangnt\Desktop\new\scan_key.c" Line 261(16,24): Variable never used:   kbd_down
>>> Warning 202 "C:\Users\quangnt\Desktop\new\scan_key.c" Line 262(16,24): Variable never used:   last_key
>>> Warning 202 "C:\Users\quangnt\Desktop\new\scan_key.c" Line 335(9,12): Variable never used:   col
>>> Warning 202 "C:\Users\quangnt\Desktop\new\mcr.c" Line 425(10,11): Variable never used:   i
>>> Warning 202 "main.c" Line 496(9,10): Variable never used:   i
      Memory usage:   ROM=53%      RAM=58% - 67%
      0 Errors,  45 Warnings.
Build Successful.
