>>> Warning 203 "E:\projects\magnertic proj\for chris\PIC18F26J11\firmware\2keyboard\newGSM -newkeypad\scan_key.c" Line 400(1,1): Condition always TRUE
>>> Warning 201 "E:\projects\magnertic proj\for chris\PIC18F26J11\firmware\2keyboard\newGSM -newkeypad\uart_tool.c" Line 81(1,1): Assignment inside relational expression
>>> Warning 214 "E:\projects\magnertic proj\for chris\PIC18F26J11\firmware\2keyboard\newGSM -newkeypad\mcr.c" Line 67(1,1): Operator precedance rules may not be as intended, use () to clarify
>>> Warning 214 "E:\projects\magnertic proj\for chris\PIC18F26J11\firmware\2keyboard\newGSM -newkeypad\mcr.c" Line 67(1,1): Operator precedance rules may not be as intended, use () to clarify
>>> Warning 214 "E:\projects\magnertic proj\for chris\PIC18F26J11\firmware\2keyboard\newGSM -newkeypad\mcr.c" Line 67(1,1): Operator precedance rules may not be as intended, use () to clarify
>>> Warning 214 "E:\projects\magnertic proj\for chris\PIC18F26J11\firmware\2keyboard\newGSM -newkeypad\mcr.c" Line 67(1,1): Operator precedance rules may not be as intended, use () to clarify
>>> Warning 214 "E:\projects\magnertic proj\for chris\PIC18F26J11\firmware\2keyboard\newGSM -newkeypad\mcr.c" Line 67(1,1): Operator precedance rules may not be as intended, use () to clarify
>>> Warning 214 "E:\projects\magnertic proj\for chris\PIC18F26J11\firmware\2keyboard\newGSM -newkeypad\mcr.c" Line 73(1,1): Operator precedance rules may not be as intended, use () to clarify
>>> Warning 214 "E:\projects\magnertic proj\for chris\PIC18F26J11\firmware\2keyboard\newGSM -newkeypad\mcr.c" Line 73(1,1): Operator precedance rules may not be as intended, use () to clarify
>>> Warning 214 "E:\projects\magnertic proj\for chris\PIC18F26J11\firmware\2keyboard\newGSM -newkeypad\mcr.c" Line 73(1,1): Operator precedance rules may not be as intended, use () to clarify
>>> Warning 214 "E:\projects\magnertic proj\for chris\PIC18F26J11\firmware\2keyboard\newGSM -newkeypad\mcr.c" Line 73(1,1): Operator precedance rules may not be as intended, use () to clarify
>>> Warning 214 "E:\projects\magnertic proj\for chris\PIC18F26J11\firmware\2keyboard\newGSM -newkeypad\mcr.c" Line 73(1,1): Operator precedance rules may not be as intended, use () to clarify
>>> Warning 214 "E:\projects\magnertic proj\for chris\PIC18F26J11\firmware\2keyboard\newGSM -newkeypad\mcr.c" Line 84(1,1): Operator precedance rules may not be as intended, use () to clarify
>>> Warning 214 "E:\projects\magnertic proj\for chris\PIC18F26J11\firmware\2keyboard\newGSM -newkeypad\mcr.c" Line 84(1,1): Operator precedance rules may not be as intended, use () to clarify
>>> Warning 214 "E:\projects\magnertic proj\for chris\PIC18F26J11\firmware\2keyboard\newGSM -newkeypad\mcr.c" Line 84(1,1): Operator precedance rules may not be as intended, use () to clarify
>>> Warning 214 "E:\projects\magnertic proj\for chris\PIC18F26J11\firmware\2keyboard\newGSM -newkeypad\mcr.c" Line 90(1,1): Operator precedance rules may not be as intended, use () to clarify
>>> Warning 214 "E:\projects\magnertic proj\for chris\PIC18F26J11\firmware\2keyboard\newGSM -newkeypad\mcr.c" Line 90(1,1): Operator precedance rules may not be as intended, use () to clarify
>>> Warning 214 "E:\projects\magnertic proj\for chris\PIC18F26J11\firmware\2keyboard\newGSM -newkeypad\mcr.c" Line 90(1,1): Operator precedance rules may not be as intended, use () to clarify
>>> Warning 203 "main.c" Line 303(1,1): Condition always TRUE
>>> Warning 216 "main.c" Line 1081(0,1): Interrupts disabled during call to prevent re-entrancy:  (read_ext_eeprom)
>>> Warning 216 "main.c" Line 1081(0,1): Interrupts disabled during call to prevent re-entrancy:  (write_ext_eeprom)
>>> Warning 216 "main.c" Line 1081(0,1): Interrupts disabled during call to prevent re-entrancy:  (read_DS1307)
>>> Warning 216 "main.c" Line 1081(0,1): Interrupts disabled during call to prevent re-entrancy:  (@I2C_WRITE_1)
>>> Warning 216 "main.c" Line 1081(0,1): Interrupts disabled during call to prevent re-entrancy:  (@PUTCHAR_2_)
>>> Warning 216 "main.c" Line 1081(0,1): Interrupts disabled during call to prevent re-entrancy:  (@DIV88)
>>> Warning 216 "main.c" Line 1081(0,1): Interrupts disabled during call to prevent re-entrancy:  (save_ptrcard)
>>> Warning 216 "main.c" Line 1081(0,1): Interrupts disabled during call to prevent re-entrancy:  (save_coutcard)
>>> Warning 216 "main.c" Line 1081(0,1): Interrupts disabled during call to prevent re-entrancy:  (get_countcard)
>>> Warning 216 "main.c" Line 1081(0,1): Interrupts disabled during call to prevent re-entrancy:  (@MUL1616)
>>> Warning 216 "main.c" Line 1081(0,1): Interrupts disabled during call to prevent re-entrancy:  (@PRINTF_LD_81)
>>> Warning 216 "main.c" Line 1081(0,1): Interrupts disabled during call to prevent re-entrancy:  (@PSTRINGC_81)
>>> Warning 216 "main.c" Line 1081(0,1): Interrupts disabled during call to prevent re-entrancy:  (@PSTRINGCN_81)
>>> Warning 216 "main.c" Line 1081(0,1): Interrupts disabled during call to prevent re-entrancy:  (@PRINTF_D_81)
>>> Warning 216 "main.c" Line 1081(0,1): Interrupts disabled during call to prevent re-entrancy:  (@delay_ms1)
>>> Warning 202 "E:\projects\magnertic proj\for chris\PIC18F26J11\firmware\2keyboard\newGSM -newkeypad\scan_key.c" Line 49(6,14): Variable never used:   delaykey
>>> Warning 202 "E:\projects\magnertic proj\for chris\PIC18F26J11\firmware\2keyboard\newGSM -newkeypad\scan_key.c" Line 52(6,21): Variable never used:   count_strobe_kb
>>> Warning 202 "E:\projects\magnertic proj\for chris\PIC18F26J11\firmware\2keyboard\newGSM -newkeypad\scan_key.c" Line 313(6,14): Variable never used:   KB_count
>>> Warning 202 "E:\projects\magnertic proj\for chris\PIC18F26J11\firmware\2keyboard\newGSM -newkeypad\scan_key.c" Line 316(16,30): Variable never used:   kbd_call_count
>>> Warning 202 "E:\projects\magnertic proj\for chris\PIC18F26J11\firmware\2keyboard\newGSM -newkeypad\scan_key.c" Line 317(16,24): Variable never used:   kbd_down
>>> Warning 202 "E:\projects\magnertic proj\for chris\PIC18F26J11\firmware\2keyboard\newGSM -newkeypad\scan_key.c" Line 318(16,24): Variable never used:   last_key
>>> Warning 202 "E:\projects\magnertic proj\for chris\PIC18F26J11\firmware\2keyboard\newGSM -newkeypad\scan_key.c" Line 393(9,12): Variable never used:   col
>>> Warning 202 "E:\projects\magnertic proj\for chris\PIC18F26J11\firmware\2keyboard\newGSM -newkeypad\GSM.c" Line 31(6,13): Variable never used:   sim_bug
>>> Warning 202 "E:\projects\magnertic proj\for chris\PIC18F26J11\firmware\2keyboard\newGSM -newkeypad\GSM.c" Line 32(15,26): Variable never used:   msg_buffer1
>>> Warning 202 "E:\projects\magnertic proj\for chris\PIC18F26J11\firmware\2keyboard\newGSM -newkeypad\GSM.c" Line 33(15,26): Variable never used:   msg_buffer2
>>> Warning 202 "E:\projects\magnertic proj\for chris\PIC18F26J11\firmware\2keyboard\newGSM -newkeypad\GSM.c" Line 39(18,32): Variable never used:   MSG_sending_st
>>> Warning 202 "E:\projects\magnertic proj\for chris\PIC18F26J11\firmware\2keyboard\newGSM -newkeypad\GSM.c" Line 41(6,18): Variable never used:   auto_sending
>>> Warning 202 "E:\projects\magnertic proj\for chris\PIC18F26J11\firmware\2keyboard\newGSM -newkeypad\GSM.c" Line 42(6,17): Variable never used:   send_oneMSG
>>> Warning 202 "E:\projects\magnertic proj\for chris\PIC18F26J11\firmware\2keyboard\newGSM -newkeypad\GSM.c" Line 43(6,18): Variable never used:   SIM_reply_st
>>> Warning 202 "E:\projects\magnertic proj\for chris\PIC18F26J11\firmware\2keyboard\newGSM -newkeypad\GSM.c" Line 44(6,18): Variable never used:   checking_sim
>>> Warning 202 "E:\projects\magnertic proj\for chris\PIC18F26J11\firmware\2keyboard\newGSM -newkeypad\GSM.c" Line 45(7,21): Variable never used:   count_checking
>>> Warning 202 "E:\projects\magnertic proj\for chris\PIC18F26J11\firmware\2keyboard\newGSM -newkeypad\GSM.c" Line 515(9,13): Variable never used:   temp
>>> Warning 202 "E:\projects\magnertic proj\for chris\PIC18F26J11\firmware\2keyboard\newGSM -newkeypad\mcr.c" Line 425(10,11): Variable never used:   i
>>> Warning 202 "main.c" Line 159(9,10): Variable never used:   i
>>> Warning 202 "main.c" Line 159(11,15): Variable never used:   temp
>>> Warning 202 "main.c" Line 159(16,26): Variable never used:   count_char
>>> Warning 202 "main.c" Line 160(17,25): Variable never used:   num_card
>>> Warning 202 "main.c" Line 160(26,31): Variable never used:   cards
>>> Warning 202 "main.c" Line 160(32,38): Variable never used:   countc
>>> Warning 202 "main.c" Line 160(39,49): Variable never used:   count_dwla
>>> Warning 202 "main.c" Line 161(17,24): Variable never used:   lastlen
>>> Warning 202 "main.c" Line 162(10,13): Variable never used:   len
>>> Warning 202 "main.c" Line 162(16,24): Variable never used:   addr_dat
>>> Warning 202 "main.c" Line 163(9,13): Variable never used:   strl
>>> Warning 202 "main.c" Line 163(14,15): Variable never used:   j
>>> Warning 202 "main.c" Line 164(10,16): Variable never used:   string
>>> Warning 202 "main.c" Line 164(20,27): Variable never used:   buftemp
>>> Warning 202 "main.c" Line 164(33,41): Variable never used:   buftemp2
      Memory usage:   ROM=45%      RAM=71% - 76%
      0 Errors,  67 Warnings.
Build Successful.
