Removed Pin From Net: NetName=VCC_RELAY Pin=P8-1
Removed Pin From Net: NetName=VCC_RELAY Pin=P8-2
Removed Pin From Net: NetName=GND Pin=P8-3
Removed Pin From Net: NetName=BUTTON1 Pin=P8-5
Removed Pin From Net: NetName=P0.12 Pin=P8-7
Removed Pin From Net: NetName=GND Pin=P8-8
Removed Pin From Net: NetName=CURRENT_SIGNAL1 Pin=P9-1
Removed Pin From Net: NetName=VOFFSET_CURRENT Pin=P9-2
Removed Pin From Net: NetName=CURRENT_SIGNAL2 Pin=P9-3
Removed Pin From Net: NetName=GND Pin=P9-4
Removed Pin From Net: NetName=CURRENT_SIGNAL3 Pin=P9-5
Removed Pin From Net: NetName=VOFFSET_VOL Pin=P9-6
Removed Pin From Net: NetName=P0.31 Pin=P9-7
Removed Pin From Net: NetName=GND Pin=P9-8
Change Component DesignItemId : Designator=P8 Old DesignItemId=Header 4X2 New DesignItemId=Header 3X2
Change Component DesignItemId : Designator=P9 Old DesignItemId=Header 4X2 New DesignItemId=Header 3X2
Change Component Footprint: Designator=P8 Old Footprint=HDR2X4 New Footprint=HDR2X3
Change Component Footprint: Designator=P9 Old Footprint=HDR2X4 New Footprint=HDR2X3
Change Component Comment : Designator=P8 Old Comment=Header 4X2 New Comment=Header 3X2
Change Component Comment : Designator=P9 Old Comment=Header 4X2 New Comment=Header 3X2
Added Component: Designator=SW1(Switch-PB-6.2x6.3mm-SMD)
Added Pin To Net: NetName=GND Pin=C5-1
Added Pin To Net: NetName=BUTTON1 Pin=C5-2
Added Pin To Net: NetName=P0.31 Pin=P8-1
Added Pin To Net: NetName=GND Pin=P8-2
Added Pin To Net: NetName=VCC_RELAY Pin=P8-3
Added Pin To Net: NetName=VOFFSET_VOL Pin=P8-5
Added Pin To Net: NetName=GND Pin=P9-2
Added Pin To Net: NetName=CURRENT_SIGNAL2 Pin=P9-4
Added Pin To Net: NetName=P0.12 Pin=P9-5
Added Pin To Net: NetName=CURRENT_SIGNAL1 Pin=P9-6
Added Pin To Net: NetName=GND Pin=SW1-1
Added Pin To Net: NetName=GND Pin=SW1-1
Added Pin To Net: NetName=BUTTON1 Pin=SW1-2
Added Pin To Net: NetName=BUTTON1 Pin=SW1-2
Added Pin To Net: NetName=3.3V Pin=P9-3
Added Net: Name=3.3V
Added Pin To Net: NetName=VREF Pin=P9-1
Added Net: Name=VREF
Added Member To Class: ClassName=Aptomat_buttons_and_leds Member=Component C5 221
Added Member To Class: ClassName=Aptomat_buttons_and_leds Member=Component SW1 PB SW
Added Room: Name=Aptomat_buttons_and_leds
Added Room: Name=Aptomat_Radio
