Added Component: Designator=C1(TU_GOM(104-->105pF))
Added Component: Designator=C2(TU_GOM(104-->105pF))
Added Component: Designator=C3(TU_GOM(104-->105pF))
Added Component: Designator=C4(CP1/3.0)
Added Component: Designator=C5(TU_GOM(104-->105pF))
Added Component: Designator=C6(TU_GOM(104-->105pF))
Added Component: Designator=C7(TU_GOM(104-->105pF))
Added Component: Designator=C8(TU_GOM(104-->105pF))
Added Component: Designator=C9(TU_GOM(104-->105pF))
Added Component: Designator=C10(TU_GOM(104-->105pF))
Added Component: Designator=C11(CP1/3.0)
Added Component: Designator=C12(TU_GOM(104-->105pF))
Added Component: Designator=C13(TU_GOM(104-->105pF))
Added Component: Designator=C14(TU_GOM(104-->105pF))
Added Component: Designator=C15(TU_GOM(104-->105pF))
Added Component: Designator=C16(TU_GOM(104-->105pF))
Added Component: Designator=C17(TU_GOM(104-->105pF))
Added Component: Designator=R1(TRO_VACH_ 1/4W)
Added Component: Designator=R2(TRO_VACH_ 1/4W)
Added Component: Designator=R3(TRO_VACH_ 1/4W)
Added Component: Designator=R4(TRO_VACH_ 1/4W)
Added Component: Designator=R5(TRO_VACH_ 1/4W)
Added Component: Designator=R6(TRO_VACH_ 1/4W)
Added Component: Designator=R7(TRO_VACH_ 1/4W)
Added Component: Designator=R8(TRO_VACH_ 1/4W)
Added Component: Designator=R9(TRO_VACH_ 1/4W)
Added Component: Designator=R10(TRO_VACH_ 1/4W)
Added Component: Designator=R11(TRO_VACH_ 1/4W)
Added Component: Designator=R12(TRO_VACH_ 1/4W)
Added Component: Designator=R13(TRO_VACH_ 1/4W)
Added Component: Designator=R14(TRO_VACH_ 1/4W)
Added Component: Designator=R15(TRO_VACH_ 1/4W)
Added Component: Designator=R16(TRO_VACH_ 1/4W)
Added Component: Designator=R17(TRO_VACH_ 1/4W)
Added Component: Designator=R18(TRO_VACH_ 1/4W)
Added Component: Designator=U1(DIP8)
Added Component: Designator=U2(DIP8)
Added Component: Designator=U3(DIP8)
Added Component: Designator=VR1(VR2-B)
Added Component: Designator=VR2(VR2-B)
Added Component: Designator=VR3(VR2-B)
Added Pin To Net: NetName=+15V Pin=C3-2
Added Pin To Net: NetName=+15V Pin=C6-2
Added Pin To Net: NetName=+15V Pin=C9-2
Added Pin To Net: NetName=+15V Pin=C11-1
Added Pin To Net: NetName=+15V Pin=C13-2
Added Pin To Net: NetName=+15V Pin=R11-1
Added Pin To Net: NetName=+15V Pin=U1-4
Added Pin To Net: NetName=+15V Pin=U1-8
Added Pin To Net: NetName=+15V Pin=U2-1
Added Pin To Net: NetName=+15V Pin=U2-8
Added Pin To Net: NetName=+15V Pin=U3-8
Added Net: Name=+15V
Added Pin To Net: NetName=-15V Pin=C12-2
Added Pin To Net: NetName=-15V Pin=C17-2
Added Pin To Net: NetName=-15V Pin=U2-4
Added Pin To Net: NetName=-15V Pin=U3-4
Added Net: Name=-15V
Added Pin To Net: NetName=GND Pin=C2-1
Added Pin To Net: NetName=GND Pin=C3-1
Added Pin To Net: NetName=GND Pin=C6-1
Added Pin To Net: NetName=GND Pin=C9-1
Added Pin To Net: NetName=GND Pin=C10-2
Added Pin To Net: NetName=GND Pin=C12-1
Added Pin To Net: NetName=GND Pin=C13-1
Added Pin To Net: NetName=GND Pin=C17-1
Added Pin To Net: NetName=GND Pin=R5-1
Added Pin To Net: NetName=GND Pin=R13-1
Added Pin To Net: NetName=GND Pin=R14-1
Added Pin To Net: NetName=GND Pin=R16-1
Added Pin To Net: NetName=GND Pin=R18-1
Added Pin To Net: NetName=GND Pin=U1-3
Added Pin To Net: NetName=GND Pin=U1-5
Added Pin To Net: NetName=GND Pin=U2-5
Added Pin To Net: NetName=GND Pin=U3-3
Added Net: Name=GND
Added Pin To Net: NetName=IN_L Pin=C4-1
Added Net: Name=IN_L
Added Pin To Net: NetName=NetC1_1 Pin=C1-1
Added Pin To Net: NetName=NetC1_1 Pin=R3-2
Added Pin To Net: NetName=NetC1_1 Pin=U1-6
Added Net: Name=NetC1_1
Added Pin To Net: NetName=NetC1_2 Pin=C1-2
Added Pin To Net: NetName=NetC1_2 Pin=R2-2
Added Pin To Net: NetName=NetC1_2 Pin=U1-7
Added Pin To Net: NetName=NetC1_2 Pin=VR1-1
Added Net: Name=NetC1_2
Added Pin To Net: NetName=NetC2_2 Pin=C2-2
Added Pin To Net: NetName=NetC2_2 Pin=R1-2
Added Pin To Net: NetName=NetC2_2 Pin=R2-1
Added Pin To Net: NetName=NetC2_2 Pin=R3-1
Added Net: Name=NetC2_2
Added Pin To Net: NetName=NetC4_2 Pin=C4-2
Added Pin To Net: NetName=NetC4_2 Pin=R6-1
Added Net: Name=NetC4_2
Added Pin To Net: NetName=NetC5_1 Pin=C5-1
Added Pin To Net: NetName=NetC5_1 Pin=R9-2
Added Pin To Net: NetName=NetC5_1 Pin=U2-7
Added Pin To Net: NetName=NetC5_1 Pin=VR2-1
Added Net: Name=NetC5_1
Added Pin To Net: NetName=NetC5_2 Pin=C5-2
Added Pin To Net: NetName=NetC5_2 Pin=C8-2
Added Pin To Net: NetName=NetC5_2 Pin=R8-1
Added Pin To Net: NetName=NetC5_2 Pin=R10-2
Added Net: Name=NetC5_2
Added Pin To Net: NetName=NetC7_1 Pin=C7-1
Added Pin To Net: NetName=NetC7_1 Pin=C14-2
Added Pin To Net: NetName=NetC7_1 Pin=R1-1
Added Pin To Net: NetName=NetC7_1 Pin=R7-2
Added Pin To Net: NetName=NetC7_1 Pin=U1-1
Added Net: Name=NetC7_1
Added Pin To Net: NetName=NetC7_2 Pin=C7-2
Added Pin To Net: NetName=NetC7_2 Pin=R8-2
Added Net: Name=NetC7_2
Added Pin To Net: NetName=NetC8_1 Pin=C8-1
Added Pin To Net: NetName=NetC8_1 Pin=R9-1
Added Pin To Net: NetName=NetC8_1 Pin=U2-6
Added Net: Name=NetC8_1
Added Pin To Net: NetName=NetC10_1 Pin=C10-1
Added Pin To Net: NetName=NetC10_1 Pin=R10-1
Added Net: Name=NetC10_1
Added Pin To Net: NetName=NetC14_1 Pin=C14-1
Added Pin To Net: NetName=NetC14_1 Pin=C15-2
Added Pin To Net: NetName=NetC14_1 Pin=C16-2
Added Pin To Net: NetName=NetC14_1 Pin=R16-2
Added Net: Name=NetC14_1
Added Pin To Net: NetName=NetC15_1 Pin=C15-1
Added Pin To Net: NetName=NetC15_1 Pin=R15-2
Added Pin To Net: NetName=NetC15_1 Pin=U3-1
Added Pin To Net: NetName=NetC15_1 Pin=VR3-1
Added Net: Name=NetC15_1
Added Pin To Net: NetName=NetC16_1 Pin=C16-1
Added Pin To Net: NetName=NetC16_1 Pin=R15-1
Added Pin To Net: NetName=NetC16_1 Pin=U3-2
Added Net: Name=NetC16_1
Added Pin To Net: NetName=NetR4_1 Pin=R4-1
Added Pin To Net: NetName=NetR4_1 Pin=R11-2
Added Pin To Net: NetName=NetR4_1 Pin=R17-1
Added Pin To Net: NetName=NetR4_1 Pin=U2-2
Added Net: Name=NetR4_1
Added Pin To Net: NetName=NetR4_2 Pin=R4-2
Added Pin To Net: NetName=NetR4_2 Pin=VR1-2
Added Net: Name=NetR4_2
Added Pin To Net: NetName=NetR5_2 Pin=R5-2
Added Pin To Net: NetName=NetR5_2 Pin=VR1-3
Added Net: Name=NetR5_2
Added Pin To Net: NetName=NetR6_2 Pin=R6-2
Added Pin To Net: NetName=NetR6_2 Pin=R7-1
Added Pin To Net: NetName=NetR6_2 Pin=U1-2
Added Net: Name=NetR6_2
Added Pin To Net: NetName=NetR12_1 Pin=R12-1
Added Pin To Net: NetName=NetR12_1 Pin=R14-2
Added Pin To Net: NetName=NetR12_1 Pin=U2-3
Added Net: Name=NetR12_1
Added Pin To Net: NetName=NetR12_2 Pin=R12-2
Added Pin To Net: NetName=NetR12_2 Pin=VR2-2
Added Net: Name=NetR12_2
Added Pin To Net: NetName=NetR13_2 Pin=R13-2
Added Pin To Net: NetName=NetR13_2 Pin=VR2-3
Added Net: Name=NetR13_2
Added Pin To Net: NetName=NetR17_2 Pin=R17-2
Added Pin To Net: NetName=NetR17_2 Pin=VR3-2
Added Net: Name=NetR17_2
Added Pin To Net: NetName=NetR18_2 Pin=R18-2
Added Pin To Net: NetName=NetR18_2 Pin=VR3-3
Added Net: Name=NetR18_2
Added Pin To Net: NetName=OUT_L Pin=C11-2
Added Net: Name=OUT_L
Added Class: Name=Tone_board
Added Room: Name=Tone_board
