
ROM used:   1700 (42%)
            1700 (42%) including unused fragments

            3 Average locations per line
            17 Average locations per statement

RAM used:   51 (20%) at main() level
            79 (31%) worst case

Stack used: 3/31 worst case (2 in main + 1 for interrupts)

Lines Stmts  %   Files
----- ----- ---  -----
  171    99 100  main.c
    6     0   0  main.h
  343     0   0  C:\Program Files (x86)\PICC\devices\18F1220.h
----- -----
  520    99 Total

Page ROM  %  RAM   Vol Diff  Functions:
---- --- --- ---   --- ----  ----------
0     48   1   1   158  3.5  TIMER0_isr
0    148   4  15   277  6.0  get_sample
0    142   4  13             @DIV3232
0     92   3   8   254  5.5  get_refer
0    668  20  11  2774  8.8  MAIN
0     88   3   0             @const99
0     32   1   3             @PSTRINGCN_9600_31753_31756
0     40   1   3             @DIV88
0    108   3   2             @PRINTF_U_9600_31753_31756
0    164   5   9             @PRINTF_LU_9600_31753_31756
 Inline        0             @cinit1

Program metrics:
    Functions               4
    Statements              99
    Comments                106
    Volume (V)              4131
    Difficulty (D)          23.0
    Effort to implement (E) 95006
    Time to implement (T)   1 hours, 28 minutes
    Est Delivered Bugs (B)  1
    Cyclomatic Complexity   13
    Maintainability (MI)    132

 Segment     Used  Free
-----------  ----  ----
00000-00002     4  0  
00004-00006     0  4  
00008-000AC   166  0  
000AE-00FFE  1530  2392  



