Added Component: Designator=R1(0805_HV)
Added Component: Designator=R2(0805_HV)
Added Component: Designator=R3(0805_HV)
Added Component: Designator=R4(0805_HV)
Added Component: Designator=U1(SOIC-18_300MIL)
Added Pin To Net: NetName=NetC1_1 Pin=LED1-1
Added Pin To Net: NetName=NetC1_1 Pin=LED2-1
Added Pin To Net: NetName=NetC1_1 Pin=LED3-1
Added Pin To Net: NetName=NetC1_1 Pin=LED4-2
Added Pin To Net: NetName=NetC1_1 Pin=RL1-5
Added Pin To Net: NetName=NetC1_1 Pin=RL2-5
Added Pin To Net: NetName=NetC1_1 Pin=RL3-5
Added Pin To Net: NetName=NetC1_1 Pin=RL4-5
Added Pin To Net: NetName=GND Pin=U1-9
Added Pin To Net: NetName=NetC1_1 Pin=U1-10
Change Net Name : Old Net Name=NetC1_1 New Net Name=VCC
Added Pin To Net: NetName=LED1 Pin=R1-1
Added Pin To Net: NetName=LED1 Pin=U1-11
Added Net: Name=LED1
Added Pin To Net: NetName=LED2 Pin=R2-1
Added Pin To Net: NetName=LED2 Pin=U1-12
Added Net: Name=LED2
Added Pin To Net: NetName=LED3 Pin=R3-1
Added Pin To Net: NetName=LED3 Pin=U1-13
Added Net: Name=LED3
Added Pin To Net: NetName=LED4 Pin=R4-1
Added Pin To Net: NetName=LED4 Pin=U1-14
Added Net: Name=LED4
Added Pin To Net: NetName=NetLED1_2 Pin=LED1-2
Added Pin To Net: NetName=NetLED1_2 Pin=R1-2
Added Net: Name=NetLED1_2
Added Pin To Net: NetName=NetLED2_2 Pin=LED2-2
Added Pin To Net: NetName=NetLED2_2 Pin=R2-2
Added Net: Name=NetLED2_2
Added Pin To Net: NetName=NetLED3_2 Pin=LED3-2
Added Pin To Net: NetName=NetLED3_2 Pin=R3-2
Added Net: Name=NetLED3_2
Added Pin To Net: NetName=NetLED4_1 Pin=LED4-1
Added Pin To Net: NetName=NetLED4_1 Pin=R4-2
Added Net: Name=NetLED4_1
Added Pin To Net: NetName=NetU1_1 Pin=U1-1
Added Pin To Net: NetName=NetU1_1 Pin=U1-5
Added Net: Name=NetU1_1
Added Pin To Net: NetName=NetU1_2 Pin=U1-2
Added Pin To Net: NetName=NetU1_2 Pin=U1-6
Added Net: Name=NetU1_2
Added Pin To Net: NetName=NetU1_3 Pin=U1-3
Added Pin To Net: NetName=NetU1_3 Pin=U1-7
Added Net: Name=NetU1_3
Added Pin To Net: NetName=NetU1_4 Pin=U1-4
Added Pin To Net: NetName=NetU1_4 Pin=U1-8
Added Net: Name=NetU1_4
Added Pin To Net: NetName=RL1 Pin=RL1-4
Added Pin To Net: NetName=RL1 Pin=U1-15
Added Net: Name=RL1
Added Pin To Net: NetName=RL2 Pin=RL2-4
Added Pin To Net: NetName=RL2 Pin=U1-16
Added Net: Name=RL2
Added Pin To Net: NetName=RL3 Pin=RL3-4
Added Pin To Net: NetName=RL3 Pin=U1-17
Added Net: Name=RL3
Added Pin To Net: NetName=RL4 Pin=RL4-4
Added Pin To Net: NetName=RL4 Pin=U1-18
Added Net: Name=RL4
