Removed Pin From Net: NetName=S Pin=C7-1
Removed Pin From Net: NetName=GND Pin=C8-2
Removed Pin From Net: NetName=+VDC Pin=CON1-9
Removed Pin From Net: NetName=+VDC Pin=CON1-10
Removed Pin From Net: NetName=ACIN_N Pin=CON2-2
Removed Pin From Net: NetName=S Pin=U5-5
Removed Pin From Net: NetName=S Pin=U5-6
Removed Pin From Net: NetName=S Pin=U5-7
Removed Pin From Net: NetName=S Pin=U5-8
Removed Pin From Net: NetName=IN0 Pin=U8-1
Removed Pin From Net: NetName=CS Pin=U8-3
Removed Pin From Net: NetName=GND Pin=U8-4
Change Component DesignItemId : Designator=CON1 Old DesignItemId=CON 10 EDG 5.08_MH New DesignItemId=CON 2 EDG 5.08_MH
Change Component Footprint: Designator=CON1 Old Footprint=Con 10 EDG 5.08 New Footprint=CON 2 EDG 5.08
Change Component Comment : Designator=CON1 Old Comment=CON 10 EDG 5.08_MH New Comment=CON 2 EDG 5.08_MH
Change Component Designator: OldDesignator=UR? NewDesignator=UR1
Added Component: Designator=C1(CP3/7)
Added Component: Designator=CON2(Con 10 EDG 5.08)
Added Pin To Net: NetName=ACIN_N Pin=CON1-2
Change Net Name : Old Net Name=S New Net Name=NetC6_2
Added Pin To Net: NetName=NetCON1_1 Pin=CON1-1
Added Pin To Net: NetName=NetCON1_1 Pin=F1-1
Added Net: Name=NetCON1_1
Added Pin To Net: NetName=NetR17_1 Pin=R17-1
Added Pin To Net: NetName=NetR17_1 Pin=R18-2
Added Net: Name=NetR17_1
