Added Pin To Net: NetName=GND Pin=ESP1-GND
Added Pin To Net: NetName=GND Pin=ESP1-GND
Added Pin To Net: NetName=GND Pin=ESP1-GND
Added Pin To Net: NetName=GND Pin=ESP1-GND
Added Pin To Net: NetName=5V Pin=ESP1-VIN
Added Net: Name=5V
Added Pin To Net: NetName=RLC1 Pin=ESP1-D0
Added Pin To Net: NetName=RLC1 Pin=U1-4
Added Pin To Net: NetName=RLC1 Pin=U1-8
Added Net: Name=RLC1
Added Pin To Net: NetName=RLC2 Pin=ESP1-D1
Added Pin To Net: NetName=RLC2 Pin=U1-3
Added Pin To Net: NetName=RLC2 Pin=U1-7
Added Net: Name=RLC2
Added Pin To Net: NetName=RLC3 Pin=ESP1-D2
Added Pin To Net: NetName=RLC3 Pin=U1-2
Added Pin To Net: NetName=RLC3 Pin=U1-6
Added Net: Name=RLC3
Added Pin To Net: NetName=RLC4 Pin=ESP1-D3
Added Pin To Net: NetName=RLC4 Pin=U1-1
Added Pin To Net: NetName=RLC4 Pin=U1-5
Added Net: Name=RLC4
