Removed Pin From Net: NetName=GND Pin=C2-1
Removed Pin From Net: NetName=12V Pin=C2-2
Removed Pin From Net: NetName=GND Pin=C3-1
Removed Pin From Net: NetName=12V Pin=C3-2
Removed Pin From Net: NetName=LED_STR5 Pin=C4-1
Removed Pin From Net: NetName=LED_STR5 Pin=C5-1
Removed Pin From Net: NetName=GND Pin=C15-1
Removed Pin From Net: NetName=12V Pin=C15-2
Removed Pin From Net: NetName=GND Pin=C17-1
Removed Pin From Net: NetName=12V Pin=C17-2
Removed Pin From Net: NetName=LED_STR4 Pin=C18-1
Removed Pin From Net: NetName=LED_STR4 Pin=C19-1
Removed Pin From Net: NetName=GND Pin=C20-1
Removed Pin From Net: NetName=12V Pin=C20-2
Removed Pin From Net: NetName=GND Pin=C21-1
Removed Pin From Net: NetName=12V Pin=C21-2
Removed Pin From Net: NetName=LED_STR3 Pin=C22-1
Removed Pin From Net: NetName=LED_STR3 Pin=C23-1
Removed Pin From Net: NetName=GND Pin=C24-1
Removed Pin From Net: NetName=12V Pin=C24-2
Removed Pin From Net: NetName=GND Pin=C25-1
Removed Pin From Net: NetName=12V Pin=C25-2
Removed Pin From Net: NetName=LED_STR2 Pin=C26-1
Removed Pin From Net: NetName=LED_STR2 Pin=C27-1
Removed Pin From Net: NetName=GND Pin=C28-1
Removed Pin From Net: NetName=12V Pin=C28-2
Removed Pin From Net: NetName=CS Pin=CON1-1
Removed Pin From Net: NetName=12V Pin=D1-2
Removed Pin From Net: NetName=LED_STR5 Pin=D3-2
Removed Pin From Net: NetName=12V Pin=D4-2
Removed Pin From Net: NetName=LED_STR4 Pin=D6-2
Removed Pin From Net: NetName=12V Pin=D7-2
Removed Pin From Net: NetName=LED_STR3 Pin=D9-2
Removed Pin From Net: NetName=12V Pin=D10-2
Removed Pin From Net: NetName=LED_STR2 Pin=D12-2
Removed Pin From Net: NetName=CS Pin=D14-2
Removed Pin From Net: NetName=+VDC Pin=Q1-2
Removed Pin From Net: NetName=LED_STR5 Pin=Q1-3
Removed Pin From Net: NetName=LED_STR5 Pin=Q2-2
Removed Pin From Net: NetName=LED_STR4 Pin=Q2-3
Removed Pin From Net: NetName=LED_STR4 Pin=Q3-2
Removed Pin From Net: NetName=LED_STR3 Pin=Q3-3
Removed Pin From Net: NetName=LED_STR3 Pin=Q4-2
Removed Pin From Net: NetName=LED_STR2 Pin=Q4-3
Removed Pin From Net: NetName=LED_STR2 Pin=Q5-2
Removed Pin From Net: NetName=CS Pin=Q5-3
Removed Pin From Net: NetName=LED_STR5 Pin=R1-2
Removed Pin From Net: NetName=LED_STR4 Pin=R3-2
Removed Pin From Net: NetName=LED_STR3 Pin=R5-2
Removed Pin From Net: NetName=LED_STR2 Pin=R7-2
Removed Pin From Net: NetName=CS Pin=R9-2
Removed Pin From Net: NetName=GND Pin=Rcs1-1
Removed Pin From Net: NetName=CS Pin=Rcs1-2
Removed Pin From Net: NetName=12V Pin=U1-1
Removed Pin From Net: NetName=GND Pin=U1-4
Removed Pin From Net: NetName=LED_STR5 Pin=U1-6
Removed Pin From Net: NetName=12V Pin=U2-1
Removed Pin From Net: NetName=GND Pin=U2-4
Removed Pin From Net: NetName=12V Pin=U3-1
Removed Pin From Net: NetName=GND Pin=U3-4
Removed Pin From Net: NetName=12V Pin=U4-1
Removed Pin From Net: NetName=GND Pin=U4-4
Removed Pin From Net: NetName=12V Pin=U7-1
Removed Pin From Net: NetName=GND Pin=U7-3
Removed Pin From Net: NetName=12V Pin=U7-6
Removed Pin From Net: NetName=GND Pin=U7-8
Removed Member From Class: ClassName=waterpump Member=C2
Removed Member From Class: ClassName=waterpump Member=C3
Removed Member From Class: ClassName=waterpump Member=C4
Removed Member From Class: ClassName=waterpump Member=C5
Removed Member From Class: ClassName=waterpump Member=C15
Removed Member From Class: ClassName=waterpump Member=C17
Removed Member From Class: ClassName=waterpump Member=C18
Removed Member From Class: ClassName=waterpump Member=C19
Removed Member From Class: ClassName=waterpump Member=C20
Removed Member From Class: ClassName=waterpump Member=C21
Removed Member From Class: ClassName=waterpump Member=C22
Removed Member From Class: ClassName=waterpump Member=C23
Removed Member From Class: ClassName=waterpump Member=C24
Removed Member From Class: ClassName=waterpump Member=C25
Removed Member From Class: ClassName=waterpump Member=C26
Removed Member From Class: ClassName=waterpump Member=C27
Removed Member From Class: ClassName=waterpump Member=C28
Removed Member From Class: ClassName=waterpump Member=D1
Removed Member From Class: ClassName=waterpump Member=D2
Removed Member From Class: ClassName=waterpump Member=D3
Removed Member From Class: ClassName=waterpump Member=D4
Removed Member From Class: ClassName=waterpump Member=D5
Removed Member From Class: ClassName=waterpump Member=D6
Removed Member From Class: ClassName=waterpump Member=D7
Removed Member From Class: ClassName=waterpump Member=D8
Removed Member From Class: ClassName=waterpump Member=D9
Removed Member From Class: ClassName=waterpump Member=D10
Removed Member From Class: ClassName=waterpump Member=D11
Removed Member From Class: ClassName=waterpump Member=D12
Removed Member From Class: ClassName=waterpump Member=D13
Removed Member From Class: ClassName=waterpump Member=D14
Removed Member From Class: ClassName=waterpump Member=Q1
Removed Member From Class: ClassName=waterpump Member=Q2
Removed Member From Class: ClassName=waterpump Member=Q3
Removed Member From Class: ClassName=waterpump Member=Q4
Removed Member From Class: ClassName=waterpump Member=Q5
Removed Member From Class: ClassName=waterpump Member=R1
Removed Member From Class: ClassName=waterpump Member=R2
Removed Member From Class: ClassName=waterpump Member=R3
Removed Member From Class: ClassName=waterpump Member=R4
Removed Member From Class: ClassName=waterpump Member=R5
Removed Member From Class: ClassName=waterpump Member=R6
Removed Member From Class: ClassName=waterpump Member=R7
Removed Member From Class: ClassName=waterpump Member=R8
Removed Member From Class: ClassName=waterpump Member=R9
Removed Member From Class: ClassName=waterpump Member=R10
Removed Member From Class: ClassName=waterpump Member=Rcs1
Removed Member From Class: ClassName=waterpump Member=U1
Removed Member From Class: ClassName=waterpump Member=U2
Removed Member From Class: ClassName=waterpump Member=U3
Removed Member From Class: ClassName=waterpump Member=U4
Removed Member From Class: ClassName=waterpump Member=U7
Change Component Footprint: Designator=T1 Old Footprint=TRF_4 New Footprint=AS3010
Added Pin To Net: NetName=LED_STR1 Pin=CON1-1
Added Net: Name=LED_STR1
