Removed Pin From Net: NetName=EXT2.LVDS_3_N Pin=C11-2
Removed Pin From Net: NetName=EXT2.LVDS_3_P Pin=R1-1
Removed Pin From Net: NetName=EXT2.LVDS_7_P Pin=U3-2
Removed Pin From Net: NetName=EXT2.LVDS_7_N Pin=U3-3
Removed Pin From Net: NetName=SFP_0.TX_FAULT Pin=U3-4
Removed Pin From Net: NetName=EXT2.LVDS_3_P Pin=U3-35
Removed Pin From Net: NetName=EXT2.LVDS_2_P Pin=U3-43
Removed Pin From Net: NetName=EXT2.LVDS_2_N Pin=U3-44
Removed Pin From Net: NetName=EXT1.LVDS_6_P Pin=U3-45
Removed Pin From Net: NetName=EXT1.LVDS_6_N Pin=U3-46
Removed Pin From Net: NetName=EXT1.LVDS_5_P Pin=U3-47
Removed Pin From Net: NetName=EXT1.LVDS_5_N Pin=U3-51
Removed Pin From Net: NetName=EXT2.LVDS_4_P Pin=U3-52
Removed Pin From Net: NetName=EXT2.LVDS_4_N Pin=U3-53
Removed Pin From Net: NetName=EXT1.LVDS_1_P Pin=U3-54
Removed Pin From Net: NetName=EXT1.LVDS_1_N Pin=U3-55
Removed Pin From Net: NetName=EXT2.LVDS_5_N Pin=U3-60
Removed Pin From Net: NetName=EXT1.LVDS_3_P Pin=U3-61
Removed Pin From Net: NetName=EXT2.LVDS_6_N Pin=U3-64
Added Pin To Net: NetName=EXT4.LVDS_5_N Pin=C11-2
Added Pin To Net: NetName=EXT4.LVDS_5_P Pin=R1-1
Added Pin To Net: NetName=EXT4.LVDS_2_P Pin=U3-2
Added Pin To Net: NetName=EXT4.LVDS_2_N Pin=U3-3
Added Pin To Net: NetName=EXT4.LVDS_4_P Pin=U3-4
Added Pin To Net: NetName=EXT4.LVDS_5_P Pin=U3-35
Added Pin To Net: NetName=EXT4.LVDS_3_P Pin=U3-43
Added Pin To Net: NetName=EXT4.LVDS_3_N Pin=U3-44
Added Pin To Net: NetName=EXT4.LVDS_6_P Pin=U3-45
Added Pin To Net: NetName=EXT4.LVDS_6_N Pin=U3-46
Added Pin To Net: NetName=EXT4.LVDS_1_P Pin=U3-47
Added Pin To Net: NetName=EXT4.LVDS_1_N Pin=U3-51
Added Pin To Net: NetName=EXT4.LVDS_7_P Pin=U3-52
Added Pin To Net: NetName=EXT4.LVDS_7_N Pin=U3-53
Added Pin To Net: NetName=CLKREC_P Pin=U3-54
Added Pin To Net: NetName=CLKREC_N Pin=U3-55
Added Pin To Net: NetName=SFP_2.LED Pin=U3-60
Added Pin To Net: NetName=CK_FPGAIO_P Pin=U3-61
Added Pin To Net: NetName=EXT4.LVDS_0_N Pin=U3-64
Added Pin To Net: NetName=NetIC4_W19 Pin=IC4-W19
Added Net: Name=NetIC4_W19
